{
  "stats": {
    "suites": 1,
    "tests": 10,
    "passes": 10,
    "pending": 0,
    "failures": 0,
    "start": "2022-06-07T13:03:28.795Z",
    "end": "2022-06-07T13:03:44.648Z",
    "duration": 15853,
    "testsRegistered": 10,
    "passPercent": 100,
    "pendingPercent": 0,
    "other": 0,
    "hasOther": false,
    "skipped": 0,
    "hasSkipped": false
  },
  "results": [
    {
      "uuid": "008dcab1-0786-4183-8860-1afb82109cff",
      "title": "",
      "fullFile": "cypress/integration/PrometricTest.js",
      "file": "cypress/integration/PrometricTest.js",
      "beforeHooks": [],
      "afterHooks": [],
      "tests": [],
      "suites": [
        {
          "uuid": "50286c91-ccd4-480a-a134-ad6682e468d8",
          "title": "PrometricTestSuite",
          "fullFile": "",
          "file": "",
          "beforeHooks": [],
          "afterHooks": [],
          "tests": [
            {
              "title": "Verify Title Of the Page!",
              "fullTitle": "PrometricTestSuite Verify Title Of the Page!",
              "timedOut": null,
              "duration": 3155,
              "state": "passed",
              "speed": "fast",
              "pass": true,
              "fail": false,
              "pending": false,
              "context": null,
              "code": "cy.visit(Cypress.env('Prometricurl'));\ncy.title().should('eq', 'React App');",
              "err": {},
              "uuid": "2b8b1af8-1407-4804-a436-42afc7ab11d9",
              "parentUUID": "50286c91-ccd4-480a-a134-ad6682e468d8",
              "isHook": false,
              "skipped": false
            },
            {
              "title": "Verify Upon inserting valid url user navigate into welcome page",
              "fullTitle": "PrometricTestSuite Verify Upon inserting valid url user navigate into welcome page",
              "timedOut": null,
              "duration": 446,
              "state": "passed",
              "speed": "fast",
              "pass": true,
              "fail": false,
              "pending": false,
              "context": null,
              "code": "cy.visit(Cypress.env('Prometricurl'));\ncy.url().should('include', 'proproctor'); //cy.url().should('eq', 'https://sr-cx-registration-scheduling-ui-bil.nonprod.proproctor.prometric.com/')",
              "err": {},
              "uuid": "d1a9ba7a-c9f7-4ee2-927e-288c58f5cf9f",
              "parentUUID": "50286c91-ccd4-480a-a134-ad6682e468d8",
              "isHook": false,
              "skipped": false
            },
            {
              "title": "Verify welcome text on the page",
              "fullTitle": "PrometricTestSuite Verify welcome text on the page",
              "timedOut": null,
              "duration": 469,
              "state": "passed",
              "speed": "fast",
              "pass": true,
              "fail": false,
              "pending": false,
              "context": null,
              "code": "cy.visit(Cypress.env('Prometricurl'));\nprometric.getwelcomeText().contains('Welcome to Prometric’s secure portal.');",
              "err": {},
              "uuid": "4c35ef08-eaa5-4c65-8773-55278daba6a7",
              "parentUUID": "50286c91-ccd4-480a-a134-ad6682e468d8",
              "isHook": false,
              "skipped": false
            },
            {
              "title": "Verify proper URL is display upon navigate into another page",
              "fullTitle": "PrometricTestSuite Verify proper URL is display upon navigate into another page",
              "timedOut": null,
              "duration": 533,
              "state": "passed",
              "speed": "fast",
              "pass": true,
              "fail": false,
              "pending": false,
              "context": null,
              "code": "cy.visit(Cypress.env('Prometricurl'));\nprometric.getStartedButton().click();\ncy.url().should('include', 'getstarted'); //cy.url().should('eq', 'https://sr-cx-registration-scheduling-ui-bil.nonprod.proproctor.prometric.com/getstarted')",
              "err": {},
              "uuid": "4c308a1f-386e-4b26-a94b-a2315cd55510",
              "parentUUID": "50286c91-ccd4-480a-a134-ad6682e468d8",
              "isHook": false,
              "skipped": false
            },
            {
              "title": "Verify English is display as language option on welcome page",
              "fullTitle": "PrometricTestSuite Verify English is display as language option on welcome page",
              "timedOut": null,
              "duration": 521,
              "state": "passed",
              "speed": "fast",
              "pass": true,
              "fail": false,
              "pending": false,
              "context": null,
              "code": "cy.visit(Cypress.env('Prometricurl'));\nprometric.getLanguageDropDown().click();\nprometric.getLanguageDropDownBox().should('have.text', 'English');",
              "err": {},
              "uuid": "7364d7e7-d5f7-492c-bac4-37537aad13e5",
              "parentUUID": "50286c91-ccd4-480a-a134-ad6682e468d8",
              "isHook": false,
              "skipped": false
            },
            {
              "title": "Verify Upon inserting valid url user navigate into verify page",
              "fullTitle": "PrometricTestSuite Verify Upon inserting valid url user navigate into verify page",
              "timedOut": null,
              "duration": 812,
              "state": "passed",
              "speed": "fast",
              "pass": true,
              "fail": false,
              "pending": false,
              "context": null,
              "code": "const prometric = new _PrometricTest.default();\ncy.visit(Cypress.env('PrometricVerifyurl'));\ncy.url().should('include', 'verify'); //cy.url().should('eq', 'https://sr-cx-registration-scheduling-ui-bil.nonprod.proproctor.prometric.com/verify')",
              "err": {},
              "uuid": "90d0509e-05ac-41e1-b094-54ad89ad989c",
              "parentUUID": "50286c91-ccd4-480a-a134-ad6682e468d8",
              "isHook": false,
              "skipped": false
            },
            {
              "title": "Verify welcome text on the page",
              "fullTitle": "PrometricTestSuite Verify welcome text on the page",
              "timedOut": null,
              "duration": 486,
              "state": "passed",
              "speed": "fast",
              "pass": true,
              "fail": false,
              "pending": false,
              "context": null,
              "code": "const prometric = new _PrometricTest.default();\ncy.visit(Cypress.env('PrometricVerifyurl'));\nprometric.getVerifyWelcomeText().contains('Your full name must match what is on your government-issued ID.​');",
              "err": {},
              "uuid": "5bd19231-9b6c-4e5b-9c29-2442294f636d",
              "parentUUID": "50286c91-ccd4-480a-a134-ad6682e468d8",
              "isHook": false,
              "skipped": false
            },
            {
              "title": "Verify user check on check-box of I verify that this information matches my ID then navigate into mock page",
              "fullTitle": "PrometricTestSuite Verify user check on check-box of I verify that this information matches my ID then navigate into mock page",
              "timedOut": null,
              "duration": 4663,
              "state": "passed",
              "speed": "fast",
              "pass": true,
              "fail": false,
              "pending": false,
              "context": null,
              "code": "const prometric = new _PrometricTest.default();\ncy.visit(Cypress.env('PrometricVerifyurl'));\nprometric.getVerifyIdCheckbox().click();\ncy.wait(4000);\nprometric.getEnabledButton().click();\ncy.url().should('include', 'reserve-exam'); //cy.url().should('eq', 'https://sr-cx-registration-scheduling-ui-bil.nonprod.proproctor.prometric.com/reserve-exam')",
              "err": {},
              "uuid": "ec9118ab-7412-4b8c-9dd3-86fb65498a62",
              "parentUUID": "50286c91-ccd4-480a-a134-ad6682e468d8",
              "isHook": false,
              "skipped": false
            },
            {
              "title": "Verify user redirect into proper page when click on Make a Change Link",
              "fullTitle": "PrometricTestSuite Verify user redirect into proper page when click on Make a Change Link",
              "timedOut": null,
              "duration": 520,
              "state": "passed",
              "speed": "fast",
              "pass": true,
              "fail": false,
              "pending": false,
              "context": null,
              "code": "const prometric = new _PrometricTest.default();\ncy.visit(Cypress.env('PrometricVerifyurl'));\nprometric.getMakeAChangeLink().click();\nprometric.getModalHeader().contains('Please contact your test sponsor to update your personal information.');",
              "err": {},
              "uuid": "710b4dae-ef94-4170-80f7-6d8d71c08b5c",
              "parentUUID": "50286c91-ccd4-480a-a134-ad6682e468d8",
              "isHook": false,
              "skipped": false
            },
            {
              "title": "Verify English is display as language option on verify page",
              "fullTitle": "PrometricTestSuite Verify English is display as language option on verify page",
              "timedOut": null,
              "duration": 1548,
              "state": "passed",
              "speed": "fast",
              "pass": true,
              "fail": false,
              "pending": false,
              "context": null,
              "code": "cy.visit(Cypress.env('Prometricurl'));\nprometric.getLanguageDropDown().click();\nprometric.getLanguageDropDownBox().should('have.text', 'English');",
              "err": {},
              "uuid": "74804144-f9a0-4318-a5b2-5a6f01f080fe",
              "parentUUID": "50286c91-ccd4-480a-a134-ad6682e468d8",
              "isHook": false,
              "skipped": false
            }
          ],
          "suites": [],
          "passes": [
            "2b8b1af8-1407-4804-a436-42afc7ab11d9",
            "d1a9ba7a-c9f7-4ee2-927e-288c58f5cf9f",
            "4c35ef08-eaa5-4c65-8773-55278daba6a7",
            "4c308a1f-386e-4b26-a94b-a2315cd55510",
            "7364d7e7-d5f7-492c-bac4-37537aad13e5",
            "90d0509e-05ac-41e1-b094-54ad89ad989c",
            "5bd19231-9b6c-4e5b-9c29-2442294f636d",
            "ec9118ab-7412-4b8c-9dd3-86fb65498a62",
            "710b4dae-ef94-4170-80f7-6d8d71c08b5c",
            "74804144-f9a0-4318-a5b2-5a6f01f080fe"
          ],
          "failures": [],
          "pending": [],
          "skipped": [],
          "duration": 13153,
          "root": false,
          "rootEmpty": false,
          "_timeout": 2000
        }
      ],
      "passes": [],
      "failures": [],
      "pending": [],
      "skipped": [],
      "duration": 0,
      "root": true,
      "rootEmpty": true,
      "_timeout": 2000
    }
  ],
  "meta": {
    "mocha": {
      "version": "7.0.1"
    },
    "mochawesome": {
      "options": {
        "quiet": false,
        "reportFilename": "mochawesome",
        "saveHtml": true,
        "saveJson": true,
        "consoleReporter": "spec",
        "useInlineDiffs": false,
        "code": true
      },
      "version": "7.1.3"
    },
    "marge": {
      "options": {
        "reportDir": "cypress/reports",
        "reportFileName": "report",
        "overwrite": false,
        "html": true,
        "json": true,
        "charts": true
      },
      "version": "6.2.0"
    }
  }
}