{
  "stats": {
    "suites": 1,
    "tests": 1,
    "passes": 1,
    "pending": 0,
    "failures": 0,
    "start": "2022-06-07T11:50:53.179Z",
    "end": "2022-06-07T11:50:55.293Z",
    "duration": 2114,
    "testsRegistered": 1,
    "passPercent": 100,
    "pendingPercent": 0,
    "other": 0,
    "hasOther": false,
    "skipped": 0,
    "hasSkipped": false
  },
  "results": [
    {
      "uuid": "49820257-de58-4e84-9fe4-b161f96da5b8",
      "title": "",
      "fullFile": "cypress/integration/ApiTest.js",
      "file": "cypress/integration/ApiTest.js",
      "beforeHooks": [],
      "afterHooks": [],
      "tests": [],
      "suites": [
        {
          "uuid": "d157c679-230f-4256-a4aa-fb2b21d6514a",
          "title": "Api Test Suite",
          "fullFile": "",
          "file": "",
          "beforeHooks": [],
          "afterHooks": [],
          "tests": [
            {
              "title": "My Api Test case",
              "fullTitle": "Api Test Suite My Api Test case",
              "timedOut": null,
              "duration": 1185,
              "state": "passed",
              "speed": "fast",
              "pass": true,
              "fail": false,
              "pending": false,
              "context": null,
              "code": "cy.visit(Cypress.env('ApiTestURL'));\ncy.intercept({\n  method: 'GET',\n  url: Cypress.env('RSAPI')\n}, {\n  statusCode: 200,\n  body: [{\n    \"book_name\": \"RestAssured with Java\",\n    \"isbn\": \"RSU\",\n    \"aisle\": \"2301\"\n  }]\n}).as('bookretrievals');\napiTest.primaryButton().click();\ncy.wait('@bookretrievals').should(({\n  request,\n  response\n}) => {\n  cy.get('tr').should('have.length', response.body.length + 1);\n});\ncy.get('p').should('have.text', 'Oops only 1 Book available'); //length of the response array = rows of the table\n//#endregion ApiTest",
              "err": {},
              "uuid": "209c9e0e-296b-47c0-8b70-25030a3bf58f",
              "parentUUID": "d157c679-230f-4256-a4aa-fb2b21d6514a",
              "isHook": false,
              "skipped": false
            }
          ],
          "suites": [],
          "passes": [
            "209c9e0e-296b-47c0-8b70-25030a3bf58f"
          ],
          "failures": [],
          "pending": [],
          "skipped": [],
          "duration": 1185,
          "root": false,
          "rootEmpty": false,
          "_timeout": 2000
        }
      ],
      "passes": [],
      "failures": [],
      "pending": [],
      "skipped": [],
      "duration": 0,
      "root": true,
      "rootEmpty": true,
      "_timeout": 2000
    }
  ],
  "meta": {
    "mocha": {
      "version": "7.0.1"
    },
    "mochawesome": {
      "options": {
        "quiet": false,
        "reportFilename": "mochawesome",
        "saveHtml": true,
        "saveJson": true,
        "consoleReporter": "spec",
        "useInlineDiffs": false,
        "code": true
      },
      "version": "7.1.3"
    },
    "marge": {
      "options": {
        "reportDir": "cypress/reports",
        "reportFileName": "report",
        "overwrite": false,
        "html": true,
        "json": true,
        "charts": true
      },
      "version": "6.2.0"
    }
  }
}