{
  "stats": {
    "suites": 1,
    "tests": 1,
    "passes": 1,
    "pending": 0,
    "failures": 0,
    "start": "2022-06-07T13:02:28.315Z",
    "end": "2022-06-07T13:02:32.481Z",
    "duration": 4166,
    "testsRegistered": 1,
    "passPercent": 100,
    "pendingPercent": 0,
    "other": 0,
    "hasOther": false,
    "skipped": 0,
    "hasSkipped": false
  },
  "results": [
    {
      "uuid": "4218d28c-6d46-4581-9b00-2b029750f815",
      "title": "",
      "fullFile": "cypress/integration/ApiSecurityTest.js",
      "file": "cypress/integration/ApiSecurityTest.js",
      "beforeHooks": [],
      "afterHooks": [],
      "tests": [],
      "suites": [
        {
          "uuid": "57b0c1d2-c6e3-4652-8f43-7b2a94b15315",
          "title": "Api Security Test Suite",
          "fullFile": "",
          "file": "",
          "beforeHooks": [],
          "afterHooks": [],
          "tests": [
            {
              "title": "Api Security Test case",
              "fullTitle": "Api Security Test Suite Api Security Test case",
              "timedOut": null,
              "duration": 1337,
              "state": "passed",
              "speed": "fast",
              "pass": true,
              "fail": false,
              "pending": false,
              "context": null,
              "code": "cy.visit(Cypress.env('ApiTestURL'));\ncy.intercept('GET', 'https://rahulshettyacademy.com/Library/GetBook.php?AuthorName=shetty', req => {\n  req.url = \"https://rahulshettyacademy.com/Library/GetBook.php?AuthorName=malhotra\";\n  req.continue(res => {// expect(res.statusCode).to.equal(403)\n  });\n}).as(\"dummyUrl\");\ncy.get(\"button[class='btn btn-primary']\").click();\ncy.wait('@dummyUrl');",
              "err": {},
              "uuid": "28b76ce8-983b-42f8-9131-ca3d2672080a",
              "parentUUID": "57b0c1d2-c6e3-4652-8f43-7b2a94b15315",
              "isHook": false,
              "skipped": false
            }
          ],
          "suites": [],
          "passes": [
            "28b76ce8-983b-42f8-9131-ca3d2672080a"
          ],
          "failures": [],
          "pending": [],
          "skipped": [],
          "duration": 1337,
          "root": false,
          "rootEmpty": false,
          "_timeout": 2000
        }
      ],
      "passes": [],
      "failures": [],
      "pending": [],
      "skipped": [],
      "duration": 0,
      "root": true,
      "rootEmpty": true,
      "_timeout": 2000
    }
  ],
  "meta": {
    "mocha": {
      "version": "7.0.1"
    },
    "mochawesome": {
      "options": {
        "quiet": false,
        "reportFilename": "mochawesome",
        "saveHtml": true,
        "saveJson": true,
        "consoleReporter": "spec",
        "useInlineDiffs": false,
        "code": true
      },
      "version": "7.1.3"
    },
    "marge": {
      "options": {
        "reportDir": "cypress/reports",
        "reportFileName": "report",
        "overwrite": false,
        "html": true,
        "json": true,
        "charts": true
      },
      "version": "6.2.0"
    }
  }
}