{
  "stats": {
    "suites": 1,
    "tests": 10,
    "passes": 10,
    "pending": 0,
    "failures": 0,
    "start": "2022-06-07T11:51:30.003Z",
    "end": "2022-06-07T11:51:45.679Z",
    "duration": 15676,
    "testsRegistered": 10,
    "passPercent": 100,
    "pendingPercent": 0,
    "other": 0,
    "hasOther": false,
    "skipped": 0,
    "hasSkipped": false
  },
  "results": [
    {
      "uuid": "572cfa18-177b-41aa-82f1-f6ab6c43fb97",
      "title": "",
      "fullFile": "cypress/integration/PrometricTest.js",
      "file": "cypress/integration/PrometricTest.js",
      "beforeHooks": [],
      "afterHooks": [],
      "tests": [],
      "suites": [
        {
          "uuid": "a28a6231-35c1-4afe-b47c-90ccdc8529ed",
          "title": "PrometricTestSuite",
          "fullFile": "",
          "file": "",
          "beforeHooks": [],
          "afterHooks": [],
          "tests": [
            {
              "title": "Verify Title Of the Page!",
              "fullTitle": "PrometricTestSuite Verify Title Of the Page!",
              "timedOut": null,
              "duration": 3368,
              "state": "passed",
              "speed": "fast",
              "pass": true,
              "fail": false,
              "pending": false,
              "context": null,
              "code": "cy.visit(Cypress.env('Prometricurl'));\ncy.title().should('eq', 'React App');",
              "err": {},
              "uuid": "b1b748c8-86b6-40d4-8790-aa16e3dee26f",
              "parentUUID": "a28a6231-35c1-4afe-b47c-90ccdc8529ed",
              "isHook": false,
              "skipped": false
            },
            {
              "title": "Verify Upon inserting valid url user navigate into welcome page",
              "fullTitle": "PrometricTestSuite Verify Upon inserting valid url user navigate into welcome page",
              "timedOut": null,
              "duration": 431,
              "state": "passed",
              "speed": "fast",
              "pass": true,
              "fail": false,
              "pending": false,
              "context": null,
              "code": "cy.visit(Cypress.env('Prometricurl'));\ncy.url().should('include', 'proproctor'); //cy.url().should('eq', 'https://sr-cx-registration-scheduling-ui-bil.nonprod.proproctor.prometric.com/')",
              "err": {},
              "uuid": "0456c315-725d-4623-ae8a-698c658dba56",
              "parentUUID": "a28a6231-35c1-4afe-b47c-90ccdc8529ed",
              "isHook": false,
              "skipped": false
            },
            {
              "title": "Verify welcome text on the page",
              "fullTitle": "PrometricTestSuite Verify welcome text on the page",
              "timedOut": null,
              "duration": 382,
              "state": "passed",
              "speed": "fast",
              "pass": true,
              "fail": false,
              "pending": false,
              "context": null,
              "code": "cy.visit(Cypress.env('Prometricurl'));\nprometric.getwelcomeText().contains('Welcome to Prometric’s secure portal.');",
              "err": {},
              "uuid": "e3e7ba9a-456a-4c05-8b13-3bf6b3fa9e92",
              "parentUUID": "a28a6231-35c1-4afe-b47c-90ccdc8529ed",
              "isHook": false,
              "skipped": false
            },
            {
              "title": "Verify proper URL is display upon navigate into another page",
              "fullTitle": "PrometricTestSuite Verify proper URL is display upon navigate into another page",
              "timedOut": null,
              "duration": 483,
              "state": "passed",
              "speed": "fast",
              "pass": true,
              "fail": false,
              "pending": false,
              "context": null,
              "code": "cy.visit(Cypress.env('Prometricurl'));\nprometric.getStartedButton().click();\ncy.url().should('include', 'getstarted'); //cy.url().should('eq', 'https://sr-cx-registration-scheduling-ui-bil.nonprod.proproctor.prometric.com/getstarted')",
              "err": {},
              "uuid": "f0d22c4d-fc0b-4334-8e71-38679803da89",
              "parentUUID": "a28a6231-35c1-4afe-b47c-90ccdc8529ed",
              "isHook": false,
              "skipped": false
            },
            {
              "title": "Verify English is display as language option on welcome page",
              "fullTitle": "PrometricTestSuite Verify English is display as language option on welcome page",
              "timedOut": null,
              "duration": 468,
              "state": "passed",
              "speed": "fast",
              "pass": true,
              "fail": false,
              "pending": false,
              "context": null,
              "code": "cy.visit(Cypress.env('Prometricurl'));\nprometric.getLanguageDropDown().click();\nprometric.getLanguageDropDownBox().should('have.text', 'English');",
              "err": {},
              "uuid": "afca230b-e532-427e-bbb5-aa12579fc3d6",
              "parentUUID": "a28a6231-35c1-4afe-b47c-90ccdc8529ed",
              "isHook": false,
              "skipped": false
            },
            {
              "title": "Verify Upon inserting valid url user navigate into verify page",
              "fullTitle": "PrometricTestSuite Verify Upon inserting valid url user navigate into verify page",
              "timedOut": null,
              "duration": 694,
              "state": "passed",
              "speed": "fast",
              "pass": true,
              "fail": false,
              "pending": false,
              "context": null,
              "code": "const prometric = new _PrometricTest.default();\ncy.visit(Cypress.env('PrometricVerifyurl'));\ncy.url().should('include', 'verify'); //cy.url().should('eq', 'https://sr-cx-registration-scheduling-ui-bil.nonprod.proproctor.prometric.com/verify')",
              "err": {},
              "uuid": "4f176385-9dc0-4784-805c-18d023befdc2",
              "parentUUID": "a28a6231-35c1-4afe-b47c-90ccdc8529ed",
              "isHook": false,
              "skipped": false
            },
            {
              "title": "Verify welcome text on the page",
              "fullTitle": "PrometricTestSuite Verify welcome text on the page",
              "timedOut": null,
              "duration": 389,
              "state": "passed",
              "speed": "fast",
              "pass": true,
              "fail": false,
              "pending": false,
              "context": null,
              "code": "const prometric = new _PrometricTest.default();\ncy.visit(Cypress.env('PrometricVerifyurl'));\nprometric.getVerifyWelcomeText().contains('Your full name must match what is on your government-issued ID.​');",
              "err": {},
              "uuid": "5f1bdbd7-7fe3-4acc-9e00-3232abaec98b",
              "parentUUID": "a28a6231-35c1-4afe-b47c-90ccdc8529ed",
              "isHook": false,
              "skipped": false
            },
            {
              "title": "Verify user check on check-box of I verify that this information matches my ID then navigate into mock page",
              "fullTitle": "PrometricTestSuite Verify user check on check-box of I verify that this information matches my ID then navigate into mock page",
              "timedOut": null,
              "duration": 4595,
              "state": "passed",
              "speed": "fast",
              "pass": true,
              "fail": false,
              "pending": false,
              "context": null,
              "code": "const prometric = new _PrometricTest.default();\ncy.visit(Cypress.env('PrometricVerifyurl'));\nprometric.getVerifyIdCheckbox().click();\ncy.wait(4000);\nprometric.getEnabledButton().click();\ncy.url().should('include', 'reserve-exam'); //cy.url().should('eq', 'https://sr-cx-registration-scheduling-ui-bil.nonprod.proproctor.prometric.com/reserve-exam')",
              "err": {},
              "uuid": "0cf2a75e-2bf2-441d-86ee-26fe54e24bcd",
              "parentUUID": "a28a6231-35c1-4afe-b47c-90ccdc8529ed",
              "isHook": false,
              "skipped": false
            },
            {
              "title": "Verify user redirect into proper page when click on Make a Change Link",
              "fullTitle": "PrometricTestSuite Verify user redirect into proper page when click on Make a Change Link",
              "timedOut": null,
              "duration": 463,
              "state": "passed",
              "speed": "fast",
              "pass": true,
              "fail": false,
              "pending": false,
              "context": null,
              "code": "const prometric = new _PrometricTest.default();\ncy.visit(Cypress.env('PrometricVerifyurl'));\nprometric.getMakeAChangeLink().click();\nprometric.getModalHeader().contains('Please contact your test sponsor to update your personal information.');",
              "err": {},
              "uuid": "571ca6b0-12a3-4fc3-baf3-2e198a0fc3fa",
              "parentUUID": "a28a6231-35c1-4afe-b47c-90ccdc8529ed",
              "isHook": false,
              "skipped": false
            },
            {
              "title": "Verify English is display as language option on verify page",
              "fullTitle": "PrometricTestSuite Verify English is display as language option on verify page",
              "timedOut": null,
              "duration": 1298,
              "state": "passed",
              "speed": "fast",
              "pass": true,
              "fail": false,
              "pending": false,
              "context": null,
              "code": "cy.visit(Cypress.env('Prometricurl'));\nprometric.getLanguageDropDown().click();\nprometric.getLanguageDropDownBox().should('have.text', 'English');",
              "err": {},
              "uuid": "df1fd221-46bb-49da-a8e8-c7c5e4ab176b",
              "parentUUID": "a28a6231-35c1-4afe-b47c-90ccdc8529ed",
              "isHook": false,
              "skipped": false
            }
          ],
          "suites": [],
          "passes": [
            "b1b748c8-86b6-40d4-8790-aa16e3dee26f",
            "0456c315-725d-4623-ae8a-698c658dba56",
            "e3e7ba9a-456a-4c05-8b13-3bf6b3fa9e92",
            "f0d22c4d-fc0b-4334-8e71-38679803da89",
            "afca230b-e532-427e-bbb5-aa12579fc3d6",
            "4f176385-9dc0-4784-805c-18d023befdc2",
            "5f1bdbd7-7fe3-4acc-9e00-3232abaec98b",
            "0cf2a75e-2bf2-441d-86ee-26fe54e24bcd",
            "571ca6b0-12a3-4fc3-baf3-2e198a0fc3fa",
            "df1fd221-46bb-49da-a8e8-c7c5e4ab176b"
          ],
          "failures": [],
          "pending": [],
          "skipped": [],
          "duration": 12571,
          "root": false,
          "rootEmpty": false,
          "_timeout": 2000
        }
      ],
      "passes": [],
      "failures": [],
      "pending": [],
      "skipped": [],
      "duration": 0,
      "root": true,
      "rootEmpty": true,
      "_timeout": 2000
    }
  ],
  "meta": {
    "mocha": {
      "version": "7.0.1"
    },
    "mochawesome": {
      "options": {
        "quiet": false,
        "reportFilename": "mochawesome",
        "saveHtml": true,
        "saveJson": true,
        "consoleReporter": "spec",
        "useInlineDiffs": false,
        "code": true
      },
      "version": "7.1.3"
    },
    "marge": {
      "options": {
        "reportDir": "cypress/reports",
        "reportFileName": "report",
        "overwrite": false,
        "html": true,
        "json": true,
        "charts": true
      },
      "version": "6.2.0"
    }
  }
}