{
  "stats": {
    "suites": 1,
    "tests": 4,
    "passes": 4,
    "pending": 0,
    "failures": 0,
    "start": "2022-06-07T13:05:47.384Z",
    "end": "2022-06-07T13:06:09.288Z",
    "duration": 21904,
    "testsRegistered": 4,
    "passPercent": 100,
    "pendingPercent": 0,
    "other": 0,
    "hasOther": false,
    "skipped": 0,
    "hasSkipped": false
  },
  "results": [
    {
      "uuid": "aa51493c-9fd1-4512-85d2-19d430963120",
      "title": "",
      "fullFile": "cypress/integration/TestWebControlUI.js",
      "file": "cypress/integration/TestWebControlUI.js",
      "beforeHooks": [],
      "afterHooks": [],
      "tests": [],
      "suites": [
        {
          "uuid": "b5b043e8-6548-486e-81df-a005c7e82c5b",
          "title": "TestWebControlUI",
          "fullFile": "",
          "file": "",
          "beforeHooks": [],
          "afterHooks": [],
          "tests": [
            {
              "title": "Handling Web Control UI",
              "fullTitle": "TestWebControlUI Handling Web Control UI",
              "timedOut": null,
              "duration": 7930,
              "state": "passed",
              "speed": "medium",
              "pass": true,
              "fail": false,
              "pending": false,
              "context": null,
              "code": "//Check boxes\ncy.visit(Cypress.env('TestWebControlURL'));\nwebControl.getcheckBoxOption1().check().should('be.checked').and('have.value', 'option1');\nwebControl.getcheckBoxOption1().uncheck().should('not.be.checked');\nwebControl.getcheckBox().check(['option2', 'option3']); //Static Dropdown\nwebControl.getcheckBoxOption2().should('have.value', 'option2'); //Dynamic dropdowns\nwebControl.getAutoComplete().type('ind');\ncy.get('.ui-menu-item div').each(($e1, index, $list) => {\n  if ($e1.text() === \"India\") {\n    $e1.click();\n  }\n}); //autocomplete\nwebControl.getAutoComplete().should('have.value', 'India'); //visible invisible\nwebControl.getDisplayedTextBox().should('be.visible');\nwebControl.getHideTextBox().click();\nwebControl.getDisplayedTextBox().should('not.be.visible');\nwebControl.getshowTextBox().click();\nwebControl.getDisplayedTextBox().should('be.visible'); //radio buttons\nwebControl.getRadioButton().check().should('be.checked');",
              "err": {},
              "uuid": "65f924ed-fea7-4af9-aa93-8781bb99c00d",
              "parentUUID": "b5b043e8-6548-486e-81df-a005c7e82c5b",
              "isHook": false,
              "skipped": false
            },
            {
              "title": "Hadnling Alert & Child Tab",
              "fullTitle": "TestWebControlUI Hadnling Alert & Child Tab",
              "timedOut": null,
              "duration": 7159,
              "state": "passed",
              "speed": "medium",
              "pass": true,
              "fail": false,
              "pending": false,
              "context": null,
              "code": "//Check boxes\ncy.visit(Cypress.env('TestWebControlURL'));\nwebControl.getAlertButton().click();\nwebControl.getConfirmButton().click();\ncy.on('window:alert', str => {\n  //Mocha\n  expect(str).to.equal('Hello , share this practice page and share your knowledge');\n});\ncy.on('window:confirm', str => {\n  //Mocha\n  expect(str).to.equal('Hello , Are you sure you want to confirm?');\n});\nwebControl.getOpenTab().invoke('removeAttr', 'target').click();\ncy.url().should('include', 'rahulshettyacademy');\ncy.go('back');",
              "err": {},
              "uuid": "1daab56e-db48-49b4-8a60-b60c760bc46c",
              "parentUUID": "b5b043e8-6548-486e-81df-a005c7e82c5b",
              "isHook": false,
              "skipped": false
            },
            {
              "title": "Mouse Hover & Force Click",
              "fullTitle": "TestWebControlUI Mouse Hover & Force Click",
              "timedOut": null,
              "duration": 1879,
              "state": "passed",
              "speed": "fast",
              "pass": true,
              "fail": false,
              "pending": false,
              "context": null,
              "code": "cy.visit(Cypress.env('TestWebControlURL'));\nwebControl.getMouseHover().invoke('show');\ncy.contains('Top').click({\n  force: true\n});\ncy.url().should('include', 'top');",
              "err": {},
              "uuid": "c7d26967-1897-4e15-84ba-7f3d5318599c",
              "parentUUID": "b5b043e8-6548-486e-81df-a005c7e82c5b",
              "isHook": false,
              "skipped": false
            },
            {
              "title": "IFrameTest",
              "fullTitle": "TestWebControlUI IFrameTest",
              "timedOut": null,
              "duration": 3699,
              "state": "passed",
              "speed": "fast",
              "pass": true,
              "fail": false,
              "pending": false,
              "context": null,
              "code": "cy.visit(Cypress.env('TestWebControlURL'));\ncy.frameLoaded(\"#courses-iframe\");\ncy.iframe().find(\"a[href*='mentorship']\").eq(0).click(); //cy.iframe().find(\"h1[class*='pricing-title']\").should('have.length',2)",
              "err": {},
              "uuid": "6b5ba752-8a93-4c47-83a3-2873e8ca6552",
              "parentUUID": "b5b043e8-6548-486e-81df-a005c7e82c5b",
              "isHook": false,
              "skipped": false
            }
          ],
          "suites": [],
          "passes": [
            "65f924ed-fea7-4af9-aa93-8781bb99c00d",
            "1daab56e-db48-49b4-8a60-b60c760bc46c",
            "c7d26967-1897-4e15-84ba-7f3d5318599c",
            "6b5ba752-8a93-4c47-83a3-2873e8ca6552"
          ],
          "failures": [],
          "pending": [],
          "skipped": [],
          "duration": 20667,
          "root": false,
          "rootEmpty": false,
          "_timeout": 2000
        }
      ],
      "passes": [],
      "failures": [],
      "pending": [],
      "skipped": [],
      "duration": 0,
      "root": true,
      "rootEmpty": true,
      "_timeout": 2000
    }
  ],
  "meta": {
    "mocha": {
      "version": "7.0.1"
    },
    "mochawesome": {
      "options": {
        "quiet": false,
        "reportFilename": "mochawesome",
        "saveHtml": true,
        "saveJson": true,
        "consoleReporter": "spec",
        "useInlineDiffs": false,
        "code": true
      },
      "version": "7.1.3"
    },
    "marge": {
      "options": {
        "reportDir": "cypress/reports",
        "reportFileName": "report",
        "overwrite": false,
        "html": true,
        "json": true,
        "charts": true
      },
      "version": "6.2.0"
    }
  }
}