{
  "stats": {
    "suites": 1,
    "tests": 6,
    "passes": 6,
    "pending": 0,
    "failures": 0,
    "start": "2022-06-20T10:00:34.295Z",
    "end": "2022-06-20T10:01:04.124Z",
    "duration": 29829,
    "testsRegistered": 6,
    "passPercent": 100,
    "pendingPercent": 0,
    "other": 0,
    "hasOther": false,
    "skipped": 0,
    "hasSkipped": false
  },
  "results": [
    {
      "uuid": "ba5e059b-38a7-492a-ac3e-5e9b5a27fe6a",
      "title": "",
      "fullFile": "cypress/integration/CNATTApp.js",
      "file": "cypress/integration/CNATTApp.js",
      "beforeHooks": [],
      "afterHooks": [],
      "tests": [],
      "suites": [
        {
          "uuid": "1c34670c-c9d2-4c3b-8484-23fe19ff84d4",
          "title": "CNATTAppTestSuite",
          "fullFile": "",
          "file": "",
          "beforeHooks": [],
          "afterHooks": [],
          "tests": [
            {
              "title": "Verify User is able to navigate into location page with valid user",
              "fullTitle": "CNATTAppTestSuite Verify User is able to navigate into location page with valid user",
              "timedOut": null,
              "duration": 19580,
              "state": "passed",
              "speed": "slow",
              "pass": true,
              "fail": false,
              "pending": false,
              "context": null,
              "code": "cnatt.getWeatherEvent().click();\ncnatt.getrReschedule().click();\ncnatt.getNextButton().click();\ncy.url().should('include', 'location'); //cy.url().should('eq', 'https://sr-cx-cnatt-ui-dev.nonprod.proproctor.prometric.com/location')",
              "err": {},
              "uuid": "4605ad95-1737-4d4a-8308-abb7dbf0b761",
              "parentUUID": "1c34670c-c9d2-4c3b-8484-23fe19ff84d4",
              "isHook": false,
              "skipped": false
            },
            {
              "title": "Verify User is able to select location from option and navigate into impact dates page",
              "fullTitle": "CNATTAppTestSuite Verify User is able to select location from option and navigate into impact dates page",
              "timedOut": null,
              "duration": 4783,
              "state": "passed",
              "speed": "fast",
              "pass": true,
              "fail": false,
              "pending": false,
              "context": null,
              "code": "cnatt.getLocationTextBox();\ncnatt.getLocationAutoSuggestion().click();\ncnatt.getLocationNextButton().click();\ncy.url().should('include', 'impact-dates'); //cy.url().should('eq', 'https://sr-cx-cnatt-ui-dev.nonprod.proproctor.prometric.com/impact-dates')",
              "err": {},
              "uuid": "ba3bc79b-9b23-4f8c-bf46-9d0c4344b1df",
              "parentUUID": "1c34670c-c9d2-4c3b-8484-23fe19ff84d4",
              "isHook": false,
              "skipped": false
            },
            {
              "title": "Verify after select cancellation & reschedule date range user able to navigate into create-csv page",
              "fullTitle": "CNATTAppTestSuite Verify after select cancellation & reschedule date range user able to navigate into create-csv page",
              "timedOut": null,
              "duration": 464,
              "state": "passed",
              "speed": "fast",
              "pass": true,
              "fail": false,
              "pending": false,
              "context": null,
              "code": "cnatt.getDisplacementCalendarTextBox().click({\n  force: true\n});\ncnatt.getRescheduleStartDate().click({\n  force: true\n});\ncnatt.getRescheduleEndDate().click({\n  force: true\n});\ncnatt.getOutside();\ncnatt.getScrollDown();\ncnatt.getImpactDatesNextButton().click();\ncnatt.getCreateCSVHeader().contains('Prometric-Initiated Displacement Form');",
              "err": {},
              "uuid": "eed3c57a-5fb6-4a17-ac2b-7cc9fb32d478",
              "parentUUID": "1c34670c-c9d2-4c3b-8484-23fe19ff84d4",
              "isHook": false,
              "skipped": false
            },
            {
              "title": "Verify after select proper option on create csv page user is able to navigate into csv preview page",
              "fullTitle": "CNATTAppTestSuite Verify after select proper option on create csv page user is able to navigate into csv preview page",
              "timedOut": null,
              "duration": 1746,
              "state": "passed",
              "speed": "fast",
              "pass": true,
              "fail": false,
              "pending": false,
              "context": null,
              "code": "cnatt.getScrollDown();\ncnatt.getCreateCSVNextButton().click();\ncnatt.getCSVPreviewHeader().contains('Please review CSV: ');",
              "err": {},
              "uuid": "49bc4436-ed7c-4332-aefd-e479c5a42048",
              "parentUUID": "1c34670c-c9d2-4c3b-8484-23fe19ff84d4",
              "isHook": false,
              "skipped": false
            },
            {
              "title": "Verify User is able to navigate into Download csv page",
              "fullTitle": "CNATTAppTestSuite Verify User is able to navigate into Download csv page",
              "timedOut": null,
              "duration": 478,
              "state": "passed",
              "speed": "fast",
              "pass": true,
              "fail": false,
              "pending": false,
              "context": null,
              "code": "cnatt.getScrollDown();\ncnatt.getCSVPreviewNextButton().click();\ncnatt.getDownloadCSVHeader().contains('Your .csv file is ready to download');",
              "err": {},
              "uuid": "fcb8045a-e14b-44c3-a279-c13e1e259d70",
              "parentUUID": "1c34670c-c9d2-4c3b-8484-23fe19ff84d4",
              "isHook": false,
              "skipped": false
            },
            {
              "title": "Verify file is downloaded successfully",
              "fullTitle": "CNATTAppTestSuite Verify file is downloaded successfully",
              "timedOut": null,
              "duration": 111,
              "state": "passed",
              "speed": "fast",
              "pass": true,
              "fail": false,
              "pending": false,
              "context": null,
              "code": "cnatt.getScrollDown();\ncnatt.getDownloadCSVButton().click();\ncy.readFile(Cypress.config(\"fileServerFolder\") + \"/cypress/downloads/06.28.2022_Boston, MA_weather_reschedule.csv\");",
              "err": {},
              "uuid": "694bf660-cf08-4019-9063-ac0dd0b681ec",
              "parentUUID": "1c34670c-c9d2-4c3b-8484-23fe19ff84d4",
              "isHook": false,
              "skipped": false
            }
          ],
          "suites": [],
          "passes": [
            "4605ad95-1737-4d4a-8308-abb7dbf0b761",
            "ba3bc79b-9b23-4f8c-bf46-9d0c4344b1df",
            "eed3c57a-5fb6-4a17-ac2b-7cc9fb32d478",
            "49bc4436-ed7c-4332-aefd-e479c5a42048",
            "fcb8045a-e14b-44c3-a279-c13e1e259d70",
            "694bf660-cf08-4019-9063-ac0dd0b681ec"
          ],
          "failures": [],
          "pending": [],
          "skipped": [],
          "duration": 27162,
          "root": false,
          "rootEmpty": false,
          "_timeout": 2000
        }
      ],
      "passes": [],
      "failures": [],
      "pending": [],
      "skipped": [],
      "duration": 0,
      "root": true,
      "rootEmpty": true,
      "_timeout": 2000
    }
  ],
  "meta": {
    "mocha": {
      "version": "7.0.1"
    },
    "mochawesome": {
      "options": {
        "quiet": false,
        "reportFilename": "mochawesome",
        "saveHtml": true,
        "saveJson": true,
        "consoleReporter": "spec",
        "useInlineDiffs": false,
        "code": true
      },
      "version": "7.1.3"
    },
    "marge": {
      "options": {
        "reportDir": "cypress/reports",
        "reportFileName": "report",
        "overwrite": false,
        "html": true,
        "json": true,
        "charts": true,
        "reportPageTitle": "My Test Suite",
        "embeddedScreenshots": true
      },
      "version": "6.2.0"
    }
  }
}