{
  "stats": {
    "suites": 1,
    "tests": 6,
    "passes": 6,
    "pending": 0,
    "failures": 0,
    "start": "2022-06-07T13:02:50.692Z",
    "end": "2022-06-07T13:03:18.179Z",
    "duration": 27487,
    "testsRegistered": 6,
    "passPercent": 100,
    "pendingPercent": 0,
    "other": 0,
    "hasOther": false,
    "skipped": 0,
    "hasSkipped": false
  },
  "results": [
    {
      "uuid": "65e34a1e-6a82-49c5-9712-0bf7242cc209",
      "title": "",
      "fullFile": "cypress/integration/CNATTApp.js",
      "file": "cypress/integration/CNATTApp.js",
      "beforeHooks": [],
      "afterHooks": [],
      "tests": [],
      "suites": [
        {
          "uuid": "864c5e2c-a177-447c-8347-61debcb45862",
          "title": "CNATTAppTestSuite",
          "fullFile": "",
          "file": "",
          "beforeHooks": [],
          "afterHooks": [],
          "tests": [
            {
              "title": "Verify User is able to navigate into location page with valid user",
              "fullTitle": "CNATTAppTestSuite Verify User is able to navigate into location page with valid user",
              "timedOut": null,
              "duration": 14560,
              "state": "passed",
              "speed": "slow",
              "pass": true,
              "fail": false,
              "pending": false,
              "context": null,
              "code": "cnatt.getWeatherEvent().click();\ncnatt.getrReschedule().click();\ncnatt.getNextButton().click();\ncy.url().should('include', 'location'); //cy.url().should('eq', 'https://sr-cx-cnatt-ui-dev.nonprod.proproctor.prometric.com/location')",
              "err": {},
              "uuid": "2cce29b1-b27b-4e91-abdb-0b17c52510f6",
              "parentUUID": "864c5e2c-a177-447c-8347-61debcb45862",
              "isHook": false,
              "skipped": false
            },
            {
              "title": "Verify User is able to select location from option and navigate into impact dates page",
              "fullTitle": "CNATTAppTestSuite Verify User is able to select location from option and navigate into impact dates page",
              "timedOut": null,
              "duration": 5988,
              "state": "passed",
              "speed": "medium",
              "pass": true,
              "fail": false,
              "pending": false,
              "context": null,
              "code": "cnatt.getLocationTextBox();\ncnatt.getLocationAutoSuggestion().click();\ncnatt.getLocationNextButton().click();\ncy.url().should('include', 'impact-dates'); //cy.url().should('eq', 'https://sr-cx-cnatt-ui-dev.nonprod.proproctor.prometric.com/impact-dates')",
              "err": {},
              "uuid": "a1184f75-356f-4324-9bcd-9b97a332d8db",
              "parentUUID": "864c5e2c-a177-447c-8347-61debcb45862",
              "isHook": false,
              "skipped": false
            },
            {
              "title": "Verify after select cancellation & reschedule date range user able to navigate into create-csv page",
              "fullTitle": "CNATTAppTestSuite Verify after select cancellation & reschedule date range user able to navigate into create-csv page",
              "timedOut": null,
              "duration": 447,
              "state": "passed",
              "speed": "fast",
              "pass": true,
              "fail": false,
              "pending": false,
              "context": null,
              "code": "cnatt.getDisplacementCalendarTextBox().click({\n  force: true\n});\ncnatt.getRescheduleStartDate().click({\n  force: true\n});\ncnatt.getRescheduleEndDate().click({\n  force: true\n});\ncnatt.getOutside();\ncnatt.getScrollDown();\ncnatt.getImpactDatesNextButton().click();\ncnatt.getCreateCSVHeader().contains('Prometric-Initiated Displacement Form');",
              "err": {},
              "uuid": "fdc867c4-49a9-4990-a379-6e6db20623d4",
              "parentUUID": "864c5e2c-a177-447c-8347-61debcb45862",
              "isHook": false,
              "skipped": false
            },
            {
              "title": "Verify after select proper option on create csv page user is able to navigate into csv preview page",
              "fullTitle": "CNATTAppTestSuite Verify after select proper option on create csv page user is able to navigate into csv preview page",
              "timedOut": null,
              "duration": 1520,
              "state": "passed",
              "speed": "fast",
              "pass": true,
              "fail": false,
              "pending": false,
              "context": null,
              "code": "cnatt.getScrollDown();\ncnatt.getCreateCSVNextButton().click();\ncnatt.getCSVPreviewHeader().contains('Please review CSV: ');",
              "err": {},
              "uuid": "dc81770c-2259-478e-b63f-2519dc0ab5ba",
              "parentUUID": "864c5e2c-a177-447c-8347-61debcb45862",
              "isHook": false,
              "skipped": false
            },
            {
              "title": "Verify User is able to navigate into Download csv page",
              "fullTitle": "CNATTAppTestSuite Verify User is able to navigate into Download csv page",
              "timedOut": null,
              "duration": 476,
              "state": "passed",
              "speed": "fast",
              "pass": true,
              "fail": false,
              "pending": false,
              "context": null,
              "code": "cnatt.getScrollDown();\ncnatt.getCSVPreviewNextButton().click();\ncnatt.getDownloadCSVHeader().contains('Your .csv file is ready to download');",
              "err": {},
              "uuid": "768dea2d-c0d0-400f-a318-19fc09643e29",
              "parentUUID": "864c5e2c-a177-447c-8347-61debcb45862",
              "isHook": false,
              "skipped": false
            },
            {
              "title": "Verify file is downloaded successfully",
              "fullTitle": "CNATTAppTestSuite Verify file is downloaded successfully",
              "timedOut": null,
              "duration": 137,
              "state": "passed",
              "speed": "fast",
              "pass": true,
              "fail": false,
              "pending": false,
              "context": null,
              "code": "cnatt.getScrollDown();\ncnatt.getDownloadCSVButton().click();\ncy.readFile(Cypress.config(\"fileServerFolder\") + \"/cypress/downloads/06.15.2022_Boston, MA_weather_reschedule.csv\");",
              "err": {},
              "uuid": "47fd033d-8839-4592-85d5-504441acac5f",
              "parentUUID": "864c5e2c-a177-447c-8347-61debcb45862",
              "isHook": false,
              "skipped": false
            }
          ],
          "suites": [],
          "passes": [
            "2cce29b1-b27b-4e91-abdb-0b17c52510f6",
            "a1184f75-356f-4324-9bcd-9b97a332d8db",
            "fdc867c4-49a9-4990-a379-6e6db20623d4",
            "dc81770c-2259-478e-b63f-2519dc0ab5ba",
            "768dea2d-c0d0-400f-a318-19fc09643e29",
            "47fd033d-8839-4592-85d5-504441acac5f"
          ],
          "failures": [],
          "pending": [],
          "skipped": [],
          "duration": 23128,
          "root": false,
          "rootEmpty": false,
          "_timeout": 2000
        }
      ],
      "passes": [],
      "failures": [],
      "pending": [],
      "skipped": [],
      "duration": 0,
      "root": true,
      "rootEmpty": true,
      "_timeout": 2000
    }
  ],
  "meta": {
    "mocha": {
      "version": "7.0.1"
    },
    "mochawesome": {
      "options": {
        "quiet": false,
        "reportFilename": "mochawesome",
        "saveHtml": true,
        "saveJson": true,
        "consoleReporter": "spec",
        "useInlineDiffs": false,
        "code": true
      },
      "version": "7.1.3"
    },
    "marge": {
      "options": {
        "reportDir": "cypress/reports",
        "reportFileName": "report",
        "overwrite": false,
        "html": true,
        "json": true,
        "charts": true
      },
      "version": "6.2.0"
    }
  }
}