{
  "stats": {
    "suites": 1,
    "tests": 10,
    "passes": 10,
    "pending": 0,
    "failures": 0,
    "start": "2022-06-20T10:01:08.879Z",
    "end": "2022-06-20T10:01:25.107Z",
    "duration": 16228,
    "testsRegistered": 10,
    "passPercent": 100,
    "pendingPercent": 0,
    "other": 0,
    "hasOther": false,
    "skipped": 0,
    "hasSkipped": false
  },
  "results": [
    {
      "uuid": "ae5a2467-6f87-49c6-9c93-92d048525627",
      "title": "",
      "fullFile": "cypress/integration/PrometricTest.js",
      "file": "cypress/integration/PrometricTest.js",
      "beforeHooks": [],
      "afterHooks": [],
      "tests": [],
      "suites": [
        {
          "uuid": "a239887c-7a61-493e-959d-124f9851d30f",
          "title": "PrometricTestSuite",
          "fullFile": "",
          "file": "",
          "beforeHooks": [],
          "afterHooks": [],
          "tests": [
            {
              "title": "Verify Title Of the Page!",
              "fullTitle": "PrometricTestSuite Verify Title Of the Page!",
              "timedOut": null,
              "duration": 4123,
              "state": "passed",
              "speed": "fast",
              "pass": true,
              "fail": false,
              "pending": false,
              "context": null,
              "code": "cy.visit(Cypress.env('Prometricurl'));\ncy.title().should('eq', 'React App');",
              "err": {},
              "uuid": "dca243f7-7a69-4f02-b23c-7168742a3527",
              "parentUUID": "a239887c-7a61-493e-959d-124f9851d30f",
              "isHook": false,
              "skipped": false
            },
            {
              "title": "Verify Upon inserting valid url user navigate into welcome page",
              "fullTitle": "PrometricTestSuite Verify Upon inserting valid url user navigate into welcome page",
              "timedOut": null,
              "duration": 371,
              "state": "passed",
              "speed": "fast",
              "pass": true,
              "fail": false,
              "pending": false,
              "context": null,
              "code": "cy.visit(Cypress.env('Prometricurl'));\ncy.url().should('include', 'proproctor'); //cy.url().should('eq', 'https://sr-cx-registration-scheduling-ui-bil.nonprod.proproctor.prometric.com/')",
              "err": {},
              "uuid": "ffef8e2b-d387-411e-9be0-5cf2d9f1151a",
              "parentUUID": "a239887c-7a61-493e-959d-124f9851d30f",
              "isHook": false,
              "skipped": false
            },
            {
              "title": "Verify welcome text on the page",
              "fullTitle": "PrometricTestSuite Verify welcome text on the page",
              "timedOut": null,
              "duration": 374,
              "state": "passed",
              "speed": "fast",
              "pass": true,
              "fail": false,
              "pending": false,
              "context": null,
              "code": "cy.visit(Cypress.env('Prometricurl'));\nprometric.getwelcomeText().contains('Welcome to Prometric’s secure portal.');",
              "err": {},
              "uuid": "7f66fb0d-a3b5-419e-bf46-ad6e6831cf72",
              "parentUUID": "a239887c-7a61-493e-959d-124f9851d30f",
              "isHook": false,
              "skipped": false
            },
            {
              "title": "Verify proper URL is display upon navigate into another page",
              "fullTitle": "PrometricTestSuite Verify proper URL is display upon navigate into another page",
              "timedOut": null,
              "duration": 474,
              "state": "passed",
              "speed": "fast",
              "pass": true,
              "fail": false,
              "pending": false,
              "context": null,
              "code": "cy.visit(Cypress.env('Prometricurl'));\nprometric.getStartedButton().click();\ncy.url().should('include', 'getstarted'); //cy.url().should('eq', 'https://sr-cx-registration-scheduling-ui-bil.nonprod.proproctor.prometric.com/getstarted')",
              "err": {},
              "uuid": "a543f9a3-9de1-4f8e-b886-db6cc37e1ccc",
              "parentUUID": "a239887c-7a61-493e-959d-124f9851d30f",
              "isHook": false,
              "skipped": false
            },
            {
              "title": "Verify English is display as language option on welcome page",
              "fullTitle": "PrometricTestSuite Verify English is display as language option on welcome page",
              "timedOut": null,
              "duration": 476,
              "state": "passed",
              "speed": "fast",
              "pass": true,
              "fail": false,
              "pending": false,
              "context": null,
              "code": "cy.visit(Cypress.env('Prometricurl'));\nprometric.getLanguageDropDown().click();\nprometric.getLanguageDropDownBox().should('have.text', 'English');",
              "err": {},
              "uuid": "8f885e23-a5fd-4255-9203-ba04260828de",
              "parentUUID": "a239887c-7a61-493e-959d-124f9851d30f",
              "isHook": false,
              "skipped": false
            },
            {
              "title": "Verify Upon inserting valid url user navigate into verify page",
              "fullTitle": "PrometricTestSuite Verify Upon inserting valid url user navigate into verify page",
              "timedOut": null,
              "duration": 778,
              "state": "passed",
              "speed": "fast",
              "pass": true,
              "fail": false,
              "pending": false,
              "context": null,
              "code": "const prometric = new _PrometricTest.default();\ncy.visit(Cypress.env('PrometricVerifyurl'));\ncy.url().should('include', 'verify'); //cy.url().should('eq', 'https://sr-cx-registration-scheduling-ui-bil.nonprod.proproctor.prometric.com/verify')",
              "err": {},
              "uuid": "53c8a048-bb4e-4106-8e4e-3f0a5012b82d",
              "parentUUID": "a239887c-7a61-493e-959d-124f9851d30f",
              "isHook": false,
              "skipped": false
            },
            {
              "title": "Verify welcome text on the page",
              "fullTitle": "PrometricTestSuite Verify welcome text on the page",
              "timedOut": null,
              "duration": 379,
              "state": "passed",
              "speed": "fast",
              "pass": true,
              "fail": false,
              "pending": false,
              "context": null,
              "code": "const prometric = new _PrometricTest.default();\ncy.visit(Cypress.env('PrometricVerifyurl'));\nprometric.getVerifyWelcomeText().contains('Your full name must match what is on your government-issued ID.​');",
              "err": {},
              "uuid": "468e7eed-7147-4b82-896a-ab3fbd5ab20b",
              "parentUUID": "a239887c-7a61-493e-959d-124f9851d30f",
              "isHook": false,
              "skipped": false
            },
            {
              "title": "Verify user check on check-box of I verify that this information matches my ID then navigate into mock page",
              "fullTitle": "PrometricTestSuite Verify user check on check-box of I verify that this information matches my ID then navigate into mock page",
              "timedOut": null,
              "duration": 4589,
              "state": "passed",
              "speed": "fast",
              "pass": true,
              "fail": false,
              "pending": false,
              "context": null,
              "code": "const prometric = new _PrometricTest.default();\ncy.visit(Cypress.env('PrometricVerifyurl'));\nprometric.getVerifyIdCheckbox().click();\ncy.wait(4000);\nprometric.getEnabledButton().click();\ncy.url().should('include', 'reserve-exam'); //cy.url().should('eq', 'https://sr-cx-registration-scheduling-ui-bil.nonprod.proproctor.prometric.com/reserve-exam')",
              "err": {},
              "uuid": "a6659b77-04ed-441d-8aec-dd8832856d51",
              "parentUUID": "a239887c-7a61-493e-959d-124f9851d30f",
              "isHook": false,
              "skipped": false
            },
            {
              "title": "Verify user redirect into proper page when click on Make a Change Link",
              "fullTitle": "PrometricTestSuite Verify user redirect into proper page when click on Make a Change Link",
              "timedOut": null,
              "duration": 589,
              "state": "passed",
              "speed": "fast",
              "pass": true,
              "fail": false,
              "pending": false,
              "context": null,
              "code": "const prometric = new _PrometricTest.default();\ncy.visit(Cypress.env('PrometricVerifyurl'));\nprometric.getMakeAChangeLink().click();\nprometric.getModalHeader().contains('Please contact your test sponsor to update your personal information.');",
              "err": {},
              "uuid": "fee6e8f0-5b7c-4cb4-baae-3d0858376055",
              "parentUUID": "a239887c-7a61-493e-959d-124f9851d30f",
              "isHook": false,
              "skipped": false
            },
            {
              "title": "Verify English is display as language option on verify page",
              "fullTitle": "PrometricTestSuite Verify English is display as language option on verify page",
              "timedOut": null,
              "duration": 1013,
              "state": "passed",
              "speed": "fast",
              "pass": true,
              "fail": false,
              "pending": false,
              "context": null,
              "code": "cy.visit(Cypress.env('Prometricurl'));\nprometric.getLanguageDropDown().click();\nprometric.getLanguageDropDownBox().should('have.text', 'English');",
              "err": {},
              "uuid": "f61d7860-7b57-46d3-a11d-5818111fb19f",
              "parentUUID": "a239887c-7a61-493e-959d-124f9851d30f",
              "isHook": false,
              "skipped": false
            }
          ],
          "suites": [],
          "passes": [
            "dca243f7-7a69-4f02-b23c-7168742a3527",
            "ffef8e2b-d387-411e-9be0-5cf2d9f1151a",
            "7f66fb0d-a3b5-419e-bf46-ad6e6831cf72",
            "a543f9a3-9de1-4f8e-b886-db6cc37e1ccc",
            "8f885e23-a5fd-4255-9203-ba04260828de",
            "53c8a048-bb4e-4106-8e4e-3f0a5012b82d",
            "468e7eed-7147-4b82-896a-ab3fbd5ab20b",
            "a6659b77-04ed-441d-8aec-dd8832856d51",
            "fee6e8f0-5b7c-4cb4-baae-3d0858376055",
            "f61d7860-7b57-46d3-a11d-5818111fb19f"
          ],
          "failures": [],
          "pending": [],
          "skipped": [],
          "duration": 13166,
          "root": false,
          "rootEmpty": false,
          "_timeout": 2000
        }
      ],
      "passes": [],
      "failures": [],
      "pending": [],
      "skipped": [],
      "duration": 0,
      "root": true,
      "rootEmpty": true,
      "_timeout": 2000
    }
  ],
  "meta": {
    "mocha": {
      "version": "7.0.1"
    },
    "mochawesome": {
      "options": {
        "quiet": false,
        "reportFilename": "mochawesome",
        "saveHtml": true,
        "saveJson": true,
        "consoleReporter": "spec",
        "useInlineDiffs": false,
        "code": true
      },
      "version": "7.1.3"
    },
    "marge": {
      "options": {
        "reportDir": "cypress/reports",
        "reportFileName": "report",
        "overwrite": false,
        "html": true,
        "json": true,
        "charts": true,
        "reportPageTitle": "My Test Suite",
        "embeddedScreenshots": true
      },
      "version": "6.2.0"
    }
  }
}