{
  "stats": {
    "suites": 1,
    "tests": 6,
    "passes": 6,
    "pending": 0,
    "failures": 0,
    "start": "2022-06-07T11:50:58.663Z",
    "end": "2022-06-07T11:51:25.347Z",
    "duration": 26684,
    "testsRegistered": 6,
    "passPercent": 100,
    "pendingPercent": 0,
    "other": 0,
    "hasOther": false,
    "skipped": 0,
    "hasSkipped": false
  },
  "results": [
    {
      "uuid": "ed672ae3-c289-4295-a7d2-8b19bbdba7e4",
      "title": "",
      "fullFile": "cypress/integration/CNATTApp.js",
      "file": "cypress/integration/CNATTApp.js",
      "beforeHooks": [],
      "afterHooks": [],
      "tests": [],
      "suites": [
        {
          "uuid": "a0dc1d9c-ead8-47e9-a42a-6e230ab734f8",
          "title": "CNATTAppTestSuite",
          "fullFile": "",
          "file": "",
          "beforeHooks": [],
          "afterHooks": [],
          "tests": [
            {
              "title": "Verify User is able to navigate into location page with valid user",
              "fullTitle": "CNATTAppTestSuite Verify User is able to navigate into location page with valid user",
              "timedOut": null,
              "duration": 16407,
              "state": "passed",
              "speed": "slow",
              "pass": true,
              "fail": false,
              "pending": false,
              "context": null,
              "code": "cnatt.getWeatherEvent().click();\ncnatt.getrReschedule().click();\ncnatt.getNextButton().click();\ncy.url().should('include', 'location'); //cy.url().should('eq', 'https://sr-cx-cnatt-ui-dev.nonprod.proproctor.prometric.com/location')",
              "err": {},
              "uuid": "9db99ebc-d1b9-458d-acb5-e0d993c7d4bf",
              "parentUUID": "a0dc1d9c-ead8-47e9-a42a-6e230ab734f8",
              "isHook": false,
              "skipped": false
            },
            {
              "title": "Verify User is able to select location from option and navigate into impact dates page",
              "fullTitle": "CNATTAppTestSuite Verify User is able to select location from option and navigate into impact dates page",
              "timedOut": null,
              "duration": 4315,
              "state": "passed",
              "speed": "fast",
              "pass": true,
              "fail": false,
              "pending": false,
              "context": null,
              "code": "cnatt.getLocationTextBox();\ncnatt.getLocationAutoSuggestion().click();\ncnatt.getLocationNextButton().click();\ncy.url().should('include', 'impact-dates'); //cy.url().should('eq', 'https://sr-cx-cnatt-ui-dev.nonprod.proproctor.prometric.com/impact-dates')",
              "err": {},
              "uuid": "38bc41fa-cfba-42c0-a8b5-7b3166d11aa8",
              "parentUUID": "a0dc1d9c-ead8-47e9-a42a-6e230ab734f8",
              "isHook": false,
              "skipped": false
            },
            {
              "title": "Verify after select cancellation & reschedule date range user able to navigate into create-csv page",
              "fullTitle": "CNATTAppTestSuite Verify after select cancellation & reschedule date range user able to navigate into create-csv page",
              "timedOut": null,
              "duration": 469,
              "state": "passed",
              "speed": "fast",
              "pass": true,
              "fail": false,
              "pending": false,
              "context": null,
              "code": "cnatt.getDisplacementCalendarTextBox().click({\n  force: true\n});\ncnatt.getRescheduleStartDate().click({\n  force: true\n});\ncnatt.getRescheduleEndDate().click({\n  force: true\n});\ncnatt.getOutside();\ncnatt.getScrollDown();\ncnatt.getImpactDatesNextButton().click();\ncnatt.getCreateCSVHeader().contains('Prometric-Initiated Displacement Form');",
              "err": {},
              "uuid": "29af5658-6e9d-4fc1-aa4a-3e95dcd92fa0",
              "parentUUID": "a0dc1d9c-ead8-47e9-a42a-6e230ab734f8",
              "isHook": false,
              "skipped": false
            },
            {
              "title": "Verify after select proper option on create csv page user is able to navigate into csv preview page",
              "fullTitle": "CNATTAppTestSuite Verify after select proper option on create csv page user is able to navigate into csv preview page",
              "timedOut": null,
              "duration": 1572,
              "state": "passed",
              "speed": "fast",
              "pass": true,
              "fail": false,
              "pending": false,
              "context": null,
              "code": "cnatt.getScrollDown();\ncnatt.getCreateCSVNextButton().click();\ncnatt.getCSVPreviewHeader().contains('Please review CSV: ');",
              "err": {},
              "uuid": "16b30ce9-89fd-4075-b447-96e32ecda0d5",
              "parentUUID": "a0dc1d9c-ead8-47e9-a42a-6e230ab734f8",
              "isHook": false,
              "skipped": false
            },
            {
              "title": "Verify User is able to navigate into Download csv page",
              "fullTitle": "CNATTAppTestSuite Verify User is able to navigate into Download csv page",
              "timedOut": null,
              "duration": 488,
              "state": "passed",
              "speed": "fast",
              "pass": true,
              "fail": false,
              "pending": false,
              "context": null,
              "code": "cnatt.getScrollDown();\ncnatt.getCSVPreviewNextButton().click();\ncnatt.getDownloadCSVHeader().contains('Your .csv file is ready to download');",
              "err": {},
              "uuid": "cf5b9201-8d42-4f63-a6f8-38e412df3193",
              "parentUUID": "a0dc1d9c-ead8-47e9-a42a-6e230ab734f8",
              "isHook": false,
              "skipped": false
            },
            {
              "title": "Verify file is downloaded successfully",
              "fullTitle": "CNATTAppTestSuite Verify file is downloaded successfully",
              "timedOut": null,
              "duration": 109,
              "state": "passed",
              "speed": "fast",
              "pass": true,
              "fail": false,
              "pending": false,
              "context": null,
              "code": "cnatt.getScrollDown();\ncnatt.getDownloadCSVButton().click();\ncy.readFile(Cypress.config(\"fileServerFolder\") + \"/cypress/downloads/06.15.2022_Boston, MA_weather_reschedule.csv\");",
              "err": {},
              "uuid": "7b327b65-27c3-4b1c-ace5-aadd345f91d9",
              "parentUUID": "a0dc1d9c-ead8-47e9-a42a-6e230ab734f8",
              "isHook": false,
              "skipped": false
            }
          ],
          "suites": [],
          "passes": [
            "9db99ebc-d1b9-458d-acb5-e0d993c7d4bf",
            "38bc41fa-cfba-42c0-a8b5-7b3166d11aa8",
            "29af5658-6e9d-4fc1-aa4a-3e95dcd92fa0",
            "16b30ce9-89fd-4075-b447-96e32ecda0d5",
            "cf5b9201-8d42-4f63-a6f8-38e412df3193",
            "7b327b65-27c3-4b1c-ace5-aadd345f91d9"
          ],
          "failures": [],
          "pending": [],
          "skipped": [],
          "duration": 23360,
          "root": false,
          "rootEmpty": false,
          "_timeout": 2000
        }
      ],
      "passes": [],
      "failures": [],
      "pending": [],
      "skipped": [],
      "duration": 0,
      "root": true,
      "rootEmpty": true,
      "_timeout": 2000
    }
  ],
  "meta": {
    "mocha": {
      "version": "7.0.1"
    },
    "mochawesome": {
      "options": {
        "quiet": false,
        "reportFilename": "mochawesome",
        "saveHtml": true,
        "saveJson": true,
        "consoleReporter": "spec",
        "useInlineDiffs": false,
        "code": true
      },
      "version": "7.1.3"
    },
    "marge": {
      "options": {
        "reportDir": "cypress/reports",
        "reportFileName": "report",
        "overwrite": false,
        "html": true,
        "json": true,
        "charts": true
      },
      "version": "6.2.0"
    }
  }
}