{
  "stats": {
    "suites": 1,
    "tests": 5,
    "passes": 5,
    "pending": 0,
    "failures": 0,
    "start": "2022-06-07T13:04:00.862Z",
    "end": "2022-06-07T13:05:31.352Z",
    "duration": 90490,
    "testsRegistered": 5,
    "passPercent": 100,
    "pendingPercent": 0,
    "other": 0,
    "hasOther": false,
    "skipped": 0,
    "hasSkipped": false
  },
  "results": [
    {
      "uuid": "c770da7c-2e19-4db9-bf37-4e3c8bf9a990",
      "title": "",
      "fullFile": "cypress/integration/TestFramework.js",
      "file": "cypress/integration/TestFramework.js",
      "beforeHooks": [],
      "afterHooks": [],
      "tests": [],
      "suites": [
        {
          "uuid": "dc34804d-731c-432f-b506-09c0548dfc77",
          "title": "TestFrameworkTestSuite",
          "fullFile": "",
          "file": "",
          "beforeHooks": [],
          "afterHooks": [],
          "tests": [
            {
              "title": "Verify user is able to redirect into site",
              "fullTitle": "TestFrameworkTestSuite Verify user is able to redirect into site",
              "timedOut": null,
              "duration": 1369,
              "state": "passed",
              "speed": "fast",
              "pass": true,
              "fail": false,
              "pending": false,
              "context": null,
              "code": "cy.url().should('eq', 'https://rahulshettyacademy.com/angularpractice/');",
              "err": {},
              "uuid": "fb6165c5-cb10-4df4-bffe-d842ce9dd43a",
              "parentUUID": "dc34804d-731c-432f-b506-09c0548dfc77",
              "isHook": false,
              "skipped": false
            },
            {
              "title": "Verify user is able to submit the form",
              "fullTitle": "TestFrameworkTestSuite Verify user is able to submit the form",
              "timedOut": null,
              "duration": 878,
              "state": "passed",
              "speed": "fast",
              "pass": true,
              "fail": false,
              "pending": false,
              "context": null,
              "code": "homePage.getEditBox().type(this.data.name);\nhomePage.getGender().select(this.data.gender);\nhomePage.getTwoWayDataBinding().should('have.value', \"Darshit\");\nhomePage.getEntrepreneaur().should('be.disabled');\nCypress.config('defaultCommandTimeout', 8000);\nhomePage.getSubmitButton().click();\nhomePage.getSubmitFormMessage().contains('Success! The Form has been submitted successfully!.');",
              "err": {},
              "uuid": "39b60cfd-25a7-45d3-bbdd-2a41b8f9a18d",
              "parentUUID": "dc34804d-731c-432f-b506-09c0548dfc77",
              "isHook": false,
              "skipped": false
            },
            {
              "title": "Verify user is able to redirect into shopping tab",
              "fullTitle": "TestFrameworkTestSuite Verify user is able to redirect into shopping tab",
              "timedOut": null,
              "duration": 20869,
              "state": "passed",
              "speed": "slow",
              "pass": true,
              "fail": false,
              "pending": false,
              "context": null,
              "code": "homePage.getShopTab().click();\ncy.url().should('include', 'shop'); //cy.url().should('eq', 'https://rahulshettyacademy.com/angularpractice/shop')",
              "err": {},
              "uuid": "9e8b30e7-da80-442e-98da-3cfc2d9f4a97",
              "parentUUID": "dc34804d-731c-432f-b506-09c0548dfc77",
              "isHook": false,
              "skipped": false
            },
            {
              "title": "Verify user is able to navigate into check-out page successfully",
              "fullTitle": "TestFrameworkTestSuite Verify user is able to navigate into check-out page successfully",
              "timedOut": null,
              "duration": 27270,
              "state": "passed",
              "speed": "slow",
              "pass": true,
              "fail": false,
              "pending": false,
              "context": null,
              "code": "homePage.getShopTab().click();\nhomePage.getAddToCart1().click();\nhomePage.getAddToCart2().click();\nhomePage.getCheckout().click();",
              "err": {},
              "uuid": "476d0d7a-d338-455f-8ca7-d86829ffd673",
              "parentUUID": "dc34804d-731c-432f-b506-09c0548dfc77",
              "isHook": false,
              "skipped": false
            },
            {
              "title": "Verify user is able to place order successfully",
              "fullTitle": "TestFrameworkTestSuite Verify user is able to place order successfully",
              "timedOut": null,
              "duration": 38863,
              "state": "passed",
              "speed": "slow",
              "pass": true,
              "fail": false,
              "pending": false,
              "context": null,
              "code": "homePage.getShopTab().click();\nhomePage.getAddToCart1().click();\nhomePage.getAddToCart2().click();\nhomePage.getCheckout().click();\nhomePage.getCheckoutButton().click();\nhomePage.getCountryTextBox().type('India');\nhomePage.getSuggestionOption().click();\nhomePage.getAgreeCheckBox().click();\nhomePage.getPurchasedButton().click();\nhomePage.getOrderSuccessfullMessage().contains('Success! Thank you! Your order will be delivered in next few weeks :-).');",
              "err": {},
              "uuid": "f1323d9a-4785-4cf6-9775-d3cf1fe8a147",
              "parentUUID": "dc34804d-731c-432f-b506-09c0548dfc77",
              "isHook": false,
              "skipped": false
            }
          ],
          "suites": [],
          "passes": [
            "fb6165c5-cb10-4df4-bffe-d842ce9dd43a",
            "39b60cfd-25a7-45d3-bbdd-2a41b8f9a18d",
            "9e8b30e7-da80-442e-98da-3cfc2d9f4a97",
            "476d0d7a-d338-455f-8ca7-d86829ffd673",
            "f1323d9a-4785-4cf6-9775-d3cf1fe8a147"
          ],
          "failures": [],
          "pending": [],
          "skipped": [],
          "duration": 89249,
          "root": false,
          "rootEmpty": false,
          "_timeout": 2000
        }
      ],
      "passes": [],
      "failures": [],
      "pending": [],
      "skipped": [],
      "duration": 0,
      "root": true,
      "rootEmpty": true,
      "_timeout": 2000
    }
  ],
  "meta": {
    "mocha": {
      "version": "7.0.1"
    },
    "mochawesome": {
      "options": {
        "quiet": false,
        "reportFilename": "mochawesome",
        "saveHtml": true,
        "saveJson": true,
        "consoleReporter": "spec",
        "useInlineDiffs": false,
        "code": true
      },
      "version": "7.1.3"
    },
    "marge": {
      "options": {
        "reportDir": "cypress/reports",
        "reportFileName": "report",
        "overwrite": false,
        "html": true,
        "json": true,
        "charts": true
      },
      "version": "6.2.0"
    }
  }
}