{
  "stats": {
    "suites": 1,
    "tests": 1,
    "passes": 1,
    "pending": 0,
    "failures": 0,
    "start": "2022-06-07T13:02:40.229Z",
    "end": "2022-06-07T13:02:42.700Z",
    "duration": 2471,
    "testsRegistered": 1,
    "passPercent": 100,
    "pendingPercent": 0,
    "other": 0,
    "hasOther": false,
    "skipped": 0,
    "hasSkipped": false
  },
  "results": [
    {
      "uuid": "84e0dbc1-0e70-43da-b89a-51653de27f13",
      "title": "",
      "fullFile": "cypress/integration/ApiTest.js",
      "file": "cypress/integration/ApiTest.js",
      "beforeHooks": [],
      "afterHooks": [],
      "tests": [],
      "suites": [
        {
          "uuid": "67d6e2b6-fa8a-4064-941a-d9248d735a0c",
          "title": "Api Test Suite",
          "fullFile": "",
          "file": "",
          "beforeHooks": [],
          "afterHooks": [],
          "tests": [
            {
              "title": "My Api Test case",
              "fullTitle": "Api Test Suite My Api Test case",
              "timedOut": null,
              "duration": 1185,
              "state": "passed",
              "speed": "fast",
              "pass": true,
              "fail": false,
              "pending": false,
              "context": null,
              "code": "cy.visit(Cypress.env('ApiTestURL'));\ncy.intercept({\n  method: 'GET',\n  url: Cypress.env('RSAPI')\n}, {\n  statusCode: 200,\n  body: [{\n    \"book_name\": \"RestAssured with Java\",\n    \"isbn\": \"RSU\",\n    \"aisle\": \"2301\"\n  }]\n}).as('bookretrievals');\napiTest.primaryButton().click();\ncy.wait('@bookretrievals').should(({\n  request,\n  response\n}) => {\n  cy.get('tr').should('have.length', response.body.length + 1);\n});\ncy.get('p').should('have.text', 'Oops only 1 Book available'); //length of the response array = rows of the table\n//#endregion ApiTest",
              "err": {},
              "uuid": "544e8a0a-85cf-40a3-a44f-c1f1f4b43ee6",
              "parentUUID": "67d6e2b6-fa8a-4064-941a-d9248d735a0c",
              "isHook": false,
              "skipped": false
            }
          ],
          "suites": [],
          "passes": [
            "544e8a0a-85cf-40a3-a44f-c1f1f4b43ee6"
          ],
          "failures": [],
          "pending": [],
          "skipped": [],
          "duration": 1185,
          "root": false,
          "rootEmpty": false,
          "_timeout": 2000
        }
      ],
      "passes": [],
      "failures": [],
      "pending": [],
      "skipped": [],
      "duration": 0,
      "root": true,
      "rootEmpty": true,
      "_timeout": 2000
    }
  ],
  "meta": {
    "mocha": {
      "version": "7.0.1"
    },
    "mochawesome": {
      "options": {
        "quiet": false,
        "reportFilename": "mochawesome",
        "saveHtml": true,
        "saveJson": true,
        "consoleReporter": "spec",
        "useInlineDiffs": false,
        "code": true
      },
      "version": "7.1.3"
    },
    "marge": {
      "options": {
        "reportDir": "cypress/reports",
        "reportFileName": "report",
        "overwrite": false,
        "html": true,
        "json": true,
        "charts": true
      },
      "version": "6.2.0"
    }
  }
}