{
  "stats": {
    "suites": 1,
    "tests": 5,
    "passes": 5,
    "pending": 0,
    "failures": 0,
    "start": "2022-06-07T11:51:52.732Z",
    "end": "2022-06-07T11:52:50.793Z",
    "duration": 58061,
    "testsRegistered": 5,
    "passPercent": 100,
    "pendingPercent": 0,
    "other": 0,
    "hasOther": false,
    "skipped": 0,
    "hasSkipped": false
  },
  "results": [
    {
      "uuid": "2d7f173d-c913-464c-b637-c7c980c7b96b",
      "title": "",
      "fullFile": "cypress/integration/TestFramework.js",
      "file": "cypress/integration/TestFramework.js",
      "beforeHooks": [],
      "afterHooks": [],
      "tests": [],
      "suites": [
        {
          "uuid": "40dac0d9-94cd-4d48-af69-7e1e273e7cc3",
          "title": "TestFrameworkTestSuite",
          "fullFile": "",
          "file": "",
          "beforeHooks": [],
          "afterHooks": [],
          "tests": [
            {
              "title": "Verify user is able to redirect into site",
              "fullTitle": "TestFrameworkTestSuite Verify user is able to redirect into site",
              "timedOut": null,
              "duration": 1198,
              "state": "passed",
              "speed": "fast",
              "pass": true,
              "fail": false,
              "pending": false,
              "context": null,
              "code": "cy.url().should('eq', 'https://rahulshettyacademy.com/angularpractice/');",
              "err": {},
              "uuid": "bf066c9a-c7c9-4d6c-91dc-475db83c811c",
              "parentUUID": "40dac0d9-94cd-4d48-af69-7e1e273e7cc3",
              "isHook": false,
              "skipped": false
            },
            {
              "title": "Verify user is able to submit the form",
              "fullTitle": "TestFrameworkTestSuite Verify user is able to submit the form",
              "timedOut": null,
              "duration": 875,
              "state": "passed",
              "speed": "fast",
              "pass": true,
              "fail": false,
              "pending": false,
              "context": null,
              "code": "homePage.getEditBox().type(this.data.name);\nhomePage.getGender().select(this.data.gender);\nhomePage.getTwoWayDataBinding().should('have.value', \"Darshit\");\nhomePage.getEntrepreneaur().should('be.disabled');\nCypress.config('defaultCommandTimeout', 8000);\nhomePage.getSubmitButton().click();\nhomePage.getSubmitFormMessage().contains('Success! The Form has been submitted successfully!.');",
              "err": {},
              "uuid": "c9bc1ebb-bb4e-4a8e-a704-90e0de47c11a",
              "parentUUID": "40dac0d9-94cd-4d48-af69-7e1e273e7cc3",
              "isHook": false,
              "skipped": false
            },
            {
              "title": "Verify user is able to redirect into shopping tab",
              "fullTitle": "TestFrameworkTestSuite Verify user is able to redirect into shopping tab",
              "timedOut": null,
              "duration": 34117,
              "state": "passed",
              "speed": "slow",
              "pass": true,
              "fail": false,
              "pending": false,
              "context": null,
              "code": "homePage.getShopTab().click();\ncy.url().should('include', 'shop'); //cy.url().should('eq', 'https://rahulshettyacademy.com/angularpractice/shop')",
              "err": {},
              "uuid": "131489b3-610f-44dc-af09-259728d4f9b7",
              "parentUUID": "40dac0d9-94cd-4d48-af69-7e1e273e7cc3",
              "isHook": false,
              "skipped": false
            },
            {
              "title": "Verify user is able to navigate into check-out page successfully",
              "fullTitle": "TestFrameworkTestSuite Verify user is able to navigate into check-out page successfully",
              "timedOut": null,
              "duration": 2077,
              "state": "passed",
              "speed": "fast",
              "pass": true,
              "fail": false,
              "pending": false,
              "context": null,
              "code": "homePage.getShopTab().click();\nhomePage.getAddToCart1().click();\nhomePage.getAddToCart2().click();\nhomePage.getCheckout().click();",
              "err": {},
              "uuid": "a6adce66-0743-4734-b97a-892eef21942a",
              "parentUUID": "40dac0d9-94cd-4d48-af69-7e1e273e7cc3",
              "isHook": false,
              "skipped": false
            },
            {
              "title": "Verify user is able to place order successfully",
              "fullTitle": "TestFrameworkTestSuite Verify user is able to place order successfully",
              "timedOut": null,
              "duration": 18610,
              "state": "passed",
              "speed": "slow",
              "pass": true,
              "fail": false,
              "pending": false,
              "context": null,
              "code": "homePage.getShopTab().click();\nhomePage.getAddToCart1().click();\nhomePage.getAddToCart2().click();\nhomePage.getCheckout().click();\nhomePage.getCheckoutButton().click();\nhomePage.getCountryTextBox().type('India');\nhomePage.getSuggestionOption().click();\nhomePage.getAgreeCheckBox().click();\nhomePage.getPurchasedButton().click();\nhomePage.getOrderSuccessfullMessage().contains('Success! Thank you! Your order will be delivered in next few weeks :-).');",
              "err": {},
              "uuid": "242fbd8c-9dbb-4bba-8b5c-ea291481168a",
              "parentUUID": "40dac0d9-94cd-4d48-af69-7e1e273e7cc3",
              "isHook": false,
              "skipped": false
            }
          ],
          "suites": [],
          "passes": [
            "bf066c9a-c7c9-4d6c-91dc-475db83c811c",
            "c9bc1ebb-bb4e-4a8e-a704-90e0de47c11a",
            "131489b3-610f-44dc-af09-259728d4f9b7",
            "a6adce66-0743-4734-b97a-892eef21942a",
            "242fbd8c-9dbb-4bba-8b5c-ea291481168a"
          ],
          "failures": [],
          "pending": [],
          "skipped": [],
          "duration": 56877,
          "root": false,
          "rootEmpty": false,
          "_timeout": 2000
        }
      ],
      "passes": [],
      "failures": [],
      "pending": [],
      "skipped": [],
      "duration": 0,
      "root": true,
      "rootEmpty": true,
      "_timeout": 2000
    }
  ],
  "meta": {
    "mocha": {
      "version": "7.0.1"
    },
    "mochawesome": {
      "options": {
        "quiet": false,
        "reportFilename": "mochawesome",
        "saveHtml": true,
        "saveJson": true,
        "consoleReporter": "spec",
        "useInlineDiffs": false,
        "code": true
      },
      "version": "7.1.3"
    },
    "marge": {
      "options": {
        "reportDir": "cypress/reports",
        "reportFileName": "report",
        "overwrite": false,
        "html": true,
        "json": true,
        "charts": true
      },
      "version": "6.2.0"
    }
  }
}