{
  "stats": {
    "suites": 1,
    "tests": 4,
    "passes": 4,
    "pending": 0,
    "failures": 0,
    "start": "2022-06-20T10:03:58.582Z",
    "end": "2022-06-20T10:05:35.536Z",
    "duration": 96954,
    "testsRegistered": 4,
    "passPercent": 100,
    "pendingPercent": 0,
    "other": 0,
    "hasOther": false,
    "skipped": 0,
    "hasSkipped": false
  },
  "results": [
    {
      "uuid": "9cc470b0-44b4-44c9-a385-3284e218a911",
      "title": "",
      "fullFile": "cypress/integration/TestWebControlUI.js",
      "file": "cypress/integration/TestWebControlUI.js",
      "beforeHooks": [],
      "afterHooks": [],
      "tests": [],
      "suites": [
        {
          "uuid": "ffe81302-f33d-4e87-a540-a36b9c44941e",
          "title": "TestWebControlUI",
          "fullFile": "",
          "file": "",
          "beforeHooks": [],
          "afterHooks": [],
          "tests": [
            {
              "title": "Handling Web Control UI",
              "fullTitle": "TestWebControlUI Handling Web Control UI",
              "timedOut": null,
              "duration": 13456,
              "state": "passed",
              "speed": "slow",
              "pass": true,
              "fail": false,
              "pending": false,
              "context": null,
              "code": "//Check boxes\ncy.visit(Cypress.env('TestWebControlURL'));\nwebControl.getcheckBoxOption1().check().should('be.checked').and('have.value', 'option1');\nwebControl.getcheckBoxOption1().uncheck().should('not.be.checked');\nwebControl.getcheckBox().check(['option2', 'option3']); //Static Dropdown\nwebControl.getcheckBoxOption2().should('have.value', 'option2'); //Dynamic dropdowns\nwebControl.getAutoComplete().type('ind');\ncy.get('.ui-menu-item div').each(($e1, index, $list) => {\n  if ($e1.text() === \"India\") {\n    $e1.click();\n  }\n}); //autocomplete\nwebControl.getAutoComplete().should('have.value', 'India'); //visible invisible\nwebControl.getDisplayedTextBox().should('be.visible');\nwebControl.getHideTextBox().click();\nwebControl.getDisplayedTextBox().should('not.be.visible');\nwebControl.getshowTextBox().click();\nwebControl.getDisplayedTextBox().should('be.visible'); //radio buttons\nwebControl.getRadioButton().check().should('be.checked');",
              "err": {},
              "uuid": "00f84b1e-c4bd-490a-8cae-1928716f0eab",
              "parentUUID": "ffe81302-f33d-4e87-a540-a36b9c44941e",
              "isHook": false,
              "skipped": false
            },
            {
              "title": "Hadnling Alert & Child Tab",
              "fullTitle": "TestWebControlUI Hadnling Alert & Child Tab",
              "timedOut": null,
              "duration": 13475,
              "state": "passed",
              "speed": "slow",
              "pass": true,
              "fail": false,
              "pending": false,
              "context": null,
              "code": "//Check boxes\ncy.visit(Cypress.env('TestWebControlURL'));\nwebControl.getAlertButton().click();\nwebControl.getConfirmButton().click();\ncy.on('window:alert', str => {\n  //Mocha\n  expect(str).to.equal('Hello , share this practice page and share your knowledge');\n});\ncy.on('window:confirm', str => {\n  //Mocha\n  expect(str).to.equal('Hello , Are you sure you want to confirm?');\n});\nwebControl.getOpenTab().invoke('removeAttr', 'target').click();\ncy.url().should('include', 'rahulshettyacademy');\ncy.go('back');",
              "err": {},
              "uuid": "ba27c3df-7c4b-4e2e-b0fa-435c999584ec",
              "parentUUID": "ffe81302-f33d-4e87-a540-a36b9c44941e",
              "isHook": false,
              "skipped": false
            },
            {
              "title": "Mouse Hover & Force Click",
              "fullTitle": "TestWebControlUI Mouse Hover & Force Click",
              "timedOut": null,
              "duration": 4022,
              "state": "passed",
              "speed": "fast",
              "pass": true,
              "fail": false,
              "pending": false,
              "context": null,
              "code": "cy.visit(Cypress.env('TestWebControlURL'));\nwebControl.getMouseHover().invoke('show');\ncy.contains('Top').click({\n  force: true\n});\ncy.url().should('include', 'top');",
              "err": {},
              "uuid": "541ce5c1-18a9-4507-a7a2-1184a52164e6",
              "parentUUID": "ffe81302-f33d-4e87-a540-a36b9c44941e",
              "isHook": false,
              "skipped": false
            },
            {
              "title": "IFrameTest",
              "fullTitle": "TestWebControlUI IFrameTest",
              "timedOut": null,
              "duration": 4576,
              "state": "passed",
              "speed": "fast",
              "pass": true,
              "fail": false,
              "pending": false,
              "context": null,
              "code": "cy.visit(Cypress.env('TestWebControlURL'));\ncy.frameLoaded(\"#courses-iframe\");\ncy.iframe().find(\"a[href*='mentorship']\").eq(0).click(); //cy.iframe().find(\"h1[class*='pricing-title']\").should('have.length',2)",
              "err": {},
              "uuid": "b948639d-25e9-4036-a54f-c879025a7352",
              "parentUUID": "ffe81302-f33d-4e87-a540-a36b9c44941e",
              "isHook": false,
              "skipped": false
            }
          ],
          "suites": [],
          "passes": [
            "00f84b1e-c4bd-490a-8cae-1928716f0eab",
            "ba27c3df-7c4b-4e2e-b0fa-435c999584ec",
            "541ce5c1-18a9-4507-a7a2-1184a52164e6",
            "b948639d-25e9-4036-a54f-c879025a7352"
          ],
          "failures": [],
          "pending": [],
          "skipped": [],
          "duration": 35529,
          "root": false,
          "rootEmpty": false,
          "_timeout": 2000
        }
      ],
      "passes": [],
      "failures": [],
      "pending": [],
      "skipped": [],
      "duration": 0,
      "root": true,
      "rootEmpty": true,
      "_timeout": 2000
    }
  ],
  "meta": {
    "mocha": {
      "version": "7.0.1"
    },
    "mochawesome": {
      "options": {
        "quiet": false,
        "reportFilename": "mochawesome",
        "saveHtml": true,
        "saveJson": true,
        "consoleReporter": "spec",
        "useInlineDiffs": false,
        "code": true
      },
      "version": "7.1.3"
    },
    "marge": {
      "options": {
        "reportDir": "cypress/reports",
        "reportFileName": "report",
        "overwrite": false,
        "html": true,
        "json": true,
        "charts": true,
        "reportPageTitle": "My Test Suite",
        "embeddedScreenshots": true
      },
      "version": "6.2.0"
    }
  }
}