{
  "stats": {
    "suites": 1,
    "tests": 1,
    "passes": 1,
    "pending": 0,
    "failures": 0,
    "start": "2022-06-07T11:50:47.107Z",
    "end": "2022-06-07T11:50:49.964Z",
    "duration": 2857,
    "testsRegistered": 1,
    "passPercent": 100,
    "pendingPercent": 0,
    "other": 0,
    "hasOther": false,
    "skipped": 0,
    "hasSkipped": false
  },
  "results": [
    {
      "uuid": "da113d38-6e16-4e5b-986b-e3eb06ad1535",
      "title": "",
      "fullFile": "cypress/integration/ApiSecurityTest.js",
      "file": "cypress/integration/ApiSecurityTest.js",
      "beforeHooks": [],
      "afterHooks": [],
      "tests": [],
      "suites": [
        {
          "uuid": "a1a7ecc9-e71f-4cd8-a407-dccdcc74b826",
          "title": "Api Security Test Suite",
          "fullFile": "",
          "file": "",
          "beforeHooks": [],
          "afterHooks": [],
          "tests": [
            {
              "title": "Api Security Test case",
              "fullTitle": "Api Security Test Suite Api Security Test case",
              "timedOut": null,
              "duration": 1424,
              "state": "passed",
              "speed": "fast",
              "pass": true,
              "fail": false,
              "pending": false,
              "context": null,
              "code": "cy.visit(Cypress.env('ApiTestURL'));\ncy.intercept('GET', 'https://rahulshettyacademy.com/Library/GetBook.php?AuthorName=shetty', req => {\n  req.url = \"https://rahulshettyacademy.com/Library/GetBook.php?AuthorName=malhotra\";\n  req.continue(res => {// expect(res.statusCode).to.equal(403)\n  });\n}).as(\"dummyUrl\");\ncy.get(\"button[class='btn btn-primary']\").click();\ncy.wait('@dummyUrl');",
              "err": {},
              "uuid": "ea9ab9c7-881b-447b-8082-9d7987aad5a2",
              "parentUUID": "a1a7ecc9-e71f-4cd8-a407-dccdcc74b826",
              "isHook": false,
              "skipped": false
            }
          ],
          "suites": [],
          "passes": [
            "ea9ab9c7-881b-447b-8082-9d7987aad5a2"
          ],
          "failures": [],
          "pending": [],
          "skipped": [],
          "duration": 1424,
          "root": false,
          "rootEmpty": false,
          "_timeout": 2000
        }
      ],
      "passes": [],
      "failures": [],
      "pending": [],
      "skipped": [],
      "duration": 0,
      "root": true,
      "rootEmpty": true,
      "_timeout": 2000
    }
  ],
  "meta": {
    "mocha": {
      "version": "7.0.1"
    },
    "mochawesome": {
      "options": {
        "quiet": false,
        "reportFilename": "mochawesome",
        "saveHtml": true,
        "saveJson": true,
        "consoleReporter": "spec",
        "useInlineDiffs": false,
        "code": true
      },
      "version": "7.1.3"
    },
    "marge": {
      "options": {
        "reportDir": "cypress/reports",
        "reportFileName": "report",
        "overwrite": false,
        "html": true,
        "json": true,
        "charts": true
      },
      "version": "6.2.0"
    }
  }
}