{
  "stats": {
    "suites": 1,
    "tests": 10,
    "passes": 10,
    "pending": 0,
    "failures": 0,
    "start": "2022-06-07T11:33:58.748Z",
    "end": "2022-06-07T11:34:15.361Z",
    "duration": 16613,
    "testsRegistered": 10,
    "passPercent": 100,
    "pendingPercent": 0,
    "other": 0,
    "hasOther": false,
    "skipped": 0,
    "hasSkipped": false
  },
  "results": [
    {
      "uuid": "fab8ff41-298e-49e9-9ed9-3c3e40a10162",
      "title": "",
      "fullFile": "cypress/integration/PrometricTest.js",
      "file": "cypress/integration/PrometricTest.js",
      "beforeHooks": [],
      "afterHooks": [],
      "tests": [],
      "suites": [
        {
          "uuid": "1084cb3c-0d7e-4e72-b088-48b843300d2d",
          "title": "PrometricTestSuite",
          "fullFile": "",
          "file": "",
          "beforeHooks": [],
          "afterHooks": [],
          "tests": [
            {
              "title": "Verify Title Of the Page!",
              "fullTitle": "PrometricTestSuite Verify Title Of the Page!",
              "timedOut": null,
              "duration": 2946,
              "state": "passed",
              "speed": "fast",
              "pass": true,
              "fail": false,
              "pending": false,
              "context": null,
              "code": "cy.visit(Cypress.env('Prometricurl'));\ncy.title().should('eq', 'React App');",
              "err": {},
              "uuid": "98005d9e-7395-4dcd-a626-faf11afbf6dc",
              "parentUUID": "1084cb3c-0d7e-4e72-b088-48b843300d2d",
              "isHook": false,
              "skipped": false
            },
            {
              "title": "Verify Upon inserting valid url user navigate into welcome page",
              "fullTitle": "PrometricTestSuite Verify Upon inserting valid url user navigate into welcome page",
              "timedOut": null,
              "duration": 370,
              "state": "passed",
              "speed": "fast",
              "pass": true,
              "fail": false,
              "pending": false,
              "context": null,
              "code": "cy.visit(Cypress.env('Prometricurl'));\ncy.url().should('include', 'proproctor'); //cy.url().should('eq', 'https://sr-cx-registration-scheduling-ui-bil.nonprod.proproctor.prometric.com/')",
              "err": {},
              "uuid": "8d9fc7de-8f6b-4b49-96ea-424833caaeea",
              "parentUUID": "1084cb3c-0d7e-4e72-b088-48b843300d2d",
              "isHook": false,
              "skipped": false
            },
            {
              "title": "Verify welcome text on the page",
              "fullTitle": "PrometricTestSuite Verify welcome text on the page",
              "timedOut": null,
              "duration": 387,
              "state": "passed",
              "speed": "fast",
              "pass": true,
              "fail": false,
              "pending": false,
              "context": null,
              "code": "cy.visit(Cypress.env('Prometricurl'));\nprometric.getwelcomeText().contains('Welcome to Prometric’s secure portal.');",
              "err": {},
              "uuid": "480fc1b2-6b2d-45a5-9e41-1cf47195b852",
              "parentUUID": "1084cb3c-0d7e-4e72-b088-48b843300d2d",
              "isHook": false,
              "skipped": false
            },
            {
              "title": "Verify proper URL is display upon navigate into another page",
              "fullTitle": "PrometricTestSuite Verify proper URL is display upon navigate into another page",
              "timedOut": null,
              "duration": 483,
              "state": "passed",
              "speed": "fast",
              "pass": true,
              "fail": false,
              "pending": false,
              "context": null,
              "code": "cy.visit(Cypress.env('Prometricurl'));\nprometric.getStartedButton().click();\ncy.url().should('include', 'getstarted'); //cy.url().should('eq', 'https://sr-cx-registration-scheduling-ui-bil.nonprod.proproctor.prometric.com/getstarted')",
              "err": {},
              "uuid": "77d42683-1bf9-4f0b-820c-133c9baf0457",
              "parentUUID": "1084cb3c-0d7e-4e72-b088-48b843300d2d",
              "isHook": false,
              "skipped": false
            },
            {
              "title": "Verify English is display as language option on welcome page",
              "fullTitle": "PrometricTestSuite Verify English is display as language option on welcome page",
              "timedOut": null,
              "duration": 450,
              "state": "passed",
              "speed": "fast",
              "pass": true,
              "fail": false,
              "pending": false,
              "context": null,
              "code": "cy.visit(Cypress.env('Prometricurl'));\nprometric.getLanguageDropDown().click();\nprometric.getLanguageDropDownBox().should('have.text', 'English');",
              "err": {},
              "uuid": "23bd39c9-e8d2-4fe0-ad06-8fbe088ef397",
              "parentUUID": "1084cb3c-0d7e-4e72-b088-48b843300d2d",
              "isHook": false,
              "skipped": false
            },
            {
              "title": "Verify Upon inserting valid url user navigate into verify page",
              "fullTitle": "PrometricTestSuite Verify Upon inserting valid url user navigate into verify page",
              "timedOut": null,
              "duration": 666,
              "state": "passed",
              "speed": "fast",
              "pass": true,
              "fail": false,
              "pending": false,
              "context": null,
              "code": "const prometric = new _PrometricTest.default();\ncy.visit(Cypress.env('PrometricVerifyurl'));\ncy.url().should('include', 'verify'); //cy.url().should('eq', 'https://sr-cx-registration-scheduling-ui-bil.nonprod.proproctor.prometric.com/verify')",
              "err": {},
              "uuid": "3a4f6f7e-38ba-4ec6-a4b3-afb15d94a09e",
              "parentUUID": "1084cb3c-0d7e-4e72-b088-48b843300d2d",
              "isHook": false,
              "skipped": false
            },
            {
              "title": "Verify welcome text on the page",
              "fullTitle": "PrometricTestSuite Verify welcome text on the page",
              "timedOut": null,
              "duration": 381,
              "state": "passed",
              "speed": "fast",
              "pass": true,
              "fail": false,
              "pending": false,
              "context": null,
              "code": "const prometric = new _PrometricTest.default();\ncy.visit(Cypress.env('PrometricVerifyurl'));\nprometric.getVerifyWelcomeText().contains('Your full name must match what is on your government-issued ID.​');",
              "err": {},
              "uuid": "ba88e7e2-ab44-4477-a8b5-28de6520875e",
              "parentUUID": "1084cb3c-0d7e-4e72-b088-48b843300d2d",
              "isHook": false,
              "skipped": false
            },
            {
              "title": "Verify user check on check-box of I verify that this information matches my ID then navigate into mock page",
              "fullTitle": "PrometricTestSuite Verify user check on check-box of I verify that this information matches my ID then navigate into mock page",
              "timedOut": null,
              "duration": 4577,
              "state": "passed",
              "speed": "fast",
              "pass": true,
              "fail": false,
              "pending": false,
              "context": null,
              "code": "const prometric = new _PrometricTest.default();\ncy.visit(Cypress.env('PrometricVerifyurl'));\nprometric.getVerifyIdCheckbox().click();\ncy.wait(4000);\nprometric.getEnabledButton().click();\ncy.url().should('include', 'reserve-exam'); //cy.url().should('eq', 'https://sr-cx-registration-scheduling-ui-bil.nonprod.proproctor.prometric.com/reserve-exam')",
              "err": {},
              "uuid": "390dab4a-5dc6-4341-80a7-67b837d6d5f1",
              "parentUUID": "1084cb3c-0d7e-4e72-b088-48b843300d2d",
              "isHook": false,
              "skipped": false
            },
            {
              "title": "Verify user redirect into proper page when click on Make a Change Link",
              "fullTitle": "PrometricTestSuite Verify user redirect into proper page when click on Make a Change Link",
              "timedOut": null,
              "duration": 1340,
              "state": "passed",
              "speed": "fast",
              "pass": true,
              "fail": false,
              "pending": false,
              "context": null,
              "code": "const prometric = new _PrometricTest.default();\ncy.visit(Cypress.env('PrometricVerifyurl'));\nprometric.getMakeAChangeLink().click();\nprometric.getModalHeader().contains('Please contact your test sponsor to update your personal information.');",
              "err": {},
              "uuid": "ce9d8f72-0907-45b1-b18d-5fbf84de7bb4",
              "parentUUID": "1084cb3c-0d7e-4e72-b088-48b843300d2d",
              "isHook": false,
              "skipped": false
            },
            {
              "title": "Verify English is display as language option on verify page",
              "fullTitle": "PrometricTestSuite Verify English is display as language option on verify page",
              "timedOut": null,
              "duration": 2178,
              "state": "passed",
              "speed": "fast",
              "pass": true,
              "fail": false,
              "pending": false,
              "context": null,
              "code": "cy.visit(Cypress.env('Prometricurl'));\nprometric.getLanguageDropDown().click();\nprometric.getLanguageDropDownBox().should('have.text', 'English');",
              "err": {},
              "uuid": "bd47fa93-84a1-4506-8e25-6eaa466d435a",
              "parentUUID": "1084cb3c-0d7e-4e72-b088-48b843300d2d",
              "isHook": false,
              "skipped": false
            }
          ],
          "suites": [],
          "passes": [
            "98005d9e-7395-4dcd-a626-faf11afbf6dc",
            "8d9fc7de-8f6b-4b49-96ea-424833caaeea",
            "480fc1b2-6b2d-45a5-9e41-1cf47195b852",
            "77d42683-1bf9-4f0b-820c-133c9baf0457",
            "23bd39c9-e8d2-4fe0-ad06-8fbe088ef397",
            "3a4f6f7e-38ba-4ec6-a4b3-afb15d94a09e",
            "ba88e7e2-ab44-4477-a8b5-28de6520875e",
            "390dab4a-5dc6-4341-80a7-67b837d6d5f1",
            "ce9d8f72-0907-45b1-b18d-5fbf84de7bb4",
            "bd47fa93-84a1-4506-8e25-6eaa466d435a"
          ],
          "failures": [],
          "pending": [],
          "skipped": [],
          "duration": 13778,
          "root": false,
          "rootEmpty": false,
          "_timeout": 2000
        }
      ],
      "passes": [],
      "failures": [],
      "pending": [],
      "skipped": [],
      "duration": 0,
      "root": true,
      "rootEmpty": true,
      "_timeout": 2000
    }
  ],
  "meta": {
    "mocha": {
      "version": "7.0.1"
    },
    "mochawesome": {
      "options": {
        "quiet": false,
        "reportFilename": "mochawesome",
        "saveHtml": true,
        "saveJson": true,
        "consoleReporter": "spec",
        "useInlineDiffs": false,
        "code": true
      },
      "version": "7.1.3"
    },
    "marge": {
      "options": {
        "reportDir": "cypress/reports",
        "reportFileName": "report",
        "openReportInBrowser": true,
        "overwrite": false,
        "html": true,
        "json": true,
        "charts": true
      },
      "version": "6.2.0"
    }
  }
}