{
  "stats": {
    "suites": 1,
    "tests": 5,
    "passes": 5,
    "pending": 0,
    "failures": 0,
    "start": "2022-06-20T10:01:31.909Z",
    "end": "2022-06-20T10:03:47.817Z",
    "duration": 135908,
    "testsRegistered": 5,
    "passPercent": 100,
    "pendingPercent": 0,
    "other": 0,
    "hasOther": false,
    "skipped": 0,
    "hasSkipped": false
  },
  "results": [
    {
      "uuid": "166308c6-93d8-45d0-9043-32933edb15f9",
      "title": "",
      "fullFile": "cypress/integration/TestFramework.js",
      "file": "cypress/integration/TestFramework.js",
      "beforeHooks": [],
      "afterHooks": [],
      "tests": [],
      "suites": [
        {
          "uuid": "b9067967-b942-419d-8831-44f9ae9867de",
          "title": "TestFrameworkTestSuite",
          "fullFile": "",
          "file": "",
          "beforeHooks": [],
          "afterHooks": [],
          "tests": [
            {
              "title": "Verify user is able to redirect into site",
              "fullTitle": "TestFrameworkTestSuite Verify user is able to redirect into site",
              "timedOut": null,
              "duration": 2035,
              "state": "passed",
              "speed": "fast",
              "pass": true,
              "fail": false,
              "pending": false,
              "context": null,
              "code": "cy.url().should('eq', 'https://rahulshettyacademy.com/angularpractice/');",
              "err": {},
              "uuid": "1d38fe16-ae46-4d9a-a6e5-2e980f99f896",
              "parentUUID": "b9067967-b942-419d-8831-44f9ae9867de",
              "isHook": false,
              "skipped": false
            },
            {
              "title": "Verify user is able to submit the form",
              "fullTitle": "TestFrameworkTestSuite Verify user is able to submit the form",
              "timedOut": null,
              "duration": 896,
              "state": "passed",
              "speed": "fast",
              "pass": true,
              "fail": false,
              "pending": false,
              "context": null,
              "code": "homePage.getEditBox().type(this.data.name);\nhomePage.getGender().select(this.data.gender);\nhomePage.getTwoWayDataBinding().should('have.value', this.data.name);\nhomePage.getEntrepreneaur().should('be.disabled');\nCypress.config('defaultCommandTimeout', 8000);\nhomePage.getSubmitButton().click();\nhomePage.getSubmitFormMessage().contains('Success! The Form has been submitted successfully!.');",
              "err": {},
              "uuid": "5fdab599-d17d-45a9-9659-e0a77e3f18e7",
              "parentUUID": "b9067967-b942-419d-8831-44f9ae9867de",
              "isHook": false,
              "skipped": false
            },
            {
              "title": "Verify user is able to redirect into shopping tab",
              "fullTitle": "TestFrameworkTestSuite Verify user is able to redirect into shopping tab",
              "timedOut": null,
              "duration": 35287,
              "state": "passed",
              "speed": "slow",
              "pass": true,
              "fail": false,
              "pending": false,
              "context": null,
              "code": "homePage.getShopTab().click();\ncy.url().should('include', 'shop'); //cy.url().should('eq', 'https://rahulshettyacademy.com/angularpractice/shop')",
              "err": {},
              "uuid": "296893db-48a4-4528-b01c-cbc09e5a7215",
              "parentUUID": "b9067967-b942-419d-8831-44f9ae9867de",
              "isHook": false,
              "skipped": false
            },
            {
              "title": "Verify user is able to navigate into check-out page successfully",
              "fullTitle": "TestFrameworkTestSuite Verify user is able to navigate into check-out page successfully",
              "timedOut": null,
              "duration": 18936,
              "state": "passed",
              "speed": "slow",
              "pass": true,
              "fail": false,
              "pending": false,
              "context": null,
              "code": "homePage.getShopTab().click();\nhomePage.getAddToCart1().click();\nhomePage.getAddToCart2().click();\nhomePage.getCheckout().click();",
              "err": {},
              "uuid": "db51f8e7-22bd-417a-a9f8-034f4b902eaa",
              "parentUUID": "b9067967-b942-419d-8831-44f9ae9867de",
              "isHook": false,
              "skipped": false
            },
            {
              "title": "Verify user is able to place order successfully",
              "fullTitle": "TestFrameworkTestSuite Verify user is able to place order successfully",
              "timedOut": null,
              "duration": 11067,
              "state": "passed",
              "speed": "slow",
              "pass": true,
              "fail": false,
              "pending": false,
              "context": null,
              "code": "homePage.getShopTab().click();\nhomePage.getAddToCart1().click();\nhomePage.getAddToCart2().click();\nhomePage.getCheckout().click();\nhomePage.getCheckoutButton().click();\nhomePage.getCountryTextBox().type('India');\nhomePage.getSuggestionOption().click();\nhomePage.getAgreeCheckBox().click();\nhomePage.getPurchasedButton().click();\nhomePage.getOrderSuccessfullMessage().contains('Success! Thank you! Your order will be delivered in next few weeks :-).');",
              "err": {},
              "uuid": "da5df34b-6ee0-4414-a7c6-ef3615ef71e1",
              "parentUUID": "b9067967-b942-419d-8831-44f9ae9867de",
              "isHook": false,
              "skipped": false
            }
          ],
          "suites": [],
          "passes": [
            "1d38fe16-ae46-4d9a-a6e5-2e980f99f896",
            "5fdab599-d17d-45a9-9659-e0a77e3f18e7",
            "296893db-48a4-4528-b01c-cbc09e5a7215",
            "db51f8e7-22bd-417a-a9f8-034f4b902eaa",
            "da5df34b-6ee0-4414-a7c6-ef3615ef71e1"
          ],
          "failures": [],
          "pending": [],
          "skipped": [],
          "duration": 68221,
          "root": false,
          "rootEmpty": false,
          "_timeout": 2000
        }
      ],
      "passes": [],
      "failures": [],
      "pending": [],
      "skipped": [],
      "duration": 0,
      "root": true,
      "rootEmpty": true,
      "_timeout": 2000
    }
  ],
  "meta": {
    "mocha": {
      "version": "7.0.1"
    },
    "mochawesome": {
      "options": {
        "quiet": false,
        "reportFilename": "mochawesome",
        "saveHtml": true,
        "saveJson": true,
        "consoleReporter": "spec",
        "useInlineDiffs": false,
        "code": true
      },
      "version": "7.1.3"
    },
    "marge": {
      "options": {
        "reportDir": "cypress/reports",
        "reportFileName": "report",
        "overwrite": false,
        "html": true,
        "json": true,
        "charts": true,
        "reportPageTitle": "My Test Suite",
        "embeddedScreenshots": true
      },
      "version": "6.2.0"
    }
  }
}