{
  "stats": {
    "suites": 18,
    "tests": 81,
    "passes": 81,
    "pending": 0,
    "failures": 0,
    "start": "2022-06-07T11:33:14.492Z",
    "end": "2022-06-07T13:06:09.288Z",
    "duration": 434748,
    "testsRegistered": 81,
    "passPercent": 100,
    "pendingPercent": 0,
    "other": 0,
    "hasOther": false,
    "skipped": 0,
    "hasSkipped": false
  },
  "results": [
    {
      "uuid": "ba3d0fbc-dc08-41c8-8248-dd303f799edf",
      "title": "",
      "fullFile": "cypress/integration/ApiSecurityTest.js",
      "file": "cypress/integration/ApiSecurityTest.js",
      "beforeHooks": [],
      "afterHooks": [],
      "tests": [],
      "suites": [
        {
          "uuid": "f1de54ad-2096-4657-a3ef-bc97f8cd1cd9",
          "title": "Api Security Test Suite",
          "fullFile": "",
          "file": "",
          "beforeHooks": [],
          "afterHooks": [],
          "tests": [
            {
              "title": "Api Security Test case",
              "fullTitle": "Api Security Test Suite Api Security Test case",
              "timedOut": null,
              "duration": 1529,
              "state": "passed",
              "speed": "fast",
              "pass": true,
              "fail": false,
              "pending": false,
              "context": null,
              "code": "cy.visit(Cypress.env('ApiTestURL'));\ncy.intercept('GET', 'https://rahulshettyacademy.com/Library/GetBook.php?AuthorName=shetty', req => {\n  req.url = \"https://rahulshettyacademy.com/Library/GetBook.php?AuthorName=malhotra\";\n  req.continue(res => {// expect(res.statusCode).to.equal(403)\n  });\n}).as(\"dummyUrl\");\ncy.get(\"button[class='btn btn-primary']\").click();\ncy.wait('@dummyUrl');",
              "err": {},
              "uuid": "3efb55f3-efdd-47b3-af06-3c901ac242fe",
              "parentUUID": "f1de54ad-2096-4657-a3ef-bc97f8cd1cd9",
              "isHook": false,
              "skipped": false
            }
          ],
          "suites": [],
          "passes": [
            "3efb55f3-efdd-47b3-af06-3c901ac242fe"
          ],
          "failures": [],
          "pending": [],
          "skipped": [],
          "duration": 1529,
          "root": false,
          "rootEmpty": false,
          "_timeout": 2000
        }
      ],
      "passes": [],
      "failures": [],
      "pending": [],
      "skipped": [],
      "duration": 0,
      "root": true,
      "rootEmpty": true,
      "_timeout": 2000
    },
    {
      "uuid": "717c38ef-105c-4e96-a870-e99e4d3b92fd",
      "title": "",
      "fullFile": "cypress/integration/ApiTest.js",
      "file": "cypress/integration/ApiTest.js",
      "beforeHooks": [],
      "afterHooks": [],
      "tests": [],
      "suites": [
        {
          "uuid": "890b4078-272d-4d8e-a8ef-0adafbe49007",
          "title": "Api Test Suite",
          "fullFile": "",
          "file": "",
          "beforeHooks": [],
          "afterHooks": [],
          "tests": [
            {
              "title": "My Api Test case",
              "fullTitle": "Api Test Suite My Api Test case",
              "timedOut": null,
              "duration": 1356,
              "state": "passed",
              "speed": "fast",
              "pass": true,
              "fail": false,
              "pending": false,
              "context": null,
              "code": "cy.visit(Cypress.env('ApiTestURL'));\ncy.intercept({\n  method: 'GET',\n  url: Cypress.env('RSAPI')\n}, {\n  statusCode: 200,\n  body: [{\n    \"book_name\": \"RestAssured with Java\",\n    \"isbn\": \"RSU\",\n    \"aisle\": \"2301\"\n  }]\n}).as('bookretrievals');\napiTest.primaryButton().click();\ncy.wait('@bookretrievals').should(({\n  request,\n  response\n}) => {\n  cy.get('tr').should('have.length', response.body.length + 1);\n});\ncy.get('p').should('have.text', 'Oops only 1 Book available'); //length of the response array = rows of the table\n//#endregion ApiTest",
              "err": {},
              "uuid": "0fe192fa-25d7-4762-bf8c-7ba10d15497a",
              "parentUUID": "890b4078-272d-4d8e-a8ef-0adafbe49007",
              "isHook": false,
              "skipped": false
            }
          ],
          "suites": [],
          "passes": [
            "0fe192fa-25d7-4762-bf8c-7ba10d15497a"
          ],
          "failures": [],
          "pending": [],
          "skipped": [],
          "duration": 1356,
          "root": false,
          "rootEmpty": false,
          "_timeout": 2000
        }
      ],
      "passes": [],
      "failures": [],
      "pending": [],
      "skipped": [],
      "duration": 0,
      "root": true,
      "rootEmpty": true,
      "_timeout": 2000
    },
    {
      "uuid": "0004abe4-464c-4550-be52-d36591e0da9b",
      "title": "",
      "fullFile": "cypress/integration/CNATTApp.js",
      "file": "cypress/integration/CNATTApp.js",
      "beforeHooks": [],
      "afterHooks": [],
      "tests": [],
      "suites": [
        {
          "uuid": "b019c2be-8e1b-4580-b632-f605ca2aa98d",
          "title": "CNATTAppTestSuite",
          "fullFile": "",
          "file": "",
          "beforeHooks": [],
          "afterHooks": [],
          "tests": [
            {
              "title": "Verify User is able to navigate into location page with valid user",
              "fullTitle": "CNATTAppTestSuite Verify User is able to navigate into location page with valid user",
              "timedOut": null,
              "duration": 14770,
              "state": "passed",
              "speed": "slow",
              "pass": true,
              "fail": false,
              "pending": false,
              "context": null,
              "code": "cnatt.getWeatherEvent().click();\ncnatt.getrReschedule().click();\ncnatt.getNextButton().click();\ncy.url().should('include', 'location'); //cy.url().should('eq', 'https://sr-cx-cnatt-ui-dev.nonprod.proproctor.prometric.com/location')",
              "err": {},
              "uuid": "20e0c3fd-f727-41a4-a295-1f006de998f5",
              "parentUUID": "b019c2be-8e1b-4580-b632-f605ca2aa98d",
              "isHook": false,
              "skipped": false
            },
            {
              "title": "Verify User is able to select location from option and navigate into impact dates page",
              "fullTitle": "CNATTAppTestSuite Verify User is able to select location from option and navigate into impact dates page",
              "timedOut": null,
              "duration": 6422,
              "state": "passed",
              "speed": "medium",
              "pass": true,
              "fail": false,
              "pending": false,
              "context": null,
              "code": "cnatt.getLocationTextBox();\ncnatt.getLocationAutoSuggestion().click();\ncnatt.getLocationNextButton().click();\ncy.url().should('include', 'impact-dates'); //cy.url().should('eq', 'https://sr-cx-cnatt-ui-dev.nonprod.proproctor.prometric.com/impact-dates')",
              "err": {},
              "uuid": "d0520dce-aa56-472b-ba1c-019fe22fef54",
              "parentUUID": "b019c2be-8e1b-4580-b632-f605ca2aa98d",
              "isHook": false,
              "skipped": false
            },
            {
              "title": "Verify after select cancellation & reschedule date range user able to navigate into create-csv page",
              "fullTitle": "CNATTAppTestSuite Verify after select cancellation & reschedule date range user able to navigate into create-csv page",
              "timedOut": null,
              "duration": 476,
              "state": "passed",
              "speed": "fast",
              "pass": true,
              "fail": false,
              "pending": false,
              "context": null,
              "code": "cnatt.getDisplacementCalendarTextBox().click({\n  force: true\n});\ncnatt.getRescheduleStartDate().click({\n  force: true\n});\ncnatt.getRescheduleEndDate().click({\n  force: true\n});\ncnatt.getOutside();\ncnatt.getScrollDown();\ncnatt.getImpactDatesNextButton().click();\ncnatt.getCreateCSVHeader().contains('Prometric-Initiated Displacement Form');",
              "err": {},
              "uuid": "03db1e83-e644-48dc-9e45-134e65deb849",
              "parentUUID": "b019c2be-8e1b-4580-b632-f605ca2aa98d",
              "isHook": false,
              "skipped": false
            },
            {
              "title": "Verify after select proper option on create csv page user is able to navigate into csv preview page",
              "fullTitle": "CNATTAppTestSuite Verify after select proper option on create csv page user is able to navigate into csv preview page",
              "timedOut": null,
              "duration": 1567,
              "state": "passed",
              "speed": "fast",
              "pass": true,
              "fail": false,
              "pending": false,
              "context": null,
              "code": "cnatt.getScrollDown();\ncnatt.getCreateCSVNextButton().click();\ncnatt.getCSVPreviewHeader().contains('Please review CSV: ');",
              "err": {},
              "uuid": "3fdb0dce-6d17-44c5-9913-8ec4d0f23ada",
              "parentUUID": "b019c2be-8e1b-4580-b632-f605ca2aa98d",
              "isHook": false,
              "skipped": false
            },
            {
              "title": "Verify User is able to navigate into Download csv page",
              "fullTitle": "CNATTAppTestSuite Verify User is able to navigate into Download csv page",
              "timedOut": null,
              "duration": 479,
              "state": "passed",
              "speed": "fast",
              "pass": true,
              "fail": false,
              "pending": false,
              "context": null,
              "code": "cnatt.getScrollDown();\ncnatt.getCSVPreviewNextButton().click();\ncnatt.getDownloadCSVHeader().contains('Your .csv file is ready to download');",
              "err": {},
              "uuid": "59c58cde-d4b7-4677-82ef-7334c32fa326",
              "parentUUID": "b019c2be-8e1b-4580-b632-f605ca2aa98d",
              "isHook": false,
              "skipped": false
            },
            {
              "title": "Verify file is downloaded successfully",
              "fullTitle": "CNATTAppTestSuite Verify file is downloaded successfully",
              "timedOut": null,
              "duration": 109,
              "state": "passed",
              "speed": "fast",
              "pass": true,
              "fail": false,
              "pending": false,
              "context": null,
              "code": "cnatt.getScrollDown();\ncnatt.getDownloadCSVButton().click();\ncy.readFile(Cypress.config(\"fileServerFolder\") + \"/cypress/downloads/06.15.2022_Boston, MA_weather_reschedule.csv\");",
              "err": {},
              "uuid": "b3bbeba1-6a32-40c2-a452-1d4a2be60a74",
              "parentUUID": "b019c2be-8e1b-4580-b632-f605ca2aa98d",
              "isHook": false,
              "skipped": false
            }
          ],
          "suites": [],
          "passes": [
            "20e0c3fd-f727-41a4-a295-1f006de998f5",
            "d0520dce-aa56-472b-ba1c-019fe22fef54",
            "03db1e83-e644-48dc-9e45-134e65deb849",
            "3fdb0dce-6d17-44c5-9913-8ec4d0f23ada",
            "59c58cde-d4b7-4677-82ef-7334c32fa326",
            "b3bbeba1-6a32-40c2-a452-1d4a2be60a74"
          ],
          "failures": [],
          "pending": [],
          "skipped": [],
          "duration": 23823,
          "root": false,
          "rootEmpty": false,
          "_timeout": 2000
        }
      ],
      "passes": [],
      "failures": [],
      "pending": [],
      "skipped": [],
      "duration": 0,
      "root": true,
      "rootEmpty": true,
      "_timeout": 2000
    },
    {
      "uuid": "fab8ff41-298e-49e9-9ed9-3c3e40a10162",
      "title": "",
      "fullFile": "cypress/integration/PrometricTest.js",
      "file": "cypress/integration/PrometricTest.js",
      "beforeHooks": [],
      "afterHooks": [],
      "tests": [],
      "suites": [
        {
          "uuid": "1084cb3c-0d7e-4e72-b088-48b843300d2d",
          "title": "PrometricTestSuite",
          "fullFile": "",
          "file": "",
          "beforeHooks": [],
          "afterHooks": [],
          "tests": [
            {
              "title": "Verify Title Of the Page!",
              "fullTitle": "PrometricTestSuite Verify Title Of the Page!",
              "timedOut": null,
              "duration": 2946,
              "state": "passed",
              "speed": "fast",
              "pass": true,
              "fail": false,
              "pending": false,
              "context": null,
              "code": "cy.visit(Cypress.env('Prometricurl'));\ncy.title().should('eq', 'React App');",
              "err": {},
              "uuid": "98005d9e-7395-4dcd-a626-faf11afbf6dc",
              "parentUUID": "1084cb3c-0d7e-4e72-b088-48b843300d2d",
              "isHook": false,
              "skipped": false
            },
            {
              "title": "Verify Upon inserting valid url user navigate into welcome page",
              "fullTitle": "PrometricTestSuite Verify Upon inserting valid url user navigate into welcome page",
              "timedOut": null,
              "duration": 370,
              "state": "passed",
              "speed": "fast",
              "pass": true,
              "fail": false,
              "pending": false,
              "context": null,
              "code": "cy.visit(Cypress.env('Prometricurl'));\ncy.url().should('include', 'proproctor'); //cy.url().should('eq', 'https://sr-cx-registration-scheduling-ui-bil.nonprod.proproctor.prometric.com/')",
              "err": {},
              "uuid": "8d9fc7de-8f6b-4b49-96ea-424833caaeea",
              "parentUUID": "1084cb3c-0d7e-4e72-b088-48b843300d2d",
              "isHook": false,
              "skipped": false
            },
            {
              "title": "Verify welcome text on the page",
              "fullTitle": "PrometricTestSuite Verify welcome text on the page",
              "timedOut": null,
              "duration": 387,
              "state": "passed",
              "speed": "fast",
              "pass": true,
              "fail": false,
              "pending": false,
              "context": null,
              "code": "cy.visit(Cypress.env('Prometricurl'));\nprometric.getwelcomeText().contains('Welcome to Prometric’s secure portal.');",
              "err": {},
              "uuid": "480fc1b2-6b2d-45a5-9e41-1cf47195b852",
              "parentUUID": "1084cb3c-0d7e-4e72-b088-48b843300d2d",
              "isHook": false,
              "skipped": false
            },
            {
              "title": "Verify proper URL is display upon navigate into another page",
              "fullTitle": "PrometricTestSuite Verify proper URL is display upon navigate into another page",
              "timedOut": null,
              "duration": 483,
              "state": "passed",
              "speed": "fast",
              "pass": true,
              "fail": false,
              "pending": false,
              "context": null,
              "code": "cy.visit(Cypress.env('Prometricurl'));\nprometric.getStartedButton().click();\ncy.url().should('include', 'getstarted'); //cy.url().should('eq', 'https://sr-cx-registration-scheduling-ui-bil.nonprod.proproctor.prometric.com/getstarted')",
              "err": {},
              "uuid": "77d42683-1bf9-4f0b-820c-133c9baf0457",
              "parentUUID": "1084cb3c-0d7e-4e72-b088-48b843300d2d",
              "isHook": false,
              "skipped": false
            },
            {
              "title": "Verify English is display as language option on welcome page",
              "fullTitle": "PrometricTestSuite Verify English is display as language option on welcome page",
              "timedOut": null,
              "duration": 450,
              "state": "passed",
              "speed": "fast",
              "pass": true,
              "fail": false,
              "pending": false,
              "context": null,
              "code": "cy.visit(Cypress.env('Prometricurl'));\nprometric.getLanguageDropDown().click();\nprometric.getLanguageDropDownBox().should('have.text', 'English');",
              "err": {},
              "uuid": "23bd39c9-e8d2-4fe0-ad06-8fbe088ef397",
              "parentUUID": "1084cb3c-0d7e-4e72-b088-48b843300d2d",
              "isHook": false,
              "skipped": false
            },
            {
              "title": "Verify Upon inserting valid url user navigate into verify page",
              "fullTitle": "PrometricTestSuite Verify Upon inserting valid url user navigate into verify page",
              "timedOut": null,
              "duration": 666,
              "state": "passed",
              "speed": "fast",
              "pass": true,
              "fail": false,
              "pending": false,
              "context": null,
              "code": "const prometric = new _PrometricTest.default();\ncy.visit(Cypress.env('PrometricVerifyurl'));\ncy.url().should('include', 'verify'); //cy.url().should('eq', 'https://sr-cx-registration-scheduling-ui-bil.nonprod.proproctor.prometric.com/verify')",
              "err": {},
              "uuid": "3a4f6f7e-38ba-4ec6-a4b3-afb15d94a09e",
              "parentUUID": "1084cb3c-0d7e-4e72-b088-48b843300d2d",
              "isHook": false,
              "skipped": false
            },
            {
              "title": "Verify welcome text on the page",
              "fullTitle": "PrometricTestSuite Verify welcome text on the page",
              "timedOut": null,
              "duration": 381,
              "state": "passed",
              "speed": "fast",
              "pass": true,
              "fail": false,
              "pending": false,
              "context": null,
              "code": "const prometric = new _PrometricTest.default();\ncy.visit(Cypress.env('PrometricVerifyurl'));\nprometric.getVerifyWelcomeText().contains('Your full name must match what is on your government-issued ID.​');",
              "err": {},
              "uuid": "ba88e7e2-ab44-4477-a8b5-28de6520875e",
              "parentUUID": "1084cb3c-0d7e-4e72-b088-48b843300d2d",
              "isHook": false,
              "skipped": false
            },
            {
              "title": "Verify user check on check-box of I verify that this information matches my ID then navigate into mock page",
              "fullTitle": "PrometricTestSuite Verify user check on check-box of I verify that this information matches my ID then navigate into mock page",
              "timedOut": null,
              "duration": 4577,
              "state": "passed",
              "speed": "fast",
              "pass": true,
              "fail": false,
              "pending": false,
              "context": null,
              "code": "const prometric = new _PrometricTest.default();\ncy.visit(Cypress.env('PrometricVerifyurl'));\nprometric.getVerifyIdCheckbox().click();\ncy.wait(4000);\nprometric.getEnabledButton().click();\ncy.url().should('include', 'reserve-exam'); //cy.url().should('eq', 'https://sr-cx-registration-scheduling-ui-bil.nonprod.proproctor.prometric.com/reserve-exam')",
              "err": {},
              "uuid": "390dab4a-5dc6-4341-80a7-67b837d6d5f1",
              "parentUUID": "1084cb3c-0d7e-4e72-b088-48b843300d2d",
              "isHook": false,
              "skipped": false
            },
            {
              "title": "Verify user redirect into proper page when click on Make a Change Link",
              "fullTitle": "PrometricTestSuite Verify user redirect into proper page when click on Make a Change Link",
              "timedOut": null,
              "duration": 1340,
              "state": "passed",
              "speed": "fast",
              "pass": true,
              "fail": false,
              "pending": false,
              "context": null,
              "code": "const prometric = new _PrometricTest.default();\ncy.visit(Cypress.env('PrometricVerifyurl'));\nprometric.getMakeAChangeLink().click();\nprometric.getModalHeader().contains('Please contact your test sponsor to update your personal information.');",
              "err": {},
              "uuid": "ce9d8f72-0907-45b1-b18d-5fbf84de7bb4",
              "parentUUID": "1084cb3c-0d7e-4e72-b088-48b843300d2d",
              "isHook": false,
              "skipped": false
            },
            {
              "title": "Verify English is display as language option on verify page",
              "fullTitle": "PrometricTestSuite Verify English is display as language option on verify page",
              "timedOut": null,
              "duration": 2178,
              "state": "passed",
              "speed": "fast",
              "pass": true,
              "fail": false,
              "pending": false,
              "context": null,
              "code": "cy.visit(Cypress.env('Prometricurl'));\nprometric.getLanguageDropDown().click();\nprometric.getLanguageDropDownBox().should('have.text', 'English');",
              "err": {},
              "uuid": "bd47fa93-84a1-4506-8e25-6eaa466d435a",
              "parentUUID": "1084cb3c-0d7e-4e72-b088-48b843300d2d",
              "isHook": false,
              "skipped": false
            }
          ],
          "suites": [],
          "passes": [
            "98005d9e-7395-4dcd-a626-faf11afbf6dc",
            "8d9fc7de-8f6b-4b49-96ea-424833caaeea",
            "480fc1b2-6b2d-45a5-9e41-1cf47195b852",
            "77d42683-1bf9-4f0b-820c-133c9baf0457",
            "23bd39c9-e8d2-4fe0-ad06-8fbe088ef397",
            "3a4f6f7e-38ba-4ec6-a4b3-afb15d94a09e",
            "ba88e7e2-ab44-4477-a8b5-28de6520875e",
            "390dab4a-5dc6-4341-80a7-67b837d6d5f1",
            "ce9d8f72-0907-45b1-b18d-5fbf84de7bb4",
            "bd47fa93-84a1-4506-8e25-6eaa466d435a"
          ],
          "failures": [],
          "pending": [],
          "skipped": [],
          "duration": 13778,
          "root": false,
          "rootEmpty": false,
          "_timeout": 2000
        }
      ],
      "passes": [],
      "failures": [],
      "pending": [],
      "skipped": [],
      "duration": 0,
      "root": true,
      "rootEmpty": true,
      "_timeout": 2000
    },
    {
      "uuid": "b519ff55-d5ad-400d-b85c-3a2a5423c177",
      "title": "",
      "fullFile": "cypress/integration/TestFramework.js",
      "file": "cypress/integration/TestFramework.js",
      "beforeHooks": [],
      "afterHooks": [],
      "tests": [],
      "suites": [
        {
          "uuid": "5a7f6e2a-0901-4a46-a47c-ea72bc68127c",
          "title": "TestFrameworkTestSuite",
          "fullFile": "",
          "file": "",
          "beforeHooks": [],
          "afterHooks": [],
          "tests": [
            {
              "title": "Verify user is able to redirect into site",
              "fullTitle": "TestFrameworkTestSuite Verify user is able to redirect into site",
              "timedOut": null,
              "duration": 1195,
              "state": "passed",
              "speed": "fast",
              "pass": true,
              "fail": false,
              "pending": false,
              "context": null,
              "code": "cy.url().should('eq', 'https://rahulshettyacademy.com/angularpractice/');",
              "err": {},
              "uuid": "c9f42592-f648-4b68-b416-8ef14fc93a14",
              "parentUUID": "5a7f6e2a-0901-4a46-a47c-ea72bc68127c",
              "isHook": false,
              "skipped": false
            },
            {
              "title": "Verify user is able to submit the form",
              "fullTitle": "TestFrameworkTestSuite Verify user is able to submit the form",
              "timedOut": null,
              "duration": 835,
              "state": "passed",
              "speed": "fast",
              "pass": true,
              "fail": false,
              "pending": false,
              "context": null,
              "code": "homePage.getEditBox().type(this.data.name);\nhomePage.getGender().select(this.data.gender);\nhomePage.getTwoWayDataBinding().should('have.value', \"Darshit\");\nhomePage.getEntrepreneaur().should('be.disabled');\nCypress.config('defaultCommandTimeout', 8000);\nhomePage.getSubmitButton().click();\nhomePage.getSubmitFormMessage().contains('Success! The Form has been submitted successfully!.');",
              "err": {},
              "uuid": "a955047c-cb0e-488a-8fd1-b2f97ce9f1cd",
              "parentUUID": "5a7f6e2a-0901-4a46-a47c-ea72bc68127c",
              "isHook": false,
              "skipped": false
            },
            {
              "title": "Verify user is able to redirect into shopping tab",
              "fullTitle": "TestFrameworkTestSuite Verify user is able to redirect into shopping tab",
              "timedOut": null,
              "duration": 35072,
              "state": "passed",
              "speed": "slow",
              "pass": true,
              "fail": false,
              "pending": false,
              "context": null,
              "code": "homePage.getShopTab().click();\ncy.url().should('include', 'shop'); //cy.url().should('eq', 'https://rahulshettyacademy.com/angularpractice/shop')",
              "err": {},
              "uuid": "f91a38e8-b90b-4636-a717-fe4a2d3985dd",
              "parentUUID": "5a7f6e2a-0901-4a46-a47c-ea72bc68127c",
              "isHook": false,
              "skipped": false
            },
            {
              "title": "Verify user is able to navigate into check-out page successfully",
              "fullTitle": "TestFrameworkTestSuite Verify user is able to navigate into check-out page successfully",
              "timedOut": null,
              "duration": 33154,
              "state": "passed",
              "speed": "slow",
              "pass": true,
              "fail": false,
              "pending": false,
              "context": null,
              "code": "homePage.getShopTab().click();\nhomePage.getAddToCart1().click();\nhomePage.getAddToCart2().click();\nhomePage.getCheckout().click();",
              "err": {},
              "uuid": "6797158c-7da7-43ce-83e5-8e192d483689",
              "parentUUID": "5a7f6e2a-0901-4a46-a47c-ea72bc68127c",
              "isHook": false,
              "skipped": false
            },
            {
              "title": "Verify user is able to place order successfully",
              "fullTitle": "TestFrameworkTestSuite Verify user is able to place order successfully",
              "timedOut": null,
              "duration": 38893,
              "state": "passed",
              "speed": "slow",
              "pass": true,
              "fail": false,
              "pending": false,
              "context": null,
              "code": "homePage.getShopTab().click();\nhomePage.getAddToCart1().click();\nhomePage.getAddToCart2().click();\nhomePage.getCheckout().click();\nhomePage.getCheckoutButton().click();\nhomePage.getCountryTextBox().type('India');\nhomePage.getSuggestionOption().click();\nhomePage.getAgreeCheckBox().click();\nhomePage.getPurchasedButton().click();\nhomePage.getOrderSuccessfullMessage().contains('Success! Thank you! Your order will be delivered in next few weeks :-).');",
              "err": {},
              "uuid": "7666181d-ce34-4b0b-9c6c-e9e0a8d10784",
              "parentUUID": "5a7f6e2a-0901-4a46-a47c-ea72bc68127c",
              "isHook": false,
              "skipped": false
            }
          ],
          "suites": [],
          "passes": [
            "c9f42592-f648-4b68-b416-8ef14fc93a14",
            "a955047c-cb0e-488a-8fd1-b2f97ce9f1cd",
            "f91a38e8-b90b-4636-a717-fe4a2d3985dd",
            "6797158c-7da7-43ce-83e5-8e192d483689",
            "7666181d-ce34-4b0b-9c6c-e9e0a8d10784"
          ],
          "failures": [],
          "pending": [],
          "skipped": [],
          "duration": 109149,
          "root": false,
          "rootEmpty": false,
          "_timeout": 2000
        }
      ],
      "passes": [],
      "failures": [],
      "pending": [],
      "skipped": [],
      "duration": 0,
      "root": true,
      "rootEmpty": true,
      "_timeout": 2000
    },
    {
      "uuid": "21c0fd0a-05d3-4eb6-a8db-c33e72e7ee93",
      "title": "",
      "fullFile": "cypress/integration/TestWebControlUI.js",
      "file": "cypress/integration/TestWebControlUI.js",
      "beforeHooks": [],
      "afterHooks": [],
      "tests": [],
      "suites": [
        {
          "uuid": "766105b2-5f41-49ac-9b3c-ed665b79a48d",
          "title": "TestWebControlUI",
          "fullFile": "",
          "file": "",
          "beforeHooks": [],
          "afterHooks": [],
          "tests": [
            {
              "title": "Handling Web Control UI",
              "fullTitle": "TestWebControlUI Handling Web Control UI",
              "timedOut": null,
              "duration": 7841,
              "state": "passed",
              "speed": "medium",
              "pass": true,
              "fail": false,
              "pending": false,
              "context": null,
              "code": "//Check boxes\ncy.visit(Cypress.env('TestWebControlURL'));\nwebControl.getcheckBoxOption1().check().should('be.checked').and('have.value', 'option1');\nwebControl.getcheckBoxOption1().uncheck().should('not.be.checked');\nwebControl.getcheckBox().check(['option2', 'option3']); //Static Dropdown\nwebControl.getcheckBoxOption2().should('have.value', 'option2'); //Dynamic dropdowns\nwebControl.getAutoComplete().type('ind');\ncy.get('.ui-menu-item div').each(($e1, index, $list) => {\n  if ($e1.text() === \"India\") {\n    $e1.click();\n  }\n}); //autocomplete\nwebControl.getAutoComplete().should('have.value', 'India'); //visible invisible\nwebControl.getDisplayedTextBox().should('be.visible');\nwebControl.getHideTextBox().click();\nwebControl.getDisplayedTextBox().should('not.be.visible');\nwebControl.getshowTextBox().click();\nwebControl.getDisplayedTextBox().should('be.visible'); //radio buttons\nwebControl.getRadioButton().check().should('be.checked');",
              "err": {},
              "uuid": "3ffe9f6c-06ae-4771-afb7-e1e6d8ea7c10",
              "parentUUID": "766105b2-5f41-49ac-9b3c-ed665b79a48d",
              "isHook": false,
              "skipped": false
            },
            {
              "title": "Hadnling Alert & Child Tab",
              "fullTitle": "TestWebControlUI Hadnling Alert & Child Tab",
              "timedOut": null,
              "duration": 7111,
              "state": "passed",
              "speed": "medium",
              "pass": true,
              "fail": false,
              "pending": false,
              "context": null,
              "code": "//Check boxes\ncy.visit(Cypress.env('TestWebControlURL'));\nwebControl.getAlertButton().click();\nwebControl.getConfirmButton().click();\ncy.on('window:alert', str => {\n  //Mocha\n  expect(str).to.equal('Hello , share this practice page and share your knowledge');\n});\ncy.on('window:confirm', str => {\n  //Mocha\n  expect(str).to.equal('Hello , Are you sure you want to confirm?');\n});\nwebControl.getOpenTab().invoke('removeAttr', 'target').click();\ncy.url().should('include', 'rahulshettyacademy');\ncy.go('back');",
              "err": {},
              "uuid": "e21f3bbc-e26d-4383-9c7b-14873fef3354",
              "parentUUID": "766105b2-5f41-49ac-9b3c-ed665b79a48d",
              "isHook": false,
              "skipped": false
            },
            {
              "title": "Mouse Hover & Force Click",
              "fullTitle": "TestWebControlUI Mouse Hover & Force Click",
              "timedOut": null,
              "duration": 3094,
              "state": "passed",
              "speed": "fast",
              "pass": true,
              "fail": false,
              "pending": false,
              "context": null,
              "code": "cy.visit(Cypress.env('TestWebControlURL'));\nwebControl.getMouseHover().invoke('show');\ncy.contains('Top').click({\n  force: true\n});\ncy.url().should('include', 'top');",
              "err": {},
              "uuid": "d6e2e14a-26c0-4edf-b2da-275f1de3b3ad",
              "parentUUID": "766105b2-5f41-49ac-9b3c-ed665b79a48d",
              "isHook": false,
              "skipped": false
            },
            {
              "title": "IFrameTest",
              "fullTitle": "TestWebControlUI IFrameTest",
              "timedOut": null,
              "duration": 2380,
              "state": "passed",
              "speed": "fast",
              "pass": true,
              "fail": false,
              "pending": false,
              "context": null,
              "code": "cy.visit(Cypress.env('TestWebControlURL'));\ncy.frameLoaded(\"#courses-iframe\");\ncy.iframe().find(\"a[href*='mentorship']\").eq(0).click(); //cy.iframe().find(\"h1[class*='pricing-title']\").should('have.length',2)",
              "err": {},
              "uuid": "cd02b6c3-e042-48d3-89f3-65070d97f67c",
              "parentUUID": "766105b2-5f41-49ac-9b3c-ed665b79a48d",
              "isHook": false,
              "skipped": false
            }
          ],
          "suites": [],
          "passes": [
            "3ffe9f6c-06ae-4771-afb7-e1e6d8ea7c10",
            "e21f3bbc-e26d-4383-9c7b-14873fef3354",
            "d6e2e14a-26c0-4edf-b2da-275f1de3b3ad",
            "cd02b6c3-e042-48d3-89f3-65070d97f67c"
          ],
          "failures": [],
          "pending": [],
          "skipped": [],
          "duration": 20426,
          "root": false,
          "rootEmpty": false,
          "_timeout": 2000
        }
      ],
      "passes": [],
      "failures": [],
      "pending": [],
      "skipped": [],
      "duration": 0,
      "root": true,
      "rootEmpty": true,
      "_timeout": 2000
    },
    {
      "uuid": "da113d38-6e16-4e5b-986b-e3eb06ad1535",
      "title": "",
      "fullFile": "cypress/integration/ApiSecurityTest.js",
      "file": "cypress/integration/ApiSecurityTest.js",
      "beforeHooks": [],
      "afterHooks": [],
      "tests": [],
      "suites": [
        {
          "uuid": "a1a7ecc9-e71f-4cd8-a407-dccdcc74b826",
          "title": "Api Security Test Suite",
          "fullFile": "",
          "file": "",
          "beforeHooks": [],
          "afterHooks": [],
          "tests": [
            {
              "title": "Api Security Test case",
              "fullTitle": "Api Security Test Suite Api Security Test case",
              "timedOut": null,
              "duration": 1424,
              "state": "passed",
              "speed": "fast",
              "pass": true,
              "fail": false,
              "pending": false,
              "context": null,
              "code": "cy.visit(Cypress.env('ApiTestURL'));\ncy.intercept('GET', 'https://rahulshettyacademy.com/Library/GetBook.php?AuthorName=shetty', req => {\n  req.url = \"https://rahulshettyacademy.com/Library/GetBook.php?AuthorName=malhotra\";\n  req.continue(res => {// expect(res.statusCode).to.equal(403)\n  });\n}).as(\"dummyUrl\");\ncy.get(\"button[class='btn btn-primary']\").click();\ncy.wait('@dummyUrl');",
              "err": {},
              "uuid": "ea9ab9c7-881b-447b-8082-9d7987aad5a2",
              "parentUUID": "a1a7ecc9-e71f-4cd8-a407-dccdcc74b826",
              "isHook": false,
              "skipped": false
            }
          ],
          "suites": [],
          "passes": [
            "ea9ab9c7-881b-447b-8082-9d7987aad5a2"
          ],
          "failures": [],
          "pending": [],
          "skipped": [],
          "duration": 1424,
          "root": false,
          "rootEmpty": false,
          "_timeout": 2000
        }
      ],
      "passes": [],
      "failures": [],
      "pending": [],
      "skipped": [],
      "duration": 0,
      "root": true,
      "rootEmpty": true,
      "_timeout": 2000
    },
    {
      "uuid": "49820257-de58-4e84-9fe4-b161f96da5b8",
      "title": "",
      "fullFile": "cypress/integration/ApiTest.js",
      "file": "cypress/integration/ApiTest.js",
      "beforeHooks": [],
      "afterHooks": [],
      "tests": [],
      "suites": [
        {
          "uuid": "d157c679-230f-4256-a4aa-fb2b21d6514a",
          "title": "Api Test Suite",
          "fullFile": "",
          "file": "",
          "beforeHooks": [],
          "afterHooks": [],
          "tests": [
            {
              "title": "My Api Test case",
              "fullTitle": "Api Test Suite My Api Test case",
              "timedOut": null,
              "duration": 1185,
              "state": "passed",
              "speed": "fast",
              "pass": true,
              "fail": false,
              "pending": false,
              "context": null,
              "code": "cy.visit(Cypress.env('ApiTestURL'));\ncy.intercept({\n  method: 'GET',\n  url: Cypress.env('RSAPI')\n}, {\n  statusCode: 200,\n  body: [{\n    \"book_name\": \"RestAssured with Java\",\n    \"isbn\": \"RSU\",\n    \"aisle\": \"2301\"\n  }]\n}).as('bookretrievals');\napiTest.primaryButton().click();\ncy.wait('@bookretrievals').should(({\n  request,\n  response\n}) => {\n  cy.get('tr').should('have.length', response.body.length + 1);\n});\ncy.get('p').should('have.text', 'Oops only 1 Book available'); //length of the response array = rows of the table\n//#endregion ApiTest",
              "err": {},
              "uuid": "209c9e0e-296b-47c0-8b70-25030a3bf58f",
              "parentUUID": "d157c679-230f-4256-a4aa-fb2b21d6514a",
              "isHook": false,
              "skipped": false
            }
          ],
          "suites": [],
          "passes": [
            "209c9e0e-296b-47c0-8b70-25030a3bf58f"
          ],
          "failures": [],
          "pending": [],
          "skipped": [],
          "duration": 1185,
          "root": false,
          "rootEmpty": false,
          "_timeout": 2000
        }
      ],
      "passes": [],
      "failures": [],
      "pending": [],
      "skipped": [],
      "duration": 0,
      "root": true,
      "rootEmpty": true,
      "_timeout": 2000
    },
    {
      "uuid": "ed672ae3-c289-4295-a7d2-8b19bbdba7e4",
      "title": "",
      "fullFile": "cypress/integration/CNATTApp.js",
      "file": "cypress/integration/CNATTApp.js",
      "beforeHooks": [],
      "afterHooks": [],
      "tests": [],
      "suites": [
        {
          "uuid": "a0dc1d9c-ead8-47e9-a42a-6e230ab734f8",
          "title": "CNATTAppTestSuite",
          "fullFile": "",
          "file": "",
          "beforeHooks": [],
          "afterHooks": [],
          "tests": [
            {
              "title": "Verify User is able to navigate into location page with valid user",
              "fullTitle": "CNATTAppTestSuite Verify User is able to navigate into location page with valid user",
              "timedOut": null,
              "duration": 16407,
              "state": "passed",
              "speed": "slow",
              "pass": true,
              "fail": false,
              "pending": false,
              "context": null,
              "code": "cnatt.getWeatherEvent().click();\ncnatt.getrReschedule().click();\ncnatt.getNextButton().click();\ncy.url().should('include', 'location'); //cy.url().should('eq', 'https://sr-cx-cnatt-ui-dev.nonprod.proproctor.prometric.com/location')",
              "err": {},
              "uuid": "9db99ebc-d1b9-458d-acb5-e0d993c7d4bf",
              "parentUUID": "a0dc1d9c-ead8-47e9-a42a-6e230ab734f8",
              "isHook": false,
              "skipped": false
            },
            {
              "title": "Verify User is able to select location from option and navigate into impact dates page",
              "fullTitle": "CNATTAppTestSuite Verify User is able to select location from option and navigate into impact dates page",
              "timedOut": null,
              "duration": 4315,
              "state": "passed",
              "speed": "fast",
              "pass": true,
              "fail": false,
              "pending": false,
              "context": null,
              "code": "cnatt.getLocationTextBox();\ncnatt.getLocationAutoSuggestion().click();\ncnatt.getLocationNextButton().click();\ncy.url().should('include', 'impact-dates'); //cy.url().should('eq', 'https://sr-cx-cnatt-ui-dev.nonprod.proproctor.prometric.com/impact-dates')",
              "err": {},
              "uuid": "38bc41fa-cfba-42c0-a8b5-7b3166d11aa8",
              "parentUUID": "a0dc1d9c-ead8-47e9-a42a-6e230ab734f8",
              "isHook": false,
              "skipped": false
            },
            {
              "title": "Verify after select cancellation & reschedule date range user able to navigate into create-csv page",
              "fullTitle": "CNATTAppTestSuite Verify after select cancellation & reschedule date range user able to navigate into create-csv page",
              "timedOut": null,
              "duration": 469,
              "state": "passed",
              "speed": "fast",
              "pass": true,
              "fail": false,
              "pending": false,
              "context": null,
              "code": "cnatt.getDisplacementCalendarTextBox().click({\n  force: true\n});\ncnatt.getRescheduleStartDate().click({\n  force: true\n});\ncnatt.getRescheduleEndDate().click({\n  force: true\n});\ncnatt.getOutside();\ncnatt.getScrollDown();\ncnatt.getImpactDatesNextButton().click();\ncnatt.getCreateCSVHeader().contains('Prometric-Initiated Displacement Form');",
              "err": {},
              "uuid": "29af5658-6e9d-4fc1-aa4a-3e95dcd92fa0",
              "parentUUID": "a0dc1d9c-ead8-47e9-a42a-6e230ab734f8",
              "isHook": false,
              "skipped": false
            },
            {
              "title": "Verify after select proper option on create csv page user is able to navigate into csv preview page",
              "fullTitle": "CNATTAppTestSuite Verify after select proper option on create csv page user is able to navigate into csv preview page",
              "timedOut": null,
              "duration": 1572,
              "state": "passed",
              "speed": "fast",
              "pass": true,
              "fail": false,
              "pending": false,
              "context": null,
              "code": "cnatt.getScrollDown();\ncnatt.getCreateCSVNextButton().click();\ncnatt.getCSVPreviewHeader().contains('Please review CSV: ');",
              "err": {},
              "uuid": "16b30ce9-89fd-4075-b447-96e32ecda0d5",
              "parentUUID": "a0dc1d9c-ead8-47e9-a42a-6e230ab734f8",
              "isHook": false,
              "skipped": false
            },
            {
              "title": "Verify User is able to navigate into Download csv page",
              "fullTitle": "CNATTAppTestSuite Verify User is able to navigate into Download csv page",
              "timedOut": null,
              "duration": 488,
              "state": "passed",
              "speed": "fast",
              "pass": true,
              "fail": false,
              "pending": false,
              "context": null,
              "code": "cnatt.getScrollDown();\ncnatt.getCSVPreviewNextButton().click();\ncnatt.getDownloadCSVHeader().contains('Your .csv file is ready to download');",
              "err": {},
              "uuid": "cf5b9201-8d42-4f63-a6f8-38e412df3193",
              "parentUUID": "a0dc1d9c-ead8-47e9-a42a-6e230ab734f8",
              "isHook": false,
              "skipped": false
            },
            {
              "title": "Verify file is downloaded successfully",
              "fullTitle": "CNATTAppTestSuite Verify file is downloaded successfully",
              "timedOut": null,
              "duration": 109,
              "state": "passed",
              "speed": "fast",
              "pass": true,
              "fail": false,
              "pending": false,
              "context": null,
              "code": "cnatt.getScrollDown();\ncnatt.getDownloadCSVButton().click();\ncy.readFile(Cypress.config(\"fileServerFolder\") + \"/cypress/downloads/06.15.2022_Boston, MA_weather_reschedule.csv\");",
              "err": {},
              "uuid": "7b327b65-27c3-4b1c-ace5-aadd345f91d9",
              "parentUUID": "a0dc1d9c-ead8-47e9-a42a-6e230ab734f8",
              "isHook": false,
              "skipped": false
            }
          ],
          "suites": [],
          "passes": [
            "9db99ebc-d1b9-458d-acb5-e0d993c7d4bf",
            "38bc41fa-cfba-42c0-a8b5-7b3166d11aa8",
            "29af5658-6e9d-4fc1-aa4a-3e95dcd92fa0",
            "16b30ce9-89fd-4075-b447-96e32ecda0d5",
            "cf5b9201-8d42-4f63-a6f8-38e412df3193",
            "7b327b65-27c3-4b1c-ace5-aadd345f91d9"
          ],
          "failures": [],
          "pending": [],
          "skipped": [],
          "duration": 23360,
          "root": false,
          "rootEmpty": false,
          "_timeout": 2000
        }
      ],
      "passes": [],
      "failures": [],
      "pending": [],
      "skipped": [],
      "duration": 0,
      "root": true,
      "rootEmpty": true,
      "_timeout": 2000
    },
    {
      "uuid": "572cfa18-177b-41aa-82f1-f6ab6c43fb97",
      "title": "",
      "fullFile": "cypress/integration/PrometricTest.js",
      "file": "cypress/integration/PrometricTest.js",
      "beforeHooks": [],
      "afterHooks": [],
      "tests": [],
      "suites": [
        {
          "uuid": "a28a6231-35c1-4afe-b47c-90ccdc8529ed",
          "title": "PrometricTestSuite",
          "fullFile": "",
          "file": "",
          "beforeHooks": [],
          "afterHooks": [],
          "tests": [
            {
              "title": "Verify Title Of the Page!",
              "fullTitle": "PrometricTestSuite Verify Title Of the Page!",
              "timedOut": null,
              "duration": 3368,
              "state": "passed",
              "speed": "fast",
              "pass": true,
              "fail": false,
              "pending": false,
              "context": null,
              "code": "cy.visit(Cypress.env('Prometricurl'));\ncy.title().should('eq', 'React App');",
              "err": {},
              "uuid": "b1b748c8-86b6-40d4-8790-aa16e3dee26f",
              "parentUUID": "a28a6231-35c1-4afe-b47c-90ccdc8529ed",
              "isHook": false,
              "skipped": false
            },
            {
              "title": "Verify Upon inserting valid url user navigate into welcome page",
              "fullTitle": "PrometricTestSuite Verify Upon inserting valid url user navigate into welcome page",
              "timedOut": null,
              "duration": 431,
              "state": "passed",
              "speed": "fast",
              "pass": true,
              "fail": false,
              "pending": false,
              "context": null,
              "code": "cy.visit(Cypress.env('Prometricurl'));\ncy.url().should('include', 'proproctor'); //cy.url().should('eq', 'https://sr-cx-registration-scheduling-ui-bil.nonprod.proproctor.prometric.com/')",
              "err": {},
              "uuid": "0456c315-725d-4623-ae8a-698c658dba56",
              "parentUUID": "a28a6231-35c1-4afe-b47c-90ccdc8529ed",
              "isHook": false,
              "skipped": false
            },
            {
              "title": "Verify welcome text on the page",
              "fullTitle": "PrometricTestSuite Verify welcome text on the page",
              "timedOut": null,
              "duration": 382,
              "state": "passed",
              "speed": "fast",
              "pass": true,
              "fail": false,
              "pending": false,
              "context": null,
              "code": "cy.visit(Cypress.env('Prometricurl'));\nprometric.getwelcomeText().contains('Welcome to Prometric’s secure portal.');",
              "err": {},
              "uuid": "e3e7ba9a-456a-4c05-8b13-3bf6b3fa9e92",
              "parentUUID": "a28a6231-35c1-4afe-b47c-90ccdc8529ed",
              "isHook": false,
              "skipped": false
            },
            {
              "title": "Verify proper URL is display upon navigate into another page",
              "fullTitle": "PrometricTestSuite Verify proper URL is display upon navigate into another page",
              "timedOut": null,
              "duration": 483,
              "state": "passed",
              "speed": "fast",
              "pass": true,
              "fail": false,
              "pending": false,
              "context": null,
              "code": "cy.visit(Cypress.env('Prometricurl'));\nprometric.getStartedButton().click();\ncy.url().should('include', 'getstarted'); //cy.url().should('eq', 'https://sr-cx-registration-scheduling-ui-bil.nonprod.proproctor.prometric.com/getstarted')",
              "err": {},
              "uuid": "f0d22c4d-fc0b-4334-8e71-38679803da89",
              "parentUUID": "a28a6231-35c1-4afe-b47c-90ccdc8529ed",
              "isHook": false,
              "skipped": false
            },
            {
              "title": "Verify English is display as language option on welcome page",
              "fullTitle": "PrometricTestSuite Verify English is display as language option on welcome page",
              "timedOut": null,
              "duration": 468,
              "state": "passed",
              "speed": "fast",
              "pass": true,
              "fail": false,
              "pending": false,
              "context": null,
              "code": "cy.visit(Cypress.env('Prometricurl'));\nprometric.getLanguageDropDown().click();\nprometric.getLanguageDropDownBox().should('have.text', 'English');",
              "err": {},
              "uuid": "afca230b-e532-427e-bbb5-aa12579fc3d6",
              "parentUUID": "a28a6231-35c1-4afe-b47c-90ccdc8529ed",
              "isHook": false,
              "skipped": false
            },
            {
              "title": "Verify Upon inserting valid url user navigate into verify page",
              "fullTitle": "PrometricTestSuite Verify Upon inserting valid url user navigate into verify page",
              "timedOut": null,
              "duration": 694,
              "state": "passed",
              "speed": "fast",
              "pass": true,
              "fail": false,
              "pending": false,
              "context": null,
              "code": "const prometric = new _PrometricTest.default();\ncy.visit(Cypress.env('PrometricVerifyurl'));\ncy.url().should('include', 'verify'); //cy.url().should('eq', 'https://sr-cx-registration-scheduling-ui-bil.nonprod.proproctor.prometric.com/verify')",
              "err": {},
              "uuid": "4f176385-9dc0-4784-805c-18d023befdc2",
              "parentUUID": "a28a6231-35c1-4afe-b47c-90ccdc8529ed",
              "isHook": false,
              "skipped": false
            },
            {
              "title": "Verify welcome text on the page",
              "fullTitle": "PrometricTestSuite Verify welcome text on the page",
              "timedOut": null,
              "duration": 389,
              "state": "passed",
              "speed": "fast",
              "pass": true,
              "fail": false,
              "pending": false,
              "context": null,
              "code": "const prometric = new _PrometricTest.default();\ncy.visit(Cypress.env('PrometricVerifyurl'));\nprometric.getVerifyWelcomeText().contains('Your full name must match what is on your government-issued ID.​');",
              "err": {},
              "uuid": "5f1bdbd7-7fe3-4acc-9e00-3232abaec98b",
              "parentUUID": "a28a6231-35c1-4afe-b47c-90ccdc8529ed",
              "isHook": false,
              "skipped": false
            },
            {
              "title": "Verify user check on check-box of I verify that this information matches my ID then navigate into mock page",
              "fullTitle": "PrometricTestSuite Verify user check on check-box of I verify that this information matches my ID then navigate into mock page",
              "timedOut": null,
              "duration": 4595,
              "state": "passed",
              "speed": "fast",
              "pass": true,
              "fail": false,
              "pending": false,
              "context": null,
              "code": "const prometric = new _PrometricTest.default();\ncy.visit(Cypress.env('PrometricVerifyurl'));\nprometric.getVerifyIdCheckbox().click();\ncy.wait(4000);\nprometric.getEnabledButton().click();\ncy.url().should('include', 'reserve-exam'); //cy.url().should('eq', 'https://sr-cx-registration-scheduling-ui-bil.nonprod.proproctor.prometric.com/reserve-exam')",
              "err": {},
              "uuid": "0cf2a75e-2bf2-441d-86ee-26fe54e24bcd",
              "parentUUID": "a28a6231-35c1-4afe-b47c-90ccdc8529ed",
              "isHook": false,
              "skipped": false
            },
            {
              "title": "Verify user redirect into proper page when click on Make a Change Link",
              "fullTitle": "PrometricTestSuite Verify user redirect into proper page when click on Make a Change Link",
              "timedOut": null,
              "duration": 463,
              "state": "passed",
              "speed": "fast",
              "pass": true,
              "fail": false,
              "pending": false,
              "context": null,
              "code": "const prometric = new _PrometricTest.default();\ncy.visit(Cypress.env('PrometricVerifyurl'));\nprometric.getMakeAChangeLink().click();\nprometric.getModalHeader().contains('Please contact your test sponsor to update your personal information.');",
              "err": {},
              "uuid": "571ca6b0-12a3-4fc3-baf3-2e198a0fc3fa",
              "parentUUID": "a28a6231-35c1-4afe-b47c-90ccdc8529ed",
              "isHook": false,
              "skipped": false
            },
            {
              "title": "Verify English is display as language option on verify page",
              "fullTitle": "PrometricTestSuite Verify English is display as language option on verify page",
              "timedOut": null,
              "duration": 1298,
              "state": "passed",
              "speed": "fast",
              "pass": true,
              "fail": false,
              "pending": false,
              "context": null,
              "code": "cy.visit(Cypress.env('Prometricurl'));\nprometric.getLanguageDropDown().click();\nprometric.getLanguageDropDownBox().should('have.text', 'English');",
              "err": {},
              "uuid": "df1fd221-46bb-49da-a8e8-c7c5e4ab176b",
              "parentUUID": "a28a6231-35c1-4afe-b47c-90ccdc8529ed",
              "isHook": false,
              "skipped": false
            }
          ],
          "suites": [],
          "passes": [
            "b1b748c8-86b6-40d4-8790-aa16e3dee26f",
            "0456c315-725d-4623-ae8a-698c658dba56",
            "e3e7ba9a-456a-4c05-8b13-3bf6b3fa9e92",
            "f0d22c4d-fc0b-4334-8e71-38679803da89",
            "afca230b-e532-427e-bbb5-aa12579fc3d6",
            "4f176385-9dc0-4784-805c-18d023befdc2",
            "5f1bdbd7-7fe3-4acc-9e00-3232abaec98b",
            "0cf2a75e-2bf2-441d-86ee-26fe54e24bcd",
            "571ca6b0-12a3-4fc3-baf3-2e198a0fc3fa",
            "df1fd221-46bb-49da-a8e8-c7c5e4ab176b"
          ],
          "failures": [],
          "pending": [],
          "skipped": [],
          "duration": 12571,
          "root": false,
          "rootEmpty": false,
          "_timeout": 2000
        }
      ],
      "passes": [],
      "failures": [],
      "pending": [],
      "skipped": [],
      "duration": 0,
      "root": true,
      "rootEmpty": true,
      "_timeout": 2000
    },
    {
      "uuid": "2d7f173d-c913-464c-b637-c7c980c7b96b",
      "title": "",
      "fullFile": "cypress/integration/TestFramework.js",
      "file": "cypress/integration/TestFramework.js",
      "beforeHooks": [],
      "afterHooks": [],
      "tests": [],
      "suites": [
        {
          "uuid": "40dac0d9-94cd-4d48-af69-7e1e273e7cc3",
          "title": "TestFrameworkTestSuite",
          "fullFile": "",
          "file": "",
          "beforeHooks": [],
          "afterHooks": [],
          "tests": [
            {
              "title": "Verify user is able to redirect into site",
              "fullTitle": "TestFrameworkTestSuite Verify user is able to redirect into site",
              "timedOut": null,
              "duration": 1198,
              "state": "passed",
              "speed": "fast",
              "pass": true,
              "fail": false,
              "pending": false,
              "context": null,
              "code": "cy.url().should('eq', 'https://rahulshettyacademy.com/angularpractice/');",
              "err": {},
              "uuid": "bf066c9a-c7c9-4d6c-91dc-475db83c811c",
              "parentUUID": "40dac0d9-94cd-4d48-af69-7e1e273e7cc3",
              "isHook": false,
              "skipped": false
            },
            {
              "title": "Verify user is able to submit the form",
              "fullTitle": "TestFrameworkTestSuite Verify user is able to submit the form",
              "timedOut": null,
              "duration": 875,
              "state": "passed",
              "speed": "fast",
              "pass": true,
              "fail": false,
              "pending": false,
              "context": null,
              "code": "homePage.getEditBox().type(this.data.name);\nhomePage.getGender().select(this.data.gender);\nhomePage.getTwoWayDataBinding().should('have.value', \"Darshit\");\nhomePage.getEntrepreneaur().should('be.disabled');\nCypress.config('defaultCommandTimeout', 8000);\nhomePage.getSubmitButton().click();\nhomePage.getSubmitFormMessage().contains('Success! The Form has been submitted successfully!.');",
              "err": {},
              "uuid": "c9bc1ebb-bb4e-4a8e-a704-90e0de47c11a",
              "parentUUID": "40dac0d9-94cd-4d48-af69-7e1e273e7cc3",
              "isHook": false,
              "skipped": false
            },
            {
              "title": "Verify user is able to redirect into shopping tab",
              "fullTitle": "TestFrameworkTestSuite Verify user is able to redirect into shopping tab",
              "timedOut": null,
              "duration": 34117,
              "state": "passed",
              "speed": "slow",
              "pass": true,
              "fail": false,
              "pending": false,
              "context": null,
              "code": "homePage.getShopTab().click();\ncy.url().should('include', 'shop'); //cy.url().should('eq', 'https://rahulshettyacademy.com/angularpractice/shop')",
              "err": {},
              "uuid": "131489b3-610f-44dc-af09-259728d4f9b7",
              "parentUUID": "40dac0d9-94cd-4d48-af69-7e1e273e7cc3",
              "isHook": false,
              "skipped": false
            },
            {
              "title": "Verify user is able to navigate into check-out page successfully",
              "fullTitle": "TestFrameworkTestSuite Verify user is able to navigate into check-out page successfully",
              "timedOut": null,
              "duration": 2077,
              "state": "passed",
              "speed": "fast",
              "pass": true,
              "fail": false,
              "pending": false,
              "context": null,
              "code": "homePage.getShopTab().click();\nhomePage.getAddToCart1().click();\nhomePage.getAddToCart2().click();\nhomePage.getCheckout().click();",
              "err": {},
              "uuid": "a6adce66-0743-4734-b97a-892eef21942a",
              "parentUUID": "40dac0d9-94cd-4d48-af69-7e1e273e7cc3",
              "isHook": false,
              "skipped": false
            },
            {
              "title": "Verify user is able to place order successfully",
              "fullTitle": "TestFrameworkTestSuite Verify user is able to place order successfully",
              "timedOut": null,
              "duration": 18610,
              "state": "passed",
              "speed": "slow",
              "pass": true,
              "fail": false,
              "pending": false,
              "context": null,
              "code": "homePage.getShopTab().click();\nhomePage.getAddToCart1().click();\nhomePage.getAddToCart2().click();\nhomePage.getCheckout().click();\nhomePage.getCheckoutButton().click();\nhomePage.getCountryTextBox().type('India');\nhomePage.getSuggestionOption().click();\nhomePage.getAgreeCheckBox().click();\nhomePage.getPurchasedButton().click();\nhomePage.getOrderSuccessfullMessage().contains('Success! Thank you! Your order will be delivered in next few weeks :-).');",
              "err": {},
              "uuid": "242fbd8c-9dbb-4bba-8b5c-ea291481168a",
              "parentUUID": "40dac0d9-94cd-4d48-af69-7e1e273e7cc3",
              "isHook": false,
              "skipped": false
            }
          ],
          "suites": [],
          "passes": [
            "bf066c9a-c7c9-4d6c-91dc-475db83c811c",
            "c9bc1ebb-bb4e-4a8e-a704-90e0de47c11a",
            "131489b3-610f-44dc-af09-259728d4f9b7",
            "a6adce66-0743-4734-b97a-892eef21942a",
            "242fbd8c-9dbb-4bba-8b5c-ea291481168a"
          ],
          "failures": [],
          "pending": [],
          "skipped": [],
          "duration": 56877,
          "root": false,
          "rootEmpty": false,
          "_timeout": 2000
        }
      ],
      "passes": [],
      "failures": [],
      "pending": [],
      "skipped": [],
      "duration": 0,
      "root": true,
      "rootEmpty": true,
      "_timeout": 2000
    },
    {
      "uuid": "3ce33e5f-6c0e-4b35-b718-71f6ac82830a",
      "title": "",
      "fullFile": "cypress/integration/TestWebControlUI.js",
      "file": "cypress/integration/TestWebControlUI.js",
      "beforeHooks": [],
      "afterHooks": [],
      "tests": [],
      "suites": [
        {
          "uuid": "aa639a3f-6cbe-4909-b789-5e3631c49cef",
          "title": "TestWebControlUI",
          "fullFile": "",
          "file": "",
          "beforeHooks": [],
          "afterHooks": [],
          "tests": [
            {
              "title": "Handling Web Control UI",
              "fullTitle": "TestWebControlUI Handling Web Control UI",
              "timedOut": null,
              "duration": 7770,
              "state": "passed",
              "speed": "medium",
              "pass": true,
              "fail": false,
              "pending": false,
              "context": null,
              "code": "//Check boxes\ncy.visit(Cypress.env('TestWebControlURL'));\nwebControl.getcheckBoxOption1().check().should('be.checked').and('have.value', 'option1');\nwebControl.getcheckBoxOption1().uncheck().should('not.be.checked');\nwebControl.getcheckBox().check(['option2', 'option3']); //Static Dropdown\nwebControl.getcheckBoxOption2().should('have.value', 'option2'); //Dynamic dropdowns\nwebControl.getAutoComplete().type('ind');\ncy.get('.ui-menu-item div').each(($e1, index, $list) => {\n  if ($e1.text() === \"India\") {\n    $e1.click();\n  }\n}); //autocomplete\nwebControl.getAutoComplete().should('have.value', 'India'); //visible invisible\nwebControl.getDisplayedTextBox().should('be.visible');\nwebControl.getHideTextBox().click();\nwebControl.getDisplayedTextBox().should('not.be.visible');\nwebControl.getshowTextBox().click();\nwebControl.getDisplayedTextBox().should('be.visible'); //radio buttons\nwebControl.getRadioButton().check().should('be.checked');",
              "err": {},
              "uuid": "def2089a-9d99-46ca-af18-a958fd3c0b6a",
              "parentUUID": "aa639a3f-6cbe-4909-b789-5e3631c49cef",
              "isHook": false,
              "skipped": false
            },
            {
              "title": "Hadnling Alert & Child Tab",
              "fullTitle": "TestWebControlUI Hadnling Alert & Child Tab",
              "timedOut": null,
              "duration": 7231,
              "state": "passed",
              "speed": "medium",
              "pass": true,
              "fail": false,
              "pending": false,
              "context": null,
              "code": "//Check boxes\ncy.visit(Cypress.env('TestWebControlURL'));\nwebControl.getAlertButton().click();\nwebControl.getConfirmButton().click();\ncy.on('window:alert', str => {\n  //Mocha\n  expect(str).to.equal('Hello , share this practice page and share your knowledge');\n});\ncy.on('window:confirm', str => {\n  //Mocha\n  expect(str).to.equal('Hello , Are you sure you want to confirm?');\n});\nwebControl.getOpenTab().invoke('removeAttr', 'target').click();\ncy.url().should('include', 'rahulshettyacademy');\ncy.go('back');",
              "err": {},
              "uuid": "705dfb66-3099-474d-906e-c5d93f8a04f4",
              "parentUUID": "aa639a3f-6cbe-4909-b789-5e3631c49cef",
              "isHook": false,
              "skipped": false
            },
            {
              "title": "Mouse Hover & Force Click",
              "fullTitle": "TestWebControlUI Mouse Hover & Force Click",
              "timedOut": null,
              "duration": 1883,
              "state": "passed",
              "speed": "fast",
              "pass": true,
              "fail": false,
              "pending": false,
              "context": null,
              "code": "cy.visit(Cypress.env('TestWebControlURL'));\nwebControl.getMouseHover().invoke('show');\ncy.contains('Top').click({\n  force: true\n});\ncy.url().should('include', 'top');",
              "err": {},
              "uuid": "c7f90998-298d-4b47-b7e3-4b8cb52fee02",
              "parentUUID": "aa639a3f-6cbe-4909-b789-5e3631c49cef",
              "isHook": false,
              "skipped": false
            },
            {
              "title": "IFrameTest",
              "fullTitle": "TestWebControlUI IFrameTest",
              "timedOut": null,
              "duration": 3667,
              "state": "passed",
              "speed": "fast",
              "pass": true,
              "fail": false,
              "pending": false,
              "context": null,
              "code": "cy.visit(Cypress.env('TestWebControlURL'));\ncy.frameLoaded(\"#courses-iframe\");\ncy.iframe().find(\"a[href*='mentorship']\").eq(0).click(); //cy.iframe().find(\"h1[class*='pricing-title']\").should('have.length',2)",
              "err": {},
              "uuid": "40491fe9-a96e-4192-9cde-3cbfef909fc8",
              "parentUUID": "aa639a3f-6cbe-4909-b789-5e3631c49cef",
              "isHook": false,
              "skipped": false
            }
          ],
          "suites": [],
          "passes": [
            "def2089a-9d99-46ca-af18-a958fd3c0b6a",
            "705dfb66-3099-474d-906e-c5d93f8a04f4",
            "c7f90998-298d-4b47-b7e3-4b8cb52fee02",
            "40491fe9-a96e-4192-9cde-3cbfef909fc8"
          ],
          "failures": [],
          "pending": [],
          "skipped": [],
          "duration": 20551,
          "root": false,
          "rootEmpty": false,
          "_timeout": 2000
        }
      ],
      "passes": [],
      "failures": [],
      "pending": [],
      "skipped": [],
      "duration": 0,
      "root": true,
      "rootEmpty": true,
      "_timeout": 2000
    },
    {
      "uuid": "4218d28c-6d46-4581-9b00-2b029750f815",
      "title": "",
      "fullFile": "cypress/integration/ApiSecurityTest.js",
      "file": "cypress/integration/ApiSecurityTest.js",
      "beforeHooks": [],
      "afterHooks": [],
      "tests": [],
      "suites": [
        {
          "uuid": "57b0c1d2-c6e3-4652-8f43-7b2a94b15315",
          "title": "Api Security Test Suite",
          "fullFile": "",
          "file": "",
          "beforeHooks": [],
          "afterHooks": [],
          "tests": [
            {
              "title": "Api Security Test case",
              "fullTitle": "Api Security Test Suite Api Security Test case",
              "timedOut": null,
              "duration": 1337,
              "state": "passed",
              "speed": "fast",
              "pass": true,
              "fail": false,
              "pending": false,
              "context": null,
              "code": "cy.visit(Cypress.env('ApiTestURL'));\ncy.intercept('GET', 'https://rahulshettyacademy.com/Library/GetBook.php?AuthorName=shetty', req => {\n  req.url = \"https://rahulshettyacademy.com/Library/GetBook.php?AuthorName=malhotra\";\n  req.continue(res => {// expect(res.statusCode).to.equal(403)\n  });\n}).as(\"dummyUrl\");\ncy.get(\"button[class='btn btn-primary']\").click();\ncy.wait('@dummyUrl');",
              "err": {},
              "uuid": "28b76ce8-983b-42f8-9131-ca3d2672080a",
              "parentUUID": "57b0c1d2-c6e3-4652-8f43-7b2a94b15315",
              "isHook": false,
              "skipped": false
            }
          ],
          "suites": [],
          "passes": [
            "28b76ce8-983b-42f8-9131-ca3d2672080a"
          ],
          "failures": [],
          "pending": [],
          "skipped": [],
          "duration": 1337,
          "root": false,
          "rootEmpty": false,
          "_timeout": 2000
        }
      ],
      "passes": [],
      "failures": [],
      "pending": [],
      "skipped": [],
      "duration": 0,
      "root": true,
      "rootEmpty": true,
      "_timeout": 2000
    },
    {
      "uuid": "84e0dbc1-0e70-43da-b89a-51653de27f13",
      "title": "",
      "fullFile": "cypress/integration/ApiTest.js",
      "file": "cypress/integration/ApiTest.js",
      "beforeHooks": [],
      "afterHooks": [],
      "tests": [],
      "suites": [
        {
          "uuid": "67d6e2b6-fa8a-4064-941a-d9248d735a0c",
          "title": "Api Test Suite",
          "fullFile": "",
          "file": "",
          "beforeHooks": [],
          "afterHooks": [],
          "tests": [
            {
              "title": "My Api Test case",
              "fullTitle": "Api Test Suite My Api Test case",
              "timedOut": null,
              "duration": 1185,
              "state": "passed",
              "speed": "fast",
              "pass": true,
              "fail": false,
              "pending": false,
              "context": null,
              "code": "cy.visit(Cypress.env('ApiTestURL'));\ncy.intercept({\n  method: 'GET',\n  url: Cypress.env('RSAPI')\n}, {\n  statusCode: 200,\n  body: [{\n    \"book_name\": \"RestAssured with Java\",\n    \"isbn\": \"RSU\",\n    \"aisle\": \"2301\"\n  }]\n}).as('bookretrievals');\napiTest.primaryButton().click();\ncy.wait('@bookretrievals').should(({\n  request,\n  response\n}) => {\n  cy.get('tr').should('have.length', response.body.length + 1);\n});\ncy.get('p').should('have.text', 'Oops only 1 Book available'); //length of the response array = rows of the table\n//#endregion ApiTest",
              "err": {},
              "uuid": "544e8a0a-85cf-40a3-a44f-c1f1f4b43ee6",
              "parentUUID": "67d6e2b6-fa8a-4064-941a-d9248d735a0c",
              "isHook": false,
              "skipped": false
            }
          ],
          "suites": [],
          "passes": [
            "544e8a0a-85cf-40a3-a44f-c1f1f4b43ee6"
          ],
          "failures": [],
          "pending": [],
          "skipped": [],
          "duration": 1185,
          "root": false,
          "rootEmpty": false,
          "_timeout": 2000
        }
      ],
      "passes": [],
      "failures": [],
      "pending": [],
      "skipped": [],
      "duration": 0,
      "root": true,
      "rootEmpty": true,
      "_timeout": 2000
    },
    {
      "uuid": "65e34a1e-6a82-49c5-9712-0bf7242cc209",
      "title": "",
      "fullFile": "cypress/integration/CNATTApp.js",
      "file": "cypress/integration/CNATTApp.js",
      "beforeHooks": [],
      "afterHooks": [],
      "tests": [],
      "suites": [
        {
          "uuid": "864c5e2c-a177-447c-8347-61debcb45862",
          "title": "CNATTAppTestSuite",
          "fullFile": "",
          "file": "",
          "beforeHooks": [],
          "afterHooks": [],
          "tests": [
            {
              "title": "Verify User is able to navigate into location page with valid user",
              "fullTitle": "CNATTAppTestSuite Verify User is able to navigate into location page with valid user",
              "timedOut": null,
              "duration": 14560,
              "state": "passed",
              "speed": "slow",
              "pass": true,
              "fail": false,
              "pending": false,
              "context": null,
              "code": "cnatt.getWeatherEvent().click();\ncnatt.getrReschedule().click();\ncnatt.getNextButton().click();\ncy.url().should('include', 'location'); //cy.url().should('eq', 'https://sr-cx-cnatt-ui-dev.nonprod.proproctor.prometric.com/location')",
              "err": {},
              "uuid": "2cce29b1-b27b-4e91-abdb-0b17c52510f6",
              "parentUUID": "864c5e2c-a177-447c-8347-61debcb45862",
              "isHook": false,
              "skipped": false
            },
            {
              "title": "Verify User is able to select location from option and navigate into impact dates page",
              "fullTitle": "CNATTAppTestSuite Verify User is able to select location from option and navigate into impact dates page",
              "timedOut": null,
              "duration": 5988,
              "state": "passed",
              "speed": "medium",
              "pass": true,
              "fail": false,
              "pending": false,
              "context": null,
              "code": "cnatt.getLocationTextBox();\ncnatt.getLocationAutoSuggestion().click();\ncnatt.getLocationNextButton().click();\ncy.url().should('include', 'impact-dates'); //cy.url().should('eq', 'https://sr-cx-cnatt-ui-dev.nonprod.proproctor.prometric.com/impact-dates')",
              "err": {},
              "uuid": "a1184f75-356f-4324-9bcd-9b97a332d8db",
              "parentUUID": "864c5e2c-a177-447c-8347-61debcb45862",
              "isHook": false,
              "skipped": false
            },
            {
              "title": "Verify after select cancellation & reschedule date range user able to navigate into create-csv page",
              "fullTitle": "CNATTAppTestSuite Verify after select cancellation & reschedule date range user able to navigate into create-csv page",
              "timedOut": null,
              "duration": 447,
              "state": "passed",
              "speed": "fast",
              "pass": true,
              "fail": false,
              "pending": false,
              "context": null,
              "code": "cnatt.getDisplacementCalendarTextBox().click({\n  force: true\n});\ncnatt.getRescheduleStartDate().click({\n  force: true\n});\ncnatt.getRescheduleEndDate().click({\n  force: true\n});\ncnatt.getOutside();\ncnatt.getScrollDown();\ncnatt.getImpactDatesNextButton().click();\ncnatt.getCreateCSVHeader().contains('Prometric-Initiated Displacement Form');",
              "err": {},
              "uuid": "fdc867c4-49a9-4990-a379-6e6db20623d4",
              "parentUUID": "864c5e2c-a177-447c-8347-61debcb45862",
              "isHook": false,
              "skipped": false
            },
            {
              "title": "Verify after select proper option on create csv page user is able to navigate into csv preview page",
              "fullTitle": "CNATTAppTestSuite Verify after select proper option on create csv page user is able to navigate into csv preview page",
              "timedOut": null,
              "duration": 1520,
              "state": "passed",
              "speed": "fast",
              "pass": true,
              "fail": false,
              "pending": false,
              "context": null,
              "code": "cnatt.getScrollDown();\ncnatt.getCreateCSVNextButton().click();\ncnatt.getCSVPreviewHeader().contains('Please review CSV: ');",
              "err": {},
              "uuid": "dc81770c-2259-478e-b63f-2519dc0ab5ba",
              "parentUUID": "864c5e2c-a177-447c-8347-61debcb45862",
              "isHook": false,
              "skipped": false
            },
            {
              "title": "Verify User is able to navigate into Download csv page",
              "fullTitle": "CNATTAppTestSuite Verify User is able to navigate into Download csv page",
              "timedOut": null,
              "duration": 476,
              "state": "passed",
              "speed": "fast",
              "pass": true,
              "fail": false,
              "pending": false,
              "context": null,
              "code": "cnatt.getScrollDown();\ncnatt.getCSVPreviewNextButton().click();\ncnatt.getDownloadCSVHeader().contains('Your .csv file is ready to download');",
              "err": {},
              "uuid": "768dea2d-c0d0-400f-a318-19fc09643e29",
              "parentUUID": "864c5e2c-a177-447c-8347-61debcb45862",
              "isHook": false,
              "skipped": false
            },
            {
              "title": "Verify file is downloaded successfully",
              "fullTitle": "CNATTAppTestSuite Verify file is downloaded successfully",
              "timedOut": null,
              "duration": 137,
              "state": "passed",
              "speed": "fast",
              "pass": true,
              "fail": false,
              "pending": false,
              "context": null,
              "code": "cnatt.getScrollDown();\ncnatt.getDownloadCSVButton().click();\ncy.readFile(Cypress.config(\"fileServerFolder\") + \"/cypress/downloads/06.15.2022_Boston, MA_weather_reschedule.csv\");",
              "err": {},
              "uuid": "47fd033d-8839-4592-85d5-504441acac5f",
              "parentUUID": "864c5e2c-a177-447c-8347-61debcb45862",
              "isHook": false,
              "skipped": false
            }
          ],
          "suites": [],
          "passes": [
            "2cce29b1-b27b-4e91-abdb-0b17c52510f6",
            "a1184f75-356f-4324-9bcd-9b97a332d8db",
            "fdc867c4-49a9-4990-a379-6e6db20623d4",
            "dc81770c-2259-478e-b63f-2519dc0ab5ba",
            "768dea2d-c0d0-400f-a318-19fc09643e29",
            "47fd033d-8839-4592-85d5-504441acac5f"
          ],
          "failures": [],
          "pending": [],
          "skipped": [],
          "duration": 23128,
          "root": false,
          "rootEmpty": false,
          "_timeout": 2000
        }
      ],
      "passes": [],
      "failures": [],
      "pending": [],
      "skipped": [],
      "duration": 0,
      "root": true,
      "rootEmpty": true,
      "_timeout": 2000
    },
    {
      "uuid": "008dcab1-0786-4183-8860-1afb82109cff",
      "title": "",
      "fullFile": "cypress/integration/PrometricTest.js",
      "file": "cypress/integration/PrometricTest.js",
      "beforeHooks": [],
      "afterHooks": [],
      "tests": [],
      "suites": [
        {
          "uuid": "50286c91-ccd4-480a-a134-ad6682e468d8",
          "title": "PrometricTestSuite",
          "fullFile": "",
          "file": "",
          "beforeHooks": [],
          "afterHooks": [],
          "tests": [
            {
              "title": "Verify Title Of the Page!",
              "fullTitle": "PrometricTestSuite Verify Title Of the Page!",
              "timedOut": null,
              "duration": 3155,
              "state": "passed",
              "speed": "fast",
              "pass": true,
              "fail": false,
              "pending": false,
              "context": null,
              "code": "cy.visit(Cypress.env('Prometricurl'));\ncy.title().should('eq', 'React App');",
              "err": {},
              "uuid": "2b8b1af8-1407-4804-a436-42afc7ab11d9",
              "parentUUID": "50286c91-ccd4-480a-a134-ad6682e468d8",
              "isHook": false,
              "skipped": false
            },
            {
              "title": "Verify Upon inserting valid url user navigate into welcome page",
              "fullTitle": "PrometricTestSuite Verify Upon inserting valid url user navigate into welcome page",
              "timedOut": null,
              "duration": 446,
              "state": "passed",
[...]
              "uuid": "4c35ef08-eaa5-4c65-8773-55278daba6a7",
              "parentUUID": "50286c91-ccd4-480a-a134-ad6682e468d8",
              "isHook": false,
              "skipped": false
            },
            {
              "title": "Verify proper URL is display upon navigate into another page",
              "fullTitle": "PrometricTestSuite Verify proper URL is display upon navigate into another page",
              "timedOut": null,
              "duration": 533,
              "state": "passed",
              "speed": "fast",
              "pass": true,
              "fail": false,
              "pending": false,
              "context": null,
              "code": "cy.visit(Cypress.env('Prometricurl'));\nprometric.getStartedButton().click();\ncy.url().should('include', 'getstarted'); //cy.url().should('eq', 'https://sr-cx-registration-scheduling-ui-bil.nonprod.proproctor.prometric.com/getstarted')",
              "err": {},
              "uuid": "4c308a1f-386e-4b26-a94b-a2315cd55510",
              "parentUUID": "50286c91-ccd4-480a-a134-ad6682e468d8",
              "isHook": false,
              "skipped": false
            },
            {
              "title": "Verify English is display as language option on welcome page",
              "fullTitle": "PrometricTestSuite Verify English is display as language option on welcome page",
              "timedOut": null,
              "duration": 521,
              "state": "passed",
              "speed": "fast",
              "pass": true,
              "fail": false,
              "pending": false,
              "context": null,
              "code": "cy.visit(Cypress.env('Prometricurl'));\nprometric.getLanguageDropDown().click();\nprometric.getLanguageDropDownBox().should('have.text', 'English');",
              "err": {},
              "uuid": "7364d7e7-d5f7-492c-bac4-37537aad13e5",
              "parentUUID": "50286c91-ccd4-480a-a134-ad6682e468d8",
              "isHook": false,
              "skipped": false
            },
            {
              "title": "Verify Upon inserting valid url user navigate into verify page",
              "fullTitle": "PrometricTestSuite Verify Upon inserting valid url user navigate into verify page",
              "timedOut": null,
              "duration": 812,
              "state": "passed",
              "speed": "fast",
              "pass": true,
              "fail": false,
              "pending": false,
              "context": null,
              "code": "const prometric = new _PrometricTest.default();\ncy.visit(Cypress.env('PrometricVerifyurl'));\ncy.url().should('include', 'verify'); //cy.url().should('eq', 'https://sr-cx-registration-scheduling-ui-bil.nonprod.proproctor.prometric.com/verify')",
              "err": {},
              "uuid": "90d0509e-05ac-41e1-b094-54ad89ad989c",
              "parentUUID": "50286c91-ccd4-480a-a134-ad6682e468d8",
              "isHook": false,
              "skipped": false
            },
            {
              "title": "Verify welcome text on the page",
              "fullTitle": "PrometricTestSuite Verify welcome text on the page",
              "timedOut": null,
              "duration": 486,
              "state": "passed",
              "speed": "fast",
              "pass": true,
              "fail": false,
              "pending": false,
              "context": null,
              "code": "const prometric = new _PrometricTest.default();\ncy.visit(Cypress.env('PrometricVerifyurl'));\nprometric.getVerifyWelcomeText().contains('Your full name must match what is on your government-issued ID.​');",
              "err": {},
              "uuid": "5bd19231-9b6c-4e5b-9c29-2442294f636d",
              "parentUUID": "50286c91-ccd4-480a-a134-ad6682e468d8",
              "isHook": false,
              "skipped": false
            },
            {
              "title": "Verify user check on check-box of I verify that this information matches my ID then navigate into mock page",
              "fullTitle": "PrometricTestSuite Verify user check on check-box of I verify that this information matches my ID then navigate into mock page",
              "timedOut": null,
              "duration": 4663,
              "state": "passed",
              "speed": "fast",
              "pass": true,
              "fail": false,
              "pending": false,
              "context": null,
              "code": "const prometric = new _PrometricTest.default();\ncy.visit(Cypress.env('PrometricVerifyurl'));\nprometric.getVerifyIdCheckbox().click();\ncy.wait(4000);\nprometric.getEnabledButton().click();\ncy.url().should('include', 'reserve-exam'); //cy.url().should('eq', 'https://sr-cx-registration-scheduling-ui-bil.nonprod.proproctor.prometric.com/reserve-exam')",
              "err": {},
              "uuid": "ec9118ab-7412-4b8c-9dd3-86fb65498a62",
              "parentUUID": "50286c91-ccd4-480a-a134-ad6682e468d8",
              "isHook": false,
              "skipped": false
            },
            {
              "title": "Verify user redirect into proper page when click on Make a Change Link",
              "fullTitle": "PrometricTestSuite Verify user redirect into proper page when click on Make a Change Link",
              "timedOut": null,
              "duration": 520,
              "state": "passed",
              "speed": "fast",
              "pass": true,
              "fail": false,
              "pending": false,
              "context": null,
              "code": "const prometric = new _PrometricTest.default();\ncy.visit(Cypress.env('PrometricVerifyurl'));\nprometric.getMakeAChangeLink().click();\nprometric.getModalHeader().contains('Please contact your test sponsor to update your personal information.');",
              "err": {},
              "uuid": "710b4dae-ef94-4170-80f7-6d8d71c08b5c",
              "parentUUID": "50286c91-ccd4-480a-a134-ad6682e468d8",
              "isHook": false,
              "skipped": false
            },
            {
              "title": "Verify English is display as language option on verify page",
              "fullTitle": "PrometricTestSuite Verify English is display as language option on verify page",
              "timedOut": null,
              "duration": 1548,
              "state": "passed",
              "speed": "fast",
              "pass": true,
              "fail": false,
              "pending": false,
              "context": null,
              "code": "cy.visit(Cypress.env('Prometricurl'));\nprometric.getLanguageDropDown().click();\nprometric.getLanguageDropDownBox().should('have.text', 'English');",
              "err": {},
              "uuid": "74804144-f9a0-4318-a5b2-5a6f01f080fe",
              "parentUUID": "50286c91-ccd4-480a-a134-ad6682e468d8",
              "isHook": false,
              "skipped": false
            }
          ],
          "suites": [],
          "passes": [
            "2b8b1af8-1407-4804-a436-42afc7ab11d9",
            "d1a9ba7a-c9f7-4ee2-927e-288c58f5cf9f",
            "4c35ef08-eaa5-4c65-8773-55278daba6a7",
            "4c308a1f-386e-4b26-a94b-a2315cd55510",
            "7364d7e7-d5f7-492c-bac4-37537aad13e5",
            "90d0509e-05ac-41e1-b094-54ad89ad989c",
            "5bd19231-9b6c-4e5b-9c29-2442294f636d",
            "ec9118ab-7412-4b8c-9dd3-86fb65498a62",
            "710b4dae-ef94-4170-80f7-6d8d71c08b5c",
            "74804144-f9a0-4318-a5b2-5a6f01f080fe"
          ],
          "failures": [],
          "pending": [],
          "skipped": [],
          "duration": 13153,
          "root": false,
          "rootEmpty": false,
          "_timeout": 2000
        }
      ],
      "passes": [],
      "failures": [],
      "pending": [],
      "skipped": [],
      "duration": 0,
      "root": true,
      "rootEmpty": true,
      "_timeout": 2000
    },
    {
      "uuid": "c770da7c-2e19-4db9-bf37-4e3c8bf9a990",
      "title": "",
      "fullFile": "cypress/integration/TestFramework.js",
      "file": "cypress/integration/TestFramework.js",
      "beforeHooks": [],
      "afterHooks": [],
      "tests": [],
      "suites": [
        {
          "uuid": "dc34804d-731c-432f-b506-09c0548dfc77",
          "title": "TestFrameworkTestSuite",
          "fullFile": "",
          "file": "",
          "beforeHooks": [],
          "afterHooks": [],
          "tests": [
            {
              "title": "Verify user is able to redirect into site",
              "fullTitle": "TestFrameworkTestSuite Verify user is able to redirect into site",
              "timedOut": null,
              "duration": 1369,
              "state": "passed",
              "speed": "fast",
              "pass": true,
              "fail": false,
              "pending": false,
              "context": null,
              "code": "cy.url().should('eq', 'https://rahulshettyacademy.com/angularpractice/');",
              "err": {},
              "uuid": "fb6165c5-cb10-4df4-bffe-d842ce9dd43a",
              "parentUUID": "dc34804d-731c-432f-b506-09c0548dfc77",
              "isHook": false,
              "skipped": false
            },
            {
              "title": "Verify user is able to submit the form",
              "fullTitle": "TestFrameworkTestSuite Verify user is able to submit the form",
              "timedOut": null,
              "duration": 878,
              "state": "passed",
              "speed": "fast",
              "pass": true,
              "fail": false,
              "pending": false,
              "context": null,
              "code": "homePage.getEditBox().type(this.data.name);\nhomePage.getGender().select(this.data.gender);\nhomePage.getTwoWayDataBinding().should('have.value', \"Darshit\");\nhomePage.getEntrepreneaur().should('be.disabled');\nCypress.config('defaultCommandTimeout', 8000);\nhomePage.getSubmitButton().click();\nhomePage.getSubmitFormMessage().contains('Success! The Form has been submitted successfully!.');",
              "err": {},
              "uuid": "39b60cfd-25a7-45d3-bbdd-2a41b8f9a18d",
              "parentUUID": "dc34804d-731c-432f-b506-09c0548dfc77",
              "isHook": false,
              "skipped": false
            },
            {
              "title": "Verify user is able to redirect into shopping tab",
              "fullTitle": "TestFrameworkTestSuite Verify user is able to redirect into shopping tab",
              "timedOut": null,
              "duration": 20869,
              "state": "passed",
              "speed": "slow",
              "pass": true,
              "fail": false,
              "pending": false,
              "context": null,
              "code": "homePage.getShopTab().click();\ncy.url().should('include', 'shop'); //cy.url().should('eq', 'https://rahulshettyacademy.com/angularpractice/shop')",
              "err": {},
              "uuid": "9e8b30e7-da80-442e-98da-3cfc2d9f4a97",
              "parentUUID": "dc34804d-731c-432f-b506-09c0548dfc77",
              "isHook": false,
              "skipped": false
            },
            {
              "title": "Verify user is able to navigate into check-out page successfully",
              "fullTitle": "TestFrameworkTestSuite Verify user is able to navigate into check-out page successfully",
              "timedOut": null,
              "duration": 27270,
              "state": "passed",
              "speed": "slow",
              "pass": true,
              "fail": false,
              "pending": false,
              "context": null,
              "code": "homePage.getShopTab().click();\nhomePage.getAddToCart1().click();\nhomePage.getAddToCart2().click();\nhomePage.getCheckout().click();",
              "err": {},
              "uuid": "476d0d7a-d338-455f-8ca7-d86829ffd673",
              "parentUUID": "dc34804d-731c-432f-b506-09c0548dfc77",
              "isHook": false,
              "skipped": false
            },
            {
              "title": "Verify user is able to place order successfully",
              "fullTitle": "TestFrameworkTestSuite Verify user is able to place order successfully",
              "timedOut": null,
              "duration": 38863,
              "state": "passed",
              "speed": "slow",
              "pass": true,
              "fail": false,
              "pending": false,
              "context": null,
              "code": "homePage.getShopTab().click();\nhomePage.getAddToCart1().click();\nhomePage.getAddToCart2().click();\nhomePage.getCheckout().click();\nhomePage.getCheckoutButton().click();\nhomePage.getCountryTextBox().type('India');\nhomePage.getSuggestionOption().click();\nhomePage.getAgreeCheckBox().click();\nhomePage.getPurchasedButton().click();\nhomePage.getOrderSuccessfullMessage().contains('Success! Thank you! Your order will be delivered in next few weeks :-).');",
              "err": {},
              "uuid": "f1323d9a-4785-4cf6-9775-d3cf1fe8a147",
              "parentUUID": "dc34804d-731c-432f-b506-09c0548dfc77",
              "isHook": false,
              "skipped": false
            }
          ],
          "suites": [],
          "passes": [
            "fb6165c5-cb10-4df4-bffe-d842ce9dd43a",
            "39b60cfd-25a7-45d3-bbdd-2a41b8f9a18d",
            "9e8b30e7-da80-442e-98da-3cfc2d9f4a97",
            "476d0d7a-d338-455f-8ca7-d86829ffd673",
            "f1323d9a-4785-4cf6-9775-d3cf1fe8a147"
          ],
          "failures": [],
          "pending": [],
          "skipped": [],
          "duration": 89249,
          "root": false,
          "rootEmpty": false,
          "_timeout": 2000
        }
      ],
      "passes": [],
      "failures": [],
      "pending": [],
      "skipped": [],
      "duration": 0,
      "root": true,
      "rootEmpty": true,
      "_timeout": 2000
    },
    {
      "uuid": "aa51493c-9fd1-4512-85d2-19d430963120",
      "title": "",
      "fullFile": "cypress/integration/TestWebControlUI.js",
      "file": "cypress/integration/TestWebControlUI.js",
      "beforeHooks": [],
      "afterHooks": [],
      "tests": [],
      "suites": [
        {
          "uuid": "b5b043e8-6548-486e-81df-a005c7e82c5b",
          "title": "TestWebControlUI",
          "fullFile": "",
          "file": "",
          "beforeHooks": [],
          "afterHooks": [],
          "tests": [
            {
              "title": "Handling Web Control UI",
              "fullTitle": "TestWebControlUI Handling Web Control UI",
              "timedOut": null,
              "duration": 7930,
              "state": "passed",
              "speed": "medium",
              "pass": true,
              "fail": false,
              "pending": false,
              "context": null,
              "code": "//Check boxes\ncy.visit(Cypress.env('TestWebControlURL'));\nwebControl.getcheckBoxOption1().check().should('be.checked').and('have.value', 'option1');\nwebControl.getcheckBoxOption1().uncheck().should('not.be.checked');\nwebControl.getcheckBox().check(['option2', 'option3']); //Static Dropdown\nwebControl.getcheckBoxOption2().should('have.value', 'option2'); //Dynamic dropdowns\nwebControl.getAutoComplete().type('ind');\ncy.get('.ui-menu-item div').each(($e1, index, $list) => {\n  if ($e1.text() === \"India\") {\n    $e1.click();\n  }\n}); //autocomplete\nwebControl.getAutoComplete().should('have.value', 'India'); //visible invisible\nwebControl.getDisplayedTextBox().should('be.visible');\nwebControl.getHideTextBox().click();\nwebControl.getDisplayedTextBox().should('not.be.visible');\nwebControl.getshowTextBox().click();\nwebControl.getDisplayedTextBox().should('be.visible'); //radio buttons\nwebControl.getRadioButton().check().should('be.checked');",
              "err": {},
              "uuid": "65f924ed-fea7-4af9-aa93-8781bb99c00d",
              "parentUUID": "b5b043e8-6548-486e-81df-a005c7e82c5b",
              "isHook": false,
              "skipped": false
            },
            {
              "title": "Hadnling Alert & Child Tab",
              "fullTitle": "TestWebControlUI Hadnling Alert & Child Tab",
              "timedOut": null,
              "duration": 7159,
              "state": "passed",
              "speed": "medium",
              "pass": true,
              "fail": false,
              "pending": false,
              "context": null,
              "code": "//Check boxes\ncy.visit(Cypress.env('TestWebControlURL'));\nwebControl.getAlertButton().click();\nwebControl.getConfirmButton().click();\ncy.on('window:alert', str => {\n  //Mocha\n  expect(str).to.equal('Hello , share this practice page and share your knowledge');\n});\ncy.on('window:confirm', str => {\n  //Mocha\n  expect(str).to.equal('Hello , Are you sure you want to confirm?');\n});\nwebControl.getOpenTab().invoke('removeAttr', 'target').click();\ncy.url().should('include', 'rahulshettyacademy');\ncy.go('back');",
              "err": {},
              "uuid": "1daab56e-db48-49b4-8a60-b60c760bc46c",
              "parentUUID": "b5b043e8-6548-486e-81df-a005c7e82c5b",
              "isHook": false,
              "skipped": false
            },
            {
              "title": "Mouse Hover & Force Click",
              "fullTitle": "TestWebControlUI Mouse Hover & Force Click",
              "timedOut": null,
              "duration": 1879,
              "state": "passed",
              "speed": "fast",
              "pass": true,
              "fail": false,
              "pending": false,
              "context": null,
              "code": "cy.visit(Cypress.env('TestWebControlURL'));\nwebControl.getMouseHover().invoke('show');\ncy.contains('Top').click({\n  force: true\n});\ncy.url().should('include', 'top');",
              "err": {},
              "uuid": "c7d26967-1897-4e15-84ba-7f3d5318599c",
              "parentUUID": "b5b043e8-6548-486e-81df-a005c7e82c5b",
              "isHook": false,
              "skipped": false
            },
            {
              "title": "IFrameTest",
              "fullTitle": "TestWebControlUI IFrameTest",
              "timedOut": null,
              "duration": 3699,
              "state": "passed",
              "speed": "fast",
              "pass": true,
              "fail": false,
              "pending": false,
              "context": null,
              "code": "cy.visit(Cypress.env('TestWebControlURL'));\ncy.frameLoaded(\"#courses-iframe\");\ncy.iframe().find(\"a[href*='mentorship']\").eq(0).click(); //cy.iframe().find(\"h1[class*='pricing-title']\").should('have.length',2)",
              "err": {},
              "uuid": "6b5ba752-8a93-4c47-83a3-2873e8ca6552",
              "parentUUID": "b5b043e8-6548-486e-81df-a005c7e82c5b",
              "isHook": false,
              "skipped": false
            }
          ],
          "suites": [],
          "passes": [
            "65f924ed-fea7-4af9-aa93-8781bb99c00d",
            "1daab56e-db48-49b4-8a60-b60c760bc46c",
            "c7d26967-1897-4e15-84ba-7f3d5318599c",
            "6b5ba752-8a93-4c47-83a3-2873e8ca6552"
          ],
          "failures": [],
          "pending": [],
          "skipped": [],
          "duration": 20667,
          "root": false,
          "rootEmpty": false,
          "_timeout": 2000
        }
      ],
      "passes": [],
      "failures": [],
      "pending": [],
      "skipped": [],
      "duration": 0,
      "root": true,
      "rootEmpty": true,
      "_timeout": 2000
    }
  ],
  "meta": {
    "mocha": {
      "version": "7.0.1"
    },
    "mochawesome": {
      "options": {
        "quiet": false,
        "reportFilename": "mochawesome",
        "saveHtml": true,
        "saveJson": true,
        "consoleReporter": "spec",
        "useInlineDiffs": false,
        "code": true
      },
      "version": "7.1.3"
    },
    "marge": {
      "options": {
        "reportDir": "cypress/reports",
        "reportFileName": "report",
        "openReportInBrowser": true,
        "overwrite": false,
        "html": true,
        "json": true,
        "charts": true
      },
      "version": "6.2.0"
    }
  }
}