{
  "stats": {
    "suites": 6,
    "tests": 27,
    "passes": 27,
    "pending": 0,
    "failures": 0,
    "start": "2022-06-20T10:00:20.853Z",
    "end": "2022-06-20T10:05:35.536Z",
    "duration": 146903,
    "testsRegistered": 27,
    "passPercent": 100,
    "pendingPercent": 0,
    "other": 0,
    "hasOther": false,
    "skipped": 0,
    "hasSkipped": false
  },
  "results": [
    {
      "uuid": "999f34b1-cf13-4971-a23c-55aab8404937",
      "title": "",
      "fullFile": "cypress/integration/ApiSecurityTest.js",
      "file": "cypress/integration/ApiSecurityTest.js",
      "beforeHooks": [],
      "afterHooks": [],
      "tests": [],
      "suites": [
        {
          "uuid": "4bc6dc53-a647-4f08-8f0b-b9093e413718",
          "title": "Api Security Test Suite",
          "fullFile": "",
          "file": "",
          "beforeHooks": [],
          "afterHooks": [],
          "tests": [
            {
              "title": "Api Security Test case",
              "fullTitle": "Api Security Test Suite Api Security Test case",
              "timedOut": null,
              "duration": 1490,
              "state": "passed",
              "speed": "fast",
              "pass": true,
              "fail": false,
              "pending": false,
              "context": null,
              "code": "cy.visit(Cypress.env('ApiTestURL'));\ncy.intercept('GET', 'https://rahulshettyacademy.com/Library/GetBook.php?AuthorName=shetty', req => {\n  req.url = \"https://rahulshettyacademy.com/Library/GetBook.php?AuthorName=malhotra\";\n  req.continue(res => {// expect(res.statusCode).to.equal(403)\n  });\n}).as(\"dummyUrl\");\ncy.get(\"button[class='btn btn-primary']\").click();\ncy.wait('@dummyUrl');",
              "err": {},
              "uuid": "9711b2ba-bc52-446d-a7c9-41b7b94bb069",
              "parentUUID": "4bc6dc53-a647-4f08-8f0b-b9093e413718",
              "isHook": false,
              "skipped": false
            }
          ],
          "suites": [],
          "passes": [
            "9711b2ba-bc52-446d-a7c9-41b7b94bb069"
          ],
          "failures": [],
          "pending": [],
          "skipped": [],
          "duration": 1490,
          "root": false,
          "rootEmpty": false,
          "_timeout": 2000
        }
      ],
      "passes": [],
      "failures": [],
      "pending": [],
      "skipped": [],
      "duration": 0,
      "root": true,
      "rootEmpty": true,
      "_timeout": 2000
    },
    {
      "uuid": "a081d1b5-d7ed-4aa1-9053-6059ce7fb090",
      "title": "",
      "fullFile": "cypress/integration/ApiTest.js",
      "file": "cypress/integration/ApiTest.js",
      "beforeHooks": [],
      "afterHooks": [],
      "tests": [],
      "suites": [
        {
          "uuid": "eceb41a4-3745-49c0-8683-3fd25c8adaee",
          "title": "Api Test Suite",
          "fullFile": "",
          "file": "",
          "beforeHooks": [],
          "afterHooks": [],
          "tests": [
            {
              "title": "My Api Test case",
              "fullTitle": "Api Test Suite My Api Test case",
              "timedOut": null,
              "duration": 1335,
              "state": "passed",
              "speed": "fast",
              "pass": true,
              "fail": false,
              "pending": false,
              "context": null,
              "code": "cy.visit(Cypress.env('ApiTestURL'));\ncy.intercept({\n  method: 'GET',\n  url: Cypress.env('RSAPI')\n}, {\n  statusCode: 200,\n  body: [{\n    \"book_name\": \"RestAssured with Java\",\n    \"isbn\": \"RSU\",\n    \"aisle\": \"2301\"\n  }]\n}).as('bookretrievals');\napiTest.primaryButton().click();\ncy.wait('@bookretrievals').should(({\n  request,\n  response\n}) => {\n  cy.get('tr').should('have.length', response.body.length + 1);\n});\ncy.get('p').should('have.text', 'Oops only 1 Book available'); //length of the response array = rows of the table\n//#endregion ApiTest",
              "err": {},
              "uuid": "f6727840-bb08-4c48-8df5-c460e7bf3cff",
              "parentUUID": "eceb41a4-3745-49c0-8683-3fd25c8adaee",
              "isHook": false,
              "skipped": false
            }
          ],
          "suites": [],
          "passes": [
            "f6727840-bb08-4c48-8df5-c460e7bf3cff"
          ],
          "failures": [],
          "pending": [],
          "skipped": [],
          "duration": 1335,
          "root": false,
          "rootEmpty": false,
          "_timeout": 2000
        }
      ],
      "passes": [],
      "failures": [],
      "pending": [],
      "skipped": [],
      "duration": 0,
      "root": true,
      "rootEmpty": true,
      "_timeout": 2000
    },
    {
      "uuid": "ba5e059b-38a7-492a-ac3e-5e9b5a27fe6a",
      "title": "",
      "fullFile": "cypress/integration/CNATTApp.js",
      "file": "cypress/integration/CNATTApp.js",
      "beforeHooks": [],
      "afterHooks": [],
      "tests": [],
      "suites": [
        {
          "uuid": "1c34670c-c9d2-4c3b-8484-23fe19ff84d4",
          "title": "CNATTAppTestSuite",
          "fullFile": "",
          "file": "",
          "beforeHooks": [],
          "afterHooks": [],
          "tests": [
            {
              "title": "Verify User is able to navigate into location page with valid user",
              "fullTitle": "CNATTAppTestSuite Verify User is able to navigate into location page with valid user",
              "timedOut": null,
              "duration": 19580,
              "state": "passed",
              "speed": "slow",
              "pass": true,
              "fail": false,
              "pending": false,
              "context": null,
              "code": "cnatt.getWeatherEvent().click();\ncnatt.getrReschedule().click();\ncnatt.getNextButton().click();\ncy.url().should('include', 'location'); //cy.url().should('eq', 'https://sr-cx-cnatt-ui-dev.nonprod.proproctor.prometric.com/location')",
              "err": {},
              "uuid": "4605ad95-1737-4d4a-8308-abb7dbf0b761",
              "parentUUID": "1c34670c-c9d2-4c3b-8484-23fe19ff84d4",
              "isHook": false,
              "skipped": false
            },
            {
              "title": "Verify User is able to select location from option and navigate into impact dates page",
              "fullTitle": "CNATTAppTestSuite Verify User is able to select location from option and navigate into impact dates page",
              "timedOut": null,
              "duration": 4783,
              "state": "passed",
              "speed": "fast",
              "pass": true,
              "fail": false,
              "pending": false,
              "context": null,
              "code": "cnatt.getLocationTextBox();\ncnatt.getLocationAutoSuggestion().click();\ncnatt.getLocationNextButton().click();\ncy.url().should('include', 'impact-dates'); //cy.url().should('eq', 'https://sr-cx-cnatt-ui-dev.nonprod.proproctor.prometric.com/impact-dates')",
              "err": {},
              "uuid": "ba3bc79b-9b23-4f8c-bf46-9d0c4344b1df",
              "parentUUID": "1c34670c-c9d2-4c3b-8484-23fe19ff84d4",
              "isHook": false,
              "skipped": false
            },
            {
              "title": "Verify after select cancellation & reschedule date range user able to navigate into create-csv page",
              "fullTitle": "CNATTAppTestSuite Verify after select cancellation & reschedule date range user able to navigate into create-csv page",
              "timedOut": null,
              "duration": 464,
              "state": "passed",
              "speed": "fast",
              "pass": true,
              "fail": false,
              "pending": false,
              "context": null,
              "code": "cnatt.getDisplacementCalendarTextBox().click({\n  force: true\n});\ncnatt.getRescheduleStartDate().click({\n  force: true\n});\ncnatt.getRescheduleEndDate().click({\n  force: true\n});\ncnatt.getOutside();\ncnatt.getScrollDown();\ncnatt.getImpactDatesNextButton().click();\ncnatt.getCreateCSVHeader().contains('Prometric-Initiated Displacement Form');",
              "err": {},
              "uuid": "eed3c57a-5fb6-4a17-ac2b-7cc9fb32d478",
              "parentUUID": "1c34670c-c9d2-4c3b-8484-23fe19ff84d4",
              "isHook": false,
              "skipped": false
            },
            {
              "title": "Verify after select proper option on create csv page user is able to navigate into csv preview page",
              "fullTitle": "CNATTAppTestSuite Verify after select proper option on create csv page user is able to navigate into csv preview page",
              "timedOut": null,
              "duration": 1746,
              "state": "passed",
              "speed": "fast",
              "pass": true,
              "fail": false,
              "pending": false,
              "context": null,
              "code": "cnatt.getScrollDown();\ncnatt.getCreateCSVNextButton().click();\ncnatt.getCSVPreviewHeader().contains('Please review CSV: ');",
              "err": {},
              "uuid": "49bc4436-ed7c-4332-aefd-e479c5a42048",
              "parentUUID": "1c34670c-c9d2-4c3b-8484-23fe19ff84d4",
              "isHook": false,
              "skipped": false
            },
            {
              "title": "Verify User is able to navigate into Download csv page",
              "fullTitle": "CNATTAppTestSuite Verify User is able to navigate into Download csv page",
              "timedOut": null,
              "duration": 478,
              "state": "passed",
              "speed": "fast",
              "pass": true,
              "fail": false,
              "pending": false,
              "context": null,
              "code": "cnatt.getScrollDown();\ncnatt.getCSVPreviewNextButton().click();\ncnatt.getDownloadCSVHeader().contains('Your .csv file is ready to download');",
              "err": {},
              "uuid": "fcb8045a-e14b-44c3-a279-c13e1e259d70",
              "parentUUID": "1c34670c-c9d2-4c3b-8484-23fe19ff84d4",
              "isHook": false,
              "skipped": false
            },
            {
              "title": "Verify file is downloaded successfully",
              "fullTitle": "CNATTAppTestSuite Verify file is downloaded successfully",
              "timedOut": null,
              "duration": 111,
              "state": "passed",
              "speed": "fast",
              "pass": true,
              "fail": false,
              "pending": false,
              "context": null,
              "code": "cnatt.getScrollDown();\ncnatt.getDownloadCSVButton().click();\ncy.readFile(Cypress.config(\"fileServerFolder\") + \"/cypress/downloads/06.28.2022_Boston, MA_weather_reschedule.csv\");",
              "err": {},
              "uuid": "694bf660-cf08-4019-9063-ac0dd0b681ec",
              "parentUUID": "1c34670c-c9d2-4c3b-8484-23fe19ff84d4",
              "isHook": false,
              "skipped": false
            }
          ],
          "suites": [],
          "passes": [
            "4605ad95-1737-4d4a-8308-abb7dbf0b761",
            "ba3bc79b-9b23-4f8c-bf46-9d0c4344b1df",
            "eed3c57a-5fb6-4a17-ac2b-7cc9fb32d478",
            "49bc4436-ed7c-4332-aefd-e479c5a42048",
            "fcb8045a-e14b-44c3-a279-c13e1e259d70",
            "694bf660-cf08-4019-9063-ac0dd0b681ec"
          ],
          "failures": [],
          "pending": [],
          "skipped": [],
          "duration": 27162,
          "root": false,
          "rootEmpty": false,
          "_timeout": 2000
        }
      ],
      "passes": [],
      "failures": [],
      "pending": [],
      "skipped": [],
      "duration": 0,
      "root": true,
      "rootEmpty": true,
      "_timeout": 2000
    },
    {
      "uuid": "ae5a2467-6f87-49c6-9c93-92d048525627",
      "title": "",
      "fullFile": "cypress/integration/PrometricTest.js",
      "file": "cypress/integration/PrometricTest.js",
      "beforeHooks": [],
      "afterHooks": [],
      "tests": [],
      "suites": [
        {
          "uuid": "a239887c-7a61-493e-959d-124f9851d30f",
          "title": "PrometricTestSuite",
          "fullFile": "",
          "file": "",
          "beforeHooks": [],
          "afterHooks": [],
          "tests": [
            {
              "title": "Verify Title Of the Page!",
              "fullTitle": "PrometricTestSuite Verify Title Of the Page!",
              "timedOut": null,
              "duration": 4123,
              "state": "passed",
              "speed": "fast",
              "pass": true,
              "fail": false,
              "pending": false,
              "context": null,
              "code": "cy.visit(Cypress.env('Prometricurl'));\ncy.title().should('eq', 'React App');",
              "err": {},
              "uuid": "dca243f7-7a69-4f02-b23c-7168742a3527",
              "parentUUID": "a239887c-7a61-493e-959d-124f9851d30f",
              "isHook": false,
              "skipped": false
            },
            {
              "title": "Verify Upon inserting valid url user navigate into welcome page",
              "fullTitle": "PrometricTestSuite Verify Upon inserting valid url user navigate into welcome page",
              "timedOut": null,
              "duration": 371,
              "state": "passed",
              "speed": "fast",
              "pass": true,
              "fail": false,
              "pending": false,
              "context": null,
              "code": "cy.visit(Cypress.env('Prometricurl'));\ncy.url().should('include', 'proproctor'); //cy.url().should('eq', 'https://sr-cx-registration-scheduling-ui-bil.nonprod.proproctor.prometric.com/')",
              "err": {},
              "uuid": "ffef8e2b-d387-411e-9be0-5cf2d9f1151a",
              "parentUUID": "a239887c-7a61-493e-959d-124f9851d30f",
              "isHook": false,
              "skipped": false
            },
            {
              "title": "Verify welcome text on the page",
              "fullTitle": "PrometricTestSuite Verify welcome text on the page",
              "timedOut": null,
              "duration": 374,
              "state": "passed",
              "speed": "fast",
              "pass": true,
              "fail": false,
              "pending": false,
              "context": null,
              "code": "cy.visit(Cypress.env('Prometricurl'));\nprometric.getwelcomeText().contains('Welcome to Prometric’s secure portal.');",
              "err": {},
              "uuid": "7f66fb0d-a3b5-419e-bf46-ad6e6831cf72",
              "parentUUID": "a239887c-7a61-493e-959d-124f9851d30f",
              "isHook": false,
              "skipped": false
            },
            {
              "title": "Verify proper URL is display upon navigate into another page",
              "fullTitle": "PrometricTestSuite Verify proper URL is display upon navigate into another page",
              "timedOut": null,
              "duration": 474,
              "state": "passed",
              "speed": "fast",
              "pass": true,
              "fail": false,
              "pending": false,
              "context": null,
              "code": "cy.visit(Cypress.env('Prometricurl'));\nprometric.getStartedButton().click();\ncy.url().should('include', 'getstarted'); //cy.url().should('eq', 'https://sr-cx-registration-scheduling-ui-bil.nonprod.proproctor.prometric.com/getstarted')",
              "err": {},
              "uuid": "a543f9a3-9de1-4f8e-b886-db6cc37e1ccc",
              "parentUUID": "a239887c-7a61-493e-959d-124f9851d30f",
              "isHook": false,
              "skipped": false
            },
            {
              "title": "Verify English is display as language option on welcome page",
              "fullTitle": "PrometricTestSuite Verify English is display as language option on welcome page",
              "timedOut": null,
              "duration": 476,
              "state": "passed",
              "speed": "fast",
              "pass": true,
              "fail": false,
              "pending": false,
              "context": null,
              "code": "cy.visit(Cypress.env('Prometricurl'));\nprometric.getLanguageDropDown().click();\nprometric.getLanguageDropDownBox().should('have.text', 'English');",
              "err": {},
              "uuid": "8f885e23-a5fd-4255-9203-ba04260828de",
              "parentUUID": "a239887c-7a61-493e-959d-124f9851d30f",
              "isHook": false,
              "skipped": false
            },
            {
              "title": "Verify Upon inserting valid url user navigate into verify page",
              "fullTitle": "PrometricTestSuite Verify Upon inserting valid url user navigate into verify page",
              "timedOut": null,
              "duration": 778,
              "state": "passed",
              "speed": "fast",
              "pass": true,
              "fail": false,
              "pending": false,
              "context": null,
              "code": "const prometric = new _PrometricTest.default();\ncy.visit(Cypress.env('PrometricVerifyurl'));\ncy.url().should('include', 'verify'); //cy.url().should('eq', 'https://sr-cx-registration-scheduling-ui-bil.nonprod.proproctor.prometric.com/verify')",
              "err": {},
              "uuid": "53c8a048-bb4e-4106-8e4e-3f0a5012b82d",
              "parentUUID": "a239887c-7a61-493e-959d-124f9851d30f",
              "isHook": false,
              "skipped": false
            },
            {
              "title": "Verify welcome text on the page",
              "fullTitle": "PrometricTestSuite Verify welcome text on the page",
              "timedOut": null,
              "duration": 379,
              "state": "passed",
              "speed": "fast",
              "pass": true,
              "fail": false,
              "pending": false,
              "context": null,
              "code": "const prometric = new _PrometricTest.default();\ncy.visit(Cypress.env('PrometricVerifyurl'));\nprometric.getVerifyWelcomeText().contains('Your full name must match what is on your government-issued ID.​');",
              "err": {},
              "uuid": "468e7eed-7147-4b82-896a-ab3fbd5ab20b",
              "parentUUID": "a239887c-7a61-493e-959d-124f9851d30f",
              "isHook": false,
              "skipped": false
            },
            {
              "title": "Verify user check on check-box of I verify that this information matches my ID then navigate into mock page",
              "fullTitle": "PrometricTestSuite Verify user check on check-box of I verify that this information matches my ID then navigate into mock page",
              "timedOut": null,
              "duration": 4589,
              "state": "passed",
              "speed": "fast",
              "pass": true,
              "fail": false,
              "pending": false,
              "context": null,
              "code": "const prometric = new _PrometricTest.default();\ncy.visit(Cypress.env('PrometricVerifyurl'));\nprometric.getVerifyIdCheckbox().click();\ncy.wait(4000);\nprometric.getEnabledButton().click();\ncy.url().should('include', 'reserve-exam'); //cy.url().should('eq', 'https://sr-cx-registration-scheduling-ui-bil.nonprod.proproctor.prometric.com/reserve-exam')",
              "err": {},
              "uuid": "a6659b77-04ed-441d-8aec-dd8832856d51",
              "parentUUID": "a239887c-7a61-493e-959d-124f9851d30f",
              "isHook": false,
              "skipped": false
            },
            {
              "title": "Verify user redirect into proper page when click on Make a Change Link",
              "fullTitle": "PrometricTestSuite Verify user redirect into proper page when click on Make a Change Link",
              "timedOut": null,
              "duration": 589,
              "state": "passed",
              "speed": "fast",
              "pass": true,
              "fail": false,
              "pending": false,
              "context": null,
              "code": "const prometric = new _PrometricTest.default();\ncy.visit(Cypress.env('PrometricVerifyurl'));\nprometric.getMakeAChangeLink().click();\nprometric.getModalHeader().contains('Please contact your test sponsor to update your personal information.');",
              "err": {},
              "uuid": "fee6e8f0-5b7c-4cb4-baae-3d0858376055",
              "parentUUID": "a239887c-7a61-493e-959d-124f9851d30f",
              "isHook": false,
              "skipped": false
            },
            {
              "title": "Verify English is display as language option on verify page",
              "fullTitle": "PrometricTestSuite Verify English is display as language option on verify page",
              "timedOut": null,
              "duration": 1013,
              "state": "passed",
              "speed": "fast",
              "pass": true,
              "fail": false,
              "pending": false,
              "context": null,
              "code": "cy.visit(Cypress.env('Prometricurl'));\nprometric.getLanguageDropDown().click();\nprometric.getLanguageDropDownBox().should('have.text', 'English');",
              "err": {},
              "uuid": "f61d7860-7b57-46d3-a11d-5818111fb19f",
              "parentUUID": "a239887c-7a61-493e-959d-124f9851d30f",
              "isHook": false,
              "skipped": false
            }
          ],
          "suites": [],
          "passes": [
            "dca243f7-7a69-4f02-b23c-7168742a3527",
            "ffef8e2b-d387-411e-9be0-5cf2d9f1151a",
            "7f66fb0d-a3b5-419e-bf46-ad6e6831cf72",
            "a543f9a3-9de1-4f8e-b886-db6cc37e1ccc",
            "8f885e23-a5fd-4255-9203-ba04260828de",
            "53c8a048-bb4e-4106-8e4e-3f0a5012b82d",
            "468e7eed-7147-4b82-896a-ab3fbd5ab20b",
            "a6659b77-04ed-441d-8aec-dd8832856d51",
            "fee6e8f0-5b7c-4cb4-baae-3d0858376055",
            "f61d7860-7b57-46d3-a11d-5818111fb19f"
          ],
          "failures": [],
          "pending": [],
          "skipped": [],
          "duration": 13166,
          "root": false,
          "rootEmpty": false,
          "_timeout": 2000
        }
      ],
      "passes": [],
      "failures": [],
      "pending": [],
      "skipped": [],
      "duration": 0,
      "root": true,
      "rootEmpty": true,
      "_timeout": 2000
    },
    {
      "uuid": "166308c6-93d8-45d0-9043-32933edb15f9",
      "title": "",
      "fullFile": "cypress/integration/TestFramework.js",
      "file": "cypress/integration/TestFramework.js",
      "beforeHooks": [],
      "afterHooks": [],
      "tests": [],
      "suites": [
        {
          "uuid": "b9067967-b942-419d-8831-44f9ae9867de",
          "title": "TestFrameworkTestSuite",
          "fullFile": "",
          "file": "",
          "beforeHooks": [],
          "afterHooks": [],
          "tests": [
            {
              "title": "Verify user is able to redirect into site",
              "fullTitle": "TestFrameworkTestSuite Verify user is able to redirect into site",
              "timedOut": null,
              "duration": 2035,
              "state": "passed",
              "speed": "fast",
              "pass": true,
              "fail": false,
              "pending": false,
              "context": null,
              "code": "cy.url().should('eq', 'https://rahulshettyacademy.com/angularpractice/');",
              "err": {},
              "uuid": "1d38fe16-ae46-4d9a-a6e5-2e980f99f896",
              "parentUUID": "b9067967-b942-419d-8831-44f9ae9867de",
              "isHook": false,
              "skipped": false
            },
            {
              "title": "Verify user is able to submit the form",
              "fullTitle": "TestFrameworkTestSuite Verify user is able to submit the form",
              "timedOut": null,
              "duration": 896,
              "state": "passed",
              "speed": "fast",
              "pass": true,
              "fail": false,
              "pending": false,
              "context": null,
              "code": "homePage.getEditBox().type(this.data.name);\nhomePage.getGender().select(this.data.gender);\nhomePage.getTwoWayDataBinding().should('have.value', this.data.name);\nhomePage.getEntrepreneaur().should('be.disabled');\nCypress.config('defaultCommandTimeout', 8000);\nhomePage.getSubmitButton().click();\nhomePage.getSubmitFormMessage().contains('Success! The Form has been submitted successfully!.');",
              "err": {},
              "uuid": "5fdab599-d17d-45a9-9659-e0a77e3f18e7",
              "parentUUID": "b9067967-b942-419d-8831-44f9ae9867de",
              "isHook": false,
              "skipped": false
            },
            {
              "title": "Verify user is able to redirect into shopping tab",
              "fullTitle": "TestFrameworkTestSuite Verify user is able to redirect into shopping tab",
              "timedOut": null,
              "duration": 35287,
              "state": "passed",
              "speed": "slow",
              "pass": true,
              "fail": false,
              "pending": false,
              "context": null,
              "code": "homePage.getShopTab().click();\ncy.url().should('include', 'shop'); //cy.url().should('eq', 'https://rahulshettyacademy.com/angularpractice/shop')",
              "err": {},
              "uuid": "296893db-48a4-4528-b01c-cbc09e5a7215",
              "parentUUID": "b9067967-b942-419d-8831-44f9ae9867de",
              "isHook": false,
              "skipped": false
            },
            {
              "title": "Verify user is able to navigate into check-out page successfully",
              "fullTitle": "TestFrameworkTestSuite Verify user is able to navigate into check-out page successfully",
              "timedOut": null,
              "duration": 18936,
              "state": "passed",
              "speed": "slow",
              "pass": true,
              "fail": false,
              "pending": false,
              "context": null,
              "code": "homePage.getShopTab().click();\nhomePage.getAddToCart1().click();\nhomePage.getAddToCart2().click();\nhomePage.getCheckout().click();",
              "err": {},
              "uuid": "db51f8e7-22bd-417a-a9f8-034f4b902eaa",
              "parentUUID": "b9067967-b942-419d-8831-44f9ae9867de",
              "isHook": false,
              "skipped": false
            },
            {
              "title": "Verify user is able to place order successfully",
              "fullTitle": "TestFrameworkTestSuite Verify user is able to place order successfully",
              "timedOut": null,
              "duration": 11067,
              "state": "passed",
              "speed": "slow",
              "pass": true,
              "fail": false,
              "pending": false,
              "context": null,
              "code": "homePage.getShopTab().click();\nhomePage.getAddToCart1().click();\nhomePage.getAddToCart2().click();\nhomePage.getCheckout().click();\nhomePage.getCheckoutButton().click();\nhomePage.getCountryTextBox().type('India');\nhomePage.getSuggestionOption().click();\nhomePage.getAgreeCheckBox().click();\nhomePage.getPurchasedButton().click();\nhomePage.getOrderSuccessfullMessage().contains('Success! Thank you! Your order will be delivered in next few weeks :-).');",
              "err": {},
              "uuid": "da5df34b-6ee0-4414-a7c6-ef3615ef71e1",
              "parentUUID": "b9067967-b942-419d-8831-44f9ae9867de",
              "isHook": false,
              "skipped": false
            }
          ],
          "suites": [],
          "passes": [
            "1d38fe16-ae46-4d9a-a6e5-2e980f99f896",
            "5fdab599-d17d-45a9-9659-e0a77e3f18e7",
            "296893db-48a4-4528-b01c-cbc09e5a7215",
            "db51f8e7-22bd-417a-a9f8-034f4b902eaa",
            "da5df34b-6ee0-4414-a7c6-ef3615ef71e1"
          ],
          "failures": [],
          "pending": [],
          "skipped": [],
          "duration": 68221,
          "root": false,
          "rootEmpty": false,
          "_timeout": 2000
        }
      ],
      "passes": [],
      "failures": [],
      "pending": [],
      "skipped": [],
      "duration": 0,
      "root": true,
      "rootEmpty": true,
      "_timeout": 2000
    },
    {
      "uuid": "9cc470b0-44b4-44c9-a385-3284e218a911",
      "title": "",
      "fullFile": "cypress/integration/TestWebControlUI.js",
      "file": "cypress/integration/TestWebControlUI.js",
      "beforeHooks": [],
      "afterHooks": [],
      "tests": [],
      "suites": [
        {
          "uuid": "ffe81302-f33d-4e87-a540-a36b9c44941e",
          "title": "TestWebControlUI",
          "fullFile": "",
          "file": "",
          "beforeHooks": [],
          "afterHooks": [],
          "tests": [
            {
              "title": "Handling Web Control UI",
              "fullTitle": "TestWebControlUI Handling Web Control UI",
              "timedOut": null,
              "duration": 13456,
              "state": "passed",
              "speed": "slow",
              "pass": true,
              "fail": false,
              "pending": false,
              "context": null,
              "code": "//Check boxes\ncy.visit(Cypress.env('TestWebControlURL'));\nwebControl.getcheckBoxOption1().check().should('be.checked').and('have.value', 'option1');\nwebControl.getcheckBoxOption1().uncheck().should('not.be.checked');\nwebControl.getcheckBox().check(['option2', 'option3']); //Static Dropdown\nwebControl.getcheckBoxOption2().should('have.value', 'option2'); //Dynamic dropdowns\nwebControl.getAutoComplete().type('ind');\ncy.get('.ui-menu-item div').each(($e1, index, $list) => {\n  if ($e1.text() === \"India\") {\n    $e1.click();\n  }\n}); //autocomplete\nwebControl.getAutoComplete().should('have.value', 'India'); //visible invisible\nwebControl.getDisplayedTextBox().should('be.visible');\nwebControl.getHideTextBox().click();\nwebControl.getDisplayedTextBox().should('not.be.visible');\nwebControl.getshowTextBox().click();\nwebControl.getDisplayedTextBox().should('be.visible'); //radio buttons\nwebControl.getRadioButton().check().should('be.checked');",
              "err": {},
              "uuid": "00f84b1e-c4bd-490a-8cae-1928716f0eab",
              "parentUUID": "ffe81302-f33d-4e87-a540-a36b9c44941e",
              "isHook": false,
              "skipped": false
            },
            {
              "title": "Hadnling Alert & Child Tab",
              "fullTitle": "TestWebControlUI Hadnling Alert & Child Tab",
              "timedOut": null,
              "duration": 13475,
              "state": "passed",
              "speed": "slow",
              "pass": true,
              "fail": false,
              "pending": false,
              "context": null,
              "code": "//Check boxes\ncy.visit(Cypress.env('TestWebControlURL'));\nwebControl.getAlertButton().click();\nwebControl.getConfirmButton().click();\ncy.on('window:alert', str => {\n  //Mocha\n  expect(str).to.equal('Hello , share this practice page and share your knowledge');\n});\ncy.on('window:confirm', str => {\n  //Mocha\n  expect(str).to.equal('Hello , Are you sure you want to confirm?');\n});\nwebControl.getOpenTab().invoke('removeAttr', 'target').click();\ncy.url().should('include', 'rahulshettyacademy');\ncy.go('back');",
              "err": {},
              "uuid": "ba27c3df-7c4b-4e2e-b0fa-435c999584ec",
              "parentUUID": "ffe81302-f33d-4e87-a540-a36b9c44941e",
              "isHook": false,
              "skipped": false
            },
            {
              "title": "Mouse Hover & Force Click",
              "fullTitle": "TestWebControlUI Mouse Hover & Force Click",
              "timedOut": null,
              "duration": 4022,
              "state": "passed",
              "speed": "fast",
              "pass": true,
              "fail": false,
              "pending": false,
              "context": null,
              "code": "cy.visit(Cypress.env('TestWebControlURL'));\nwebControl.getMouseHover().invoke('show');\ncy.contains('Top').click({\n  force: true\n});\ncy.url().should('include', 'top');",
              "err": {},
              "uuid": "541ce5c1-18a9-4507-a7a2-1184a52164e6",
              "parentUUID": "ffe81302-f33d-4e87-a540-a36b9c44941e",
              "isHook": false,
              "skipped": false
            },
            {
              "title": "IFrameTest",
              "fullTitle": "TestWebControlUI IFrameTest",
              "timedOut": null,
              "duration": 4576,
              "state": "passed",
              "speed": "fast",
              "pass": true,
              "fail": false,
              "pending": false,
              "context": null,
              "code": "cy.visit(Cypress.env('TestWebControlURL'));\ncy.frameLoaded(\"#courses-iframe\");\ncy.iframe().find(\"a[href*='mentorship']\").eq(0).click(); //cy.iframe().find(\"h1[class*='pricing-title']\").should('have.length',2)",
              "err": {},
              "uuid": "b948639d-25e9-4036-a54f-c879025a7352",
              "parentUUID": "ffe81302-f33d-4e87-a540-a36b9c44941e",
              "isHook": false,
              "skipped": false
            }
          ],
          "suites": [],
          "passes": [
            "00f84b1e-c4bd-490a-8cae-1928716f0eab",
            "ba27c3df-7c4b-4e2e-b0fa-435c999584ec",
            "541ce5c1-18a9-4507-a7a2-1184a52164e6",
            "b948639d-25e9-4036-a54f-c879025a7352"
          ],
          "failures": [],
          "pending": [],
          "skipped": [],
          "duration": 35529,
          "root": false,
          "rootEmpty": false,
          "_timeout": 2000
        }
      ],
      "passes": [],
      "failures": [],
      "pending": [],
      "skipped": [],
      "duration": 0,
      "root": true,
      "rootEmpty": true,
      "_timeout": 2000
    }
  ],
  "meta": {
    "mocha": {
      "version": "7.0.1"
    },
    "mochawesome": {
      "options": {
        "quiet": false,
        "reportFilename": "mochawesome",
        "saveHtml": true,
        "saveJson": true,
        "consoleReporter": "spec",
        "useInlineDiffs": false,
        "code": true
      },
      "version": "7.1.3"
    },
    "marge": {
      "options": {
        "reportDir": "cypress/reports",
        "reportFileName": "report",
        "overwrite": false,
        "html": true,
        "json": true,
        "charts": true,
        "reportPageTitle": "My Test Suite",
        "embeddedScreenshots": true
      },
      "version": "6.2.0"
    }
  }
}